[ 2019-03-05T15:27:42+08:00 ] ::1 /mall/Home/Controller/index
INFO: [ app_init ] --START--
INFO: Run Behavior\BuildLiteBehavior [ RunTime:0.000017s ]
INFO: [ app_init ] --END-- [ RunTime:0.012608s ]
INFO: [ app_begin ] --START--
INFO: Run Behavior\ReadHtmlCacheBehavior [ RunTime:0.000746s ]
INFO: [ app_begin ] --END-- [ RunTime:0.000820s ]
ERR: 无法加载控制器:Controller

[ 2019-03-05T15:28:13+08:00 ] ::1 /mall/Home/Controller/index
INFO: [ app_init ] --START--
INFO: Run Behavior\BuildLiteBehavior [ RunTime:0.000015s ]
INFO: [ app_init ] --END-- [ RunTime:0.000436s ]
INFO: [ app_begin ] --START--
INFO: Run Behavior\ReadHtmlCacheBehavior [ RunTime:0.000696s ]
INFO: [ app_begin ] --END-- [ RunTime:0.000760s ]
ERR: 无法加载控制器:Controller

[ 2019-03-05T15:28:20+08:00 ] ::1 /mall/Home/Controller/index
INFO: [ app_init ] --START--
INFO: Run Behavior\BuildLiteBehavior [ RunTime:0.000015s ]
INFO: [ app_init ] --END-- [ RunTime:0.000467s ]
INFO: [ app_begin ] --START--
INFO: Run Behavior\ReadHtmlCacheBehavior [ RunTime:0.000621s ]
INFO: [ app_begin ] --END-- [ RunTime:0.000683s ]
ERR: 无法加载控制器:Controller

[ 2019-03-05T15:28:27+08:00 ] ::1 /mall/Home/Controller/index
INFO: [ app_init ] --START--
INFO: Run Behavior\BuildLiteBehavior [ RunTime:0.000016s ]
INFO: [ app_init ] --END-- [ RunTime:0.000461s ]
INFO: [ app_begin ] --START--
INFO: Run Behavior\ReadHtmlCacheBehavior [ RunTime:0.000597s ]
INFO: [ app_begin ] --END-- [ RunTime:0.000660s ]
ERR: 无法加载控制器:Controller

[ 2019-03-05T15:37:41+08:00 ] ::1 /mall/Home/index.html
INFO: [ app_init ] --START--
INFO: Run Behavior\BuildLiteBehavior [ RunTime:0.000022s ]
INFO: [ app_init ] --END-- [ RunTime:0.000502s ]
INFO: [ app_begin ] --START--
INFO: Run Behavior\ReadHtmlCacheBehavior [ RunTime:0.000858s ]
INFO: [ app_begin ] --END-- [ RunTime:0.000940s ]

[ 2019-03-05T15:37:41+08:00 ] ::1 /mall/index.php/Home/Login/showlogin.html
INFO: [ app_init ] --START--
INFO: Run Behavior\BuildLiteBehavior [ RunTime:0.000014s ]
INFO: [ app_init ] --END-- [ RunTime:0.000457s ]
INFO: [ app_begin ] --START--
INFO: Run Behavior\ReadHtmlCacheBehavior [ RunTime:0.000659s ]
INFO: [ app_begin ] --END-- [ RunTime:0.000718s ]
INFO: [ view_parse ] --START--
INFO: [ template_filter ] --START--
INFO: Run Behavior\ContentReplaceBehavior [ RunTime:0.000162s ]
INFO: [ template_filter ] --END-- [ RunTime:0.000394s ]
INFO: Run Behavior\ParseTemplateBehavior [ RunTime:0.007458s ]
INFO: [ view_parse ] --END-- [ RunTime:0.007559s ]
INFO: [ view_filter ] --START--
INFO: Run Behavior\WriteHtmlCacheBehavior [ RunTime:0.000751s ]
INFO: [ view_filter ] --END-- [ RunTime:0.000817s ]
INFO: [ app_end ] --START--
INFO: Run Behavior\ShowPageTraceBehavior [ RunTime:0.000733s ]
INFO: [ app_end ] --END-- [ RunTime:0.000786s ]

[ 2019-03-05T15:37:41+08:00 ] ::1 /mall/index.php/Home/Login/verify_c.html
INFO: [ app_init ] --START--
INFO: Run Behavior\BuildLiteBehavior [ RunTime:0.000013s ]
INFO: [ app_init ] --END-- [ RunTime:0.000409s ]
INFO: [ app_begin ] --START--
INFO: Run Behavior\ReadHtmlCacheBehavior [ RunTime:0.000569s ]
INFO: [ app_begin ] --END-- [ RunTime:0.000627s ]
INFO: [ app_end ] --START--
INFO: Run Behavior\ShowPageTraceBehavior [ RunTime:0.000933s ]
INFO: [ app_end ] --END-- [ RunTime:0.001047s ]

[ 2019-03-05T15:37:47+08:00 ] ::1 /mall/index.php/Home/Login/verify_c.html
INFO: [ app_init ] --START--
INFO: Run Behavior\BuildLiteBehavior [ RunTime:0.000019s ]
INFO: [ app_init ] --END-- [ RunTime:0.000398s ]
INFO: [ app_begin ] --START--
INFO: Run Behavior\ReadHtmlCacheBehavior [ RunTime:0.000577s ]
INFO: [ app_begin ] --END-- [ RunTime:0.000635s ]
INFO: [ app_end ] --START--
INFO: Run Behavior\ShowPageTraceBehavior [ RunTime:0.000657s ]
INFO: [ app_end ] --END-- [ RunTime:0.000723s ]

[ 2019-03-05T15:38:06+08:00 ] ::1 /mall/index.php/Home/Login/
INFO: [ app_init ] --START--
INFO: Run Behavior\BuildLiteBehavior [ RunTime:0.000016s ]
INFO: [ app_init ] --END-- [ RunTime:0.000421s ]
INFO: [ app_begin ] --START--
INFO: Run Behavior\ReadHtmlCacheBehavior [ RunTime:0.000572s ]
INFO: [ app_begin ] --END-- [ RunTime:0.000633s ]
ERR: 非法操作:index

[ 2019-03-05T15:38:08+08:00 ] ::1 /mall/index.php/Home/Login/queryname?uname=root
INFO: [ app_init ] --START--
INFO: Run Behavior\BuildLiteBehavior [ RunTime:0.000013s ]
INFO: [ app_init ] --END-- [ RunTime:0.000404s ]
INFO: [ app_begin ] --START--
INFO: Run Behavior\ReadHtmlCacheBehavior [ RunTime:0.000594s ]
INFO: [ app_begin ] --END-- [ RunTime:0.000660s ]
ERR: SQLSTATE[42000] [1049] Unknown database 'mall'

[ 2019-03-05T15:38:08+08:00 ] ::1 /mall/index.php/Home/Login/login
INFO: [ app_init ] --START--
INFO: Run Behavior\BuildLiteBehavior [ RunTime:0.000023s ]
INFO: [ app_init ] --END-- [ RunTime:0.000749s ]
INFO: [ app_begin ] --START--
INFO: Run Behavior\ReadHtmlCacheBehavior [ RunTime:0.001460s ]
INFO: [ app_begin ] --END-- [ RunTime:0.001625s ]
INFO: [ view_parse ] --START--
INFO: [ template_filter ] --START--
INFO: Run Behavior\ContentReplaceBehavior [ RunTime:0.000043s ]
INFO: [ template_filter ] --END-- [ RunTime:0.000106s ]
INFO: Run Behavior\ParseTemplateBehavior [ RunTime:0.005920s ]
INFO: [ view_parse ] --END-- [ RunTime:0.006006s ]
INFO: [ view_filter ] --START--
INFO: Run Behavior\WriteHtmlCacheBehavior [ RunTime:0.000718s ]
INFO: [ view_filter ] --END-- [ RunTime:0.000783s ]

[ 2019-03-05T15:38:11+08:00 ] ::1 /mall/index.php/Home/Login/queryname?uname=root
INFO: [ app_init ] --START--
INFO: Run Behavior\BuildLiteBehavior [ RunTime:0.000025s ]
INFO: [ app_init ] --END-- [ RunTime:0.001060s ]
INFO: [ app_begin ] --START--
INFO: Run Behavior\ReadHtmlCacheBehavior [ RunTime:0.000684s ]
INFO: [ app_begin ] --END-- [ RunTime:0.000753s ]
ERR: SQLSTATE[42000] [1049] Unknown database 'mall'

[ 2019-03-05T15:38:47+08:00 ] ::1 /mall/index.php/Home/Login/login
INFO: [ app_init ] --START--
INFO: Run Behavior\BuildLiteBehavior [ RunTime:0.000013s ]
INFO: [ app_init ] --END-- [ RunTime:0.000407s ]
INFO: [ app_begin ] --START--
INFO: Run Behavior\ReadHtmlCacheBehavior [ RunTime:0.000564s ]
INFO: [ app_begin ] --END-- [ RunTime:0.000624s ]
INFO: [ view_parse ] --START--
INFO: [ template_filter ] --START--
INFO: Run Behavior\ContentReplaceBehavior [ RunTime:0.000040s ]
INFO: [ template_filter ] --END-- [ RunTime:0.000109s ]
INFO: Run Behavior\ParseTemplateBehavior [ RunTime:0.005793s ]
INFO: [ view_parse ] --END-- [ RunTime:0.005861s ]
INFO: [ view_filter ] --START--
INFO: Run Behavior\WriteHtmlCacheBehavior [ RunTime:0.000567s ]
INFO: [ view_filter ] --END-- [ RunTime:0.000625s ]

[ 2019-03-05T15:38:50+08:00 ] ::1 /mall/index.php/Home/Login/queryname?uname=root
INFO: [ app_init ] --START--
INFO: Run Behavior\BuildLiteBehavior [ RunTime:0.000015s ]
INFO: [ app_init ] --END-- [ RunTime:0.000404s ]
INFO: [ app_begin ] --START--
INFO: Run Behavior\ReadHtmlCacheBehavior [ RunTime:0.000561s ]
INFO: [ app_begin ] --END-- [ RunTime:0.000634s ]
ERR: SQLSTATE[42000] [1049] Unknown database 'mall'

[ 2019-03-05T15:38:50+08:00 ] ::1 /mall/index.php/Home/Login/verify_c.html?0.7085336617159033
INFO: [ app_init ] --START--
INFO: Run Behavior\BuildLiteBehavior [ RunTime:0.000020s ]
INFO: [ app_init ] --END-- [ RunTime:0.000651s ]
INFO: [ app_begin ] --START--
INFO: Run Behavior\ReadHtmlCacheBehavior [ RunTime:0.000935s ]
INFO: [ app_begin ] --END-- [ RunTime:0.001025s ]
INFO: [ app_end ] --START--
INFO: Run Behavior\ShowPageTraceBehavior [ RunTime:0.002293s ]
INFO: [ app_end ] --END-- [ RunTime:0.002539s ]

[ 2019-03-05T15:38:55+08:00 ] ::1 /mall/index.php/Home/Login/login
INFO: [ app_init ] --START--
INFO: Run Behavior\BuildLiteBehavior [ RunTime:0.000015s ]
INFO: [ app_init ] --END-- [ RunTime:0.000414s ]
INFO: [ app_begin ] --START--
INFO: Run Behavior\ReadHtmlCacheBehavior [ RunTime:0.000576s ]
INFO: [ app_begin ] --END-- [ RunTime:0.000636s ]
ERR: SQLSTATE[42000] [1049] Unknown database 'mall'

[ 2019-03-05T15:38:58+08:00 ] ::1 /mall/index.php/Home/Login/verify_c.html
INFO: [ app_init ] --START--
INFO: Run Behavior\BuildLiteBehavior [ RunTime:0.000023s ]
INFO: [ app_init ] --END-- [ RunTime:0.000673s ]
INFO: [ app_begin ] --START--
INFO: Run Behavior\ReadHtmlCacheBehavior [ RunTime:0.000912s ]
INFO: [ app_begin ] --END-- [ RunTime:0.001020s ]
INFO: [ app_end ] --START--
INFO: Run Behavior\ShowPageTraceBehavior [ RunTime:0.000716s ]
INFO: [ app_end ] --END-- [ RunTime:0.000793s ]

[ 2019-03-05T15:39:00+08:00 ] ::1 /mall/index.php/Home/Login/queryname?uname=root
INFO: [ app_init ] --START--
INFO: Run Behavior\BuildLiteBehavior [ RunTime:0.000024s ]
INFO: [ app_init ] --END-- [ RunTime:0.000578s ]
INFO: [ app_begin ] --START--
INFO: Run Behavior\ReadHtmlCacheBehavior [ RunTime:0.000615s ]
INFO: [ app_begin ] --END-- [ RunTime:0.000678s ]
ERR: SQLSTATE[42000] [1049] Unknown database 'mall'

[ 2019-03-05T15:39:01+08:00 ] ::1 /mall/index.php/Home/Login/verify_c.html
INFO: [ app_init ] --START--
INFO: Run Behavior\BuildLiteBehavior [ RunTime:0.000014s ]
INFO: [ app_init ] --END-- [ RunTime:0.000439s ]
INFO: [ app_begin ] --START--
INFO: Run Behavior\ReadHtmlCacheBehavior [ RunTime:0.000638s ]
INFO: [ app_begin ] --END-- [ RunTime:0.000705s ]
INFO: [ app_end ] --START--
INFO: Run Behavior\ShowPageTraceBehavior [ RunTime:0.000703s ]
INFO: [ app_end ] --END-- [ RunTime:0.000775s ]

[ 2019-03-05T15:39:02+08:00 ] ::1 /mall/index.php/Home/Login/queryname?uname=root
INFO: [ app_init ] --START--
INFO: Run Behavior\BuildLiteBehavior [ RunTime:0.000013s ]
INFO: [ app_init ] --END-- [ RunTime:0.000434s ]
INFO: [ app_begin ] --START--
INFO: Run Behavior\ReadHtmlCacheBehavior [ RunTime:0.000567s ]
INFO: [ app_begin ] --END-- [ RunTime:0.000633s ]
ERR: SQLSTATE[42000] [1049] Unknown database 'mall'

[ 2019-03-05T15:42:44+08:00 ] ::1 /mall/index.php/Home/Login/login
INFO: [ app_init ] --START--
INFO: Run Behavior\BuildLiteBehavior [ RunTime:0.000016s ]
INFO: [ app_init ] --END-- [ RunTime:0.000539s ]
INFO: [ app_begin ] --START--
INFO: Run Behavior\ReadHtmlCacheBehavior [ RunTime:0.001363s ]
INFO: [ app_begin ] --END-- [ RunTime:0.001527s ]
INFO: [ view_parse ] --START--
INFO: [ template_filter ] --START--
INFO: Run Behavior\ContentReplaceBehavior [ RunTime:0.000043s ]
INFO: [ template_filter ] --END-- [ RunTime:0.000101s ]
INFO: Run Behavior\ParseTemplateBehavior [ RunTime:0.006825s ]
INFO: [ view_parse ] --END-- [ RunTime:0.006910s ]
INFO: [ view_filter ] --START--
INFO: Run Behavior\WriteHtmlCacheBehavior [ RunTime:0.001023s ]
INFO: [ view_filter ] --END-- [ RunTime:0.001088s ]

[ 2019-03-05T15:42:47+08:00 ] ::1 /mall/index.php/Home/Login/queryname?uname=root
INFO: [ app_init ] --START--
INFO: Run Behavior\BuildLiteBehavior [ RunTime:0.000014s ]
INFO: [ app_init ] --END-- [ RunTime:0.000429s ]
INFO: [ app_begin ] --START--
INFO: Run Behavior\ReadHtmlCacheBehavior [ RunTime:0.000570s ]
INFO: [ app_begin ] --END-- [ RunTime:0.000627s ]
SQL: SHOW COLUMNS FROM `tp_admininfo` [ RunTime:0.0270s ]
SQL: SHOW COLUMNS FROM `tp_admininfo` [ RunTime:0.0098s ]
SQL: SELECT * FROM `tp_admininfo` WHERE ( admin_name='root' ) LIMIT 1   [ RunTime:0.0006s ]
INFO: [ app_end ] --START--
INFO: Run Behavior\ShowPageTraceBehavior [ RunTime:0.001516s ]
INFO: [ app_end ] --END-- [ RunTime:0.001627s ]

[ 2019-03-05T15:42:47+08:00 ] ::1 /mall/index.php/Home/Login/verify_c.html?0.5999115722160773
INFO: [ app_init ] --START--
INFO: Run Behavior\BuildLiteBehavior [ RunTime:0.000013s ]
INFO: [ app_init ] --END-- [ RunTime:0.000469s ]
INFO: [ app_begin ] --START--
INFO: Run Behavior\ReadHtmlCacheBehavior [ RunTime:0.000687s ]
INFO: [ app_begin ] --END-- [ RunTime:0.000747s ]
INFO: [ app_end ] --START--
INFO: Run Behavior\ShowPageTraceBehavior [ RunTime:0.001503s ]
INFO: [ app_end ] --END-- [ RunTime:0.001651s ]

[ 2019-03-05T15:42:49+08:00 ] ::1 /mall/index.php/Home/Login/showlogin.html
INFO: [ app_init ] --START--
INFO: Run Behavior\BuildLiteBehavior [ RunTime:0.000022s ]
INFO: [ app_init ] --END-- [ RunTime:0.000701s ]
INFO: [ app_begin ] --START--
INFO: Run Behavior\ReadHtmlCacheBehavior [ RunTime:0.000922s ]
INFO: [ app_begin ] --END-- [ RunTime:0.001018s ]
INFO: [ view_parse ] --START--
INFO: [ template_filter ] --START--
INFO: Run Behavior\ContentReplaceBehavior [ RunTime:0.000072s ]
INFO: [ template_filter ] --END-- [ RunTime:0.000163s ]
INFO: Run Behavior\ParseTemplateBehavior [ RunTime:0.008128s ]
INFO: [ view_parse ] --END-- [ RunTime:0.008214s ]
INFO: [ view_filter ] --START--
INFO: Run Behavior\WriteHtmlCacheBehavior [ RunTime:0.000782s ]
INFO: [ view_filter ] --END-- [ RunTime:0.000850s ]
INFO: [ app_end ] --START--
INFO: Run Behavior\ShowPageTraceBehavior [ RunTime:0.000846s ]
INFO: [ app_end ] --END-- [ RunTime:0.000910s ]

[ 2019-03-05T15:42:49+08:00 ] ::1 /mall/index.php/Home/Login/verify_c.html
INFO: [ app_init ] --START--
INFO: Run Behavior\BuildLiteBehavior [ RunTime:0.000014s ]
INFO: [ app_init ] --END-- [ RunTime:0.000443s ]
INFO: [ app_begin ] --START--
INFO: Run Behavior\ReadHtmlCacheBehavior [ RunTime:0.000576s ]
INFO: [ app_begin ] --END-- [ RunTime:0.000636s ]
INFO: [ app_end ] --START--
INFO: Run Behavior\ShowPageTraceBehavior [ RunTime:0.000598s ]
INFO: [ app_end ] --END-- [ RunTime:0.000661s ]

[ 2019-03-05T15:42:51+08:00 ] ::1 /mall/index.php/Home/Login/queryname?uname=root
INFO: [ app_init ] --START--
INFO: Run Behavior\BuildLiteBehavior [ RunTime:0.000022s ]
INFO: [ app_init ] --END-- [ RunTime:0.000507s ]
INFO: [ app_begin ] --START--
INFO: Run Behavior\ReadHtmlCacheBehavior [ RunTime:0.000802s ]
INFO: [ app_begin ] --END-- [ RunTime:0.000893s ]
SQL: SHOW COLUMNS FROM `tp_admininfo` [ RunTime:0.0092s ]
SQL: SHOW COLUMNS FROM `tp_admininfo` [ RunTime:0.0088s ]
SQL: SELECT * FROM `tp_admininfo` WHERE ( admin_name='root' ) LIMIT 1   [ RunTime:0.0006s ]
INFO: [ app_end ] --START--
INFO: Run Behavior\ShowPageTraceBehavior [ RunTime:0.001204s ]
INFO: [ app_end ] --END-- [ RunTime:0.001303s ]

[ 2019-03-05T15:43:03+08:00 ] ::1 /mall/index.php/Home/Login/login
INFO: [ app_init ] --START--
INFO: Run Behavior\BuildLiteBehavior [ RunTime:0.000020s ]
INFO: [ app_init ] --END-- [ RunTime:0.000545s ]
INFO: [ app_begin ] --START--
INFO: Run Behavior\ReadHtmlCacheBehavior [ RunTime:0.000826s ]
INFO: [ app_begin ] --END-- [ RunTime:0.000920s ]
SQL: SHOW COLUMNS FROM `tp_admininfo` [ RunTime:0.0122s ]
SQL: SHOW COLUMNS FROM `tp_admininfo` [ RunTime:0.0048s ]
SQL: SELECT * FROM `tp_admininfo` WHERE ( admin_name='root'and admin_psw='63a9f0ea7bb98050796b649e85481845' ) LIMIT 1   [ RunTime:0.0003s ]
INFO: [ view_parse ] --START--
INFO: [ template_filter ] --START--
INFO: Run Behavior\ContentReplaceBehavior [ RunTime:0.000044s ]
INFO: [ template_filter ] --END-- [ RunTime:0.000098s ]
INFO: Run Behavior\ParseTemplateBehavior [ RunTime:0.006066s ]
INFO: [ view_parse ] --END-- [ RunTime:0.006155s ]
INFO: [ view_filter ] --START--
INFO: Run Behavior\WriteHtmlCacheBehavior [ RunTime:0.000520s ]
INFO: [ view_filter ] --END-- [ RunTime:0.000570s ]

[ 2019-03-05T15:43:06+08:00 ] ::1 /mall/index.php/Home/Login/queryname?uname=root
INFO: [ app_init ] --START--
INFO: Run Behavior\BuildLiteBehavior [ RunTime:0.000016s ]
INFO: [ app_init ] --END-- [ RunTime:0.000453s ]
INFO: [ app_begin ] --START--
INFO: Run Behavior\ReadHtmlCacheBehavior [ RunTime:0.000566s ]
INFO: [ app_begin ] --END-- [ RunTime:0.000624s ]
SQL: SHOW COLUMNS FROM `tp_admininfo` [ RunTime:0.0125s ]
SQL: SHOW COLUMNS FROM `tp_admininfo` [ RunTime:0.0106s ]
SQL: SELECT * FROM `tp_admininfo` WHERE ( admin_name='root' ) LIMIT 1   [ RunTime:0.0008s ]
INFO: [ app_end ] --START--
INFO: Run Behavior\ShowPageTraceBehavior [ RunTime:0.002059s ]
INFO: [ app_end ] --END-- [ RunTime:0.002225s ]

[ 2019-03-05T15:43:10+08:00 ] ::1 /mall/index.php/Home/Login/queryname?uname=root
INFO: [ app_init ] --START--
INFO: Run Behavior\BuildLiteBehavior [ RunTime:0.000021s ]
INFO: [ app_init ] --END-- [ RunTime:0.000653s ]
INFO: [ app_begin ] --START--
INFO: Run Behavior\ReadHtmlCacheBehavior [ RunTime:0.001701s ]
INFO: [ app_begin ] --END-- [ RunTime:0.001807s ]
SQL: SHOW COLUMNS FROM `tp_admininfo` [ RunTime:0.0114s ]
SQL: SHOW COLUMNS FROM `tp_admininfo` [ RunTime:0.0102s ]
SQL: SELECT * FROM `tp_admininfo` WHERE ( admin_name='root' ) LIMIT 1   [ RunTime:0.0006s ]
INFO: [ app_end ] --START--
INFO: Run Behavior\ShowPageTraceBehavior [ RunTime:0.001586s ]
INFO: [ app_end ] --END-- [ RunTime:0.001717s ]

[ 2019-03-05T15:43:26+08:00 ] ::1 /mall/index.php/Home/Login/queryname?uname=%E5%93%88%E5%A3%AB%E5%A5%87
INFO: [ app_init ] --START--
INFO: Run Behavior\BuildLiteBehavior [ RunTime:0.000016s ]
INFO: [ app_init ] --END-- [ RunTime:0.000413s ]
INFO: [ app_begin ] --START--
INFO: Run Behavior\ReadHtmlCacheBehavior [ RunTime:0.000571s ]
INFO: [ app_begin ] --END-- [ RunTime:0.000630s ]
SQL: SHOW COLUMNS FROM `tp_admininfo` [ RunTime:0.0061s ]
SQL: SHOW COLUMNS FROM `tp_admininfo` [ RunTime:0.0062s ]
SQL: SELECT * FROM `tp_admininfo` WHERE ( admin_name='哈士奇' ) LIMIT 1   [ RunTime:0.0004s ]
INFO: [ app_end ] --START--
INFO: Run Behavior\ShowPageTraceBehavior [ RunTime:0.001134s ]
INFO: [ app_end ] --END-- [ RunTime:0.001367s ]

[ 2019-03-05T15:43:26+08:00 ] ::1 /mall/index.php/Home/Login/verify_c.html?0.45435465594388735
INFO: [ app_init ] --START--
INFO: Run Behavior\BuildLiteBehavior [ RunTime:0.000023s ]
INFO: [ app_init ] --END-- [ RunTime:0.000733s ]
INFO: [ app_begin ] --START--
INFO: Run Behavior\ReadHtmlCacheBehavior [ RunTime:0.000909s ]
INFO: [ app_begin ] --END-- [ RunTime:0.001016s ]
INFO: [ app_end ] --START--
INFO: Run Behavior\ShowPageTraceBehavior [ RunTime:0.002387s ]
INFO: [ app_end ] --END-- [ RunTime:0.002639s ]

[ 2019-03-05T15:43:37+08:00 ] ::1 /mall/index.php/Home/Login/login
INFO: [ app_init ] --START--
INFO: Run Behavior\BuildLiteBehavior [ RunTime:0.000013s ]
INFO: [ app_init ] --END-- [ RunTime:0.000630s ]
INFO: [ app_begin ] --START--
INFO: Run Behavior\ReadHtmlCacheBehavior [ RunTime:0.000679s ]
INFO: [ app_begin ] --END-- [ RunTime:0.000751s ]
SQL: SHOW COLUMNS FROM `tp_admininfo` [ RunTime:0.0114s ]
SQL: SHOW COLUMNS FROM `tp_admininfo` [ RunTime:0.0104s ]
SQL: SELECT * FROM `tp_admininfo` WHERE ( admin_name='哈士奇'and admin_psw='63a9f0ea7bb98050796b649e85481845' ) LIMIT 1   [ RunTime:0.0007s ]
INFO: [ view_parse ] --START--
INFO: [ template_filter ] --START--
INFO: Run Behavior\ContentReplaceBehavior [ RunTime:0.000101s ]
INFO: [ template_filter ] --END-- [ RunTime:0.000235s ]
INFO: Run Behavior\ParseTemplateBehavior [ RunTime:0.012591s ]
INFO: [ view_parse ] --END-- [ RunTime:0.012759s ]
INFO: [ view_filter ] --START--
INFO: Run Behavior\WriteHtmlCacheBehavior [ RunTime:0.001081s ]
INFO: [ view_filter ] --END-- [ RunTime:0.001208s ]

[ 2019-03-05T15:43:40+08:00 ] ::1 /mall/index.php/Home/Login/queryname?uname=root
INFO: [ app_init ] --START--
INFO: Run Behavior\BuildLiteBehavior [ RunTime:0.000013s ]
INFO: [ app_init ] --END-- [ RunTime:0.000405s ]
INFO: [ app_begin ] --START--
INFO: Run Behavior\ReadHtmlCacheBehavior [ RunTime:0.000592s ]
INFO: [ app_begin ] --END-- [ RunTime:0.000657s ]
SQL: SHOW COLUMNS FROM `tp_admininfo` [ RunTime:0.0044s ]
SQL: SHOW COLUMNS FROM `tp_admininfo` [ RunTime:0.0044s ]
SQL: SELECT * FROM `tp_admininfo` WHERE ( admin_name='root' ) LIMIT 1   [ RunTime:0.0003s ]
INFO: [ app_end ] --START--
INFO: Run Behavior\ShowPageTraceBehavior [ RunTime:0.000736s ]
INFO: [ app_end ] --END-- [ RunTime:0.000791s ]

[ 2019-03-05T15:44:03+08:00 ] ::1 /mall/index.php/Home/Login/queryname?uname=admin
INFO: [ app_init ] --START--
INFO: Run Behavior\BuildLiteBehavior [ RunTime:0.000023s ]
INFO: [ app_init ] --END-- [ RunTime:0.000669s ]
INFO: [ app_begin ] --START--
INFO: Run Behavior\ReadHtmlCacheBehavior [ RunTime:0.000933s ]
INFO: [ app_begin ] --END-- [ RunTime:0.001030s ]
SQL: SHOW COLUMNS FROM `tp_admininfo` [ RunTime:0.0149s ]
SQL: SHOW COLUMNS FROM `tp_admininfo` [ RunTime:0.0097s ]
SQL: SELECT * FROM `tp_admininfo` WHERE ( admin_name='admin' ) LIMIT 1   [ RunTime:0.0006s ]
INFO: [ app_end ] --START--
INFO: Run Behavior\ShowPageTraceBehavior [ RunTime:0.001347s ]
INFO: [ app_end ] --END-- [ RunTime:0.001464s ]

[ 2019-03-05T15:44:10+08:00 ] ::1 /mall/index.php/Home/Login/login
INFO: [ app_init ] --START--
INFO: Run Behavior\BuildLiteBehavior [ RunTime:0.000021s ]
INFO: [ app_init ] --END-- [ RunTime:0.000651s ]
INFO: [ app_begin ] --START--
INFO: Run Behavior\ReadHtmlCacheBehavior [ RunTime:0.000893s ]
INFO: [ app_begin ] --END-- [ RunTime:0.000986s ]
INFO: [ view_parse ] --START--
INFO: [ template_filter ] --START--
INFO: Run Behavior\ContentReplaceBehavior [ RunTime:0.000042s ]
INFO: [ template_filter ] --END-- [ RunTime:0.000097s ]
INFO: Run Behavior\ParseTemplateBehavior [ RunTime:0.005812s ]
INFO: [ view_parse ] --END-- [ RunTime:0.005883s ]
INFO: [ view_filter ] --START--
INFO: Run Behavior\WriteHtmlCacheBehavior [ RunTime:0.000427s ]
INFO: [ view_filter ] --END-- [ RunTime:0.000476s ]

[ 2019-03-05T15:44:12+08:00 ] ::1 /mall/index.php/Home/Login/queryname?uname=root
INFO: [ app_init ] --START--
INFO: Run Behavior\BuildLiteBehavior [ RunTime:0.000018s ]
INFO: [ app_init ] --END-- [ RunTime:0.000487s ]
INFO: [ app_begin ] --START--
INFO: Run Behavior\ReadHtmlCacheBehavior [ RunTime:0.001767s ]
INFO: [ app_begin ] --END-- [ RunTime:0.001863s ]
SQL: SHOW COLUMNS FROM `tp_admininfo` [ RunTime:0.0103s ]
SQL: SHOW COLUMNS FROM `tp_admininfo` [ RunTime:0.0098s ]
SQL: SELECT * FROM `tp_admininfo` WHERE ( admin_name='root' ) LIMIT 1   [ RunTime:0.0004s ]
INFO: [ app_end ] --START--
INFO: Run Behavior\ShowPageTraceBehavior [ RunTime:0.001053s ]
INFO: [ app_end ] --END-- [ RunTime:0.001131s ]

[ 2019-03-05T15:44:19+08:00 ] ::1 /mall/index.php/Home/Login/queryname?uname=admin
INFO: [ app_init ] --START--
INFO: Run Behavior\BuildLiteBehavior [ RunTime:0.000032s ]
INFO: [ app_init ] --END-- [ RunTime:0.001056s ]
INFO: [ app_begin ] --START--
INFO: Run Behavior\ReadHtmlCacheBehavior [ RunTime:0.001330s ]
INFO: [ app_begin ] --END-- [ RunTime:0.001467s ]
SQL: SHOW COLUMNS FROM `tp_admininfo` [ RunTime:0.0149s ]
SQL: SHOW COLUMNS FROM `tp_admininfo` [ RunTime:0.0158s ]
SQL: SELECT * FROM `tp_admininfo` WHERE ( admin_name='admin' ) LIMIT 1   [ RunTime:0.0010s ]
INFO: [ app_end ] --START--
INFO: Run Behavior\ShowPageTraceBehavior [ RunTime:0.002388s ]
INFO: [ app_end ] --END-- [ RunTime:0.002609s ]

[ 2019-03-05T15:44:19+08:00 ] ::1 /mall/index.php/Home/Login/verify_c.html?0.6793971869233333
INFO: [ app_init ] --START--
INFO: Run Behavior\BuildLiteBehavior [ RunTime:0.000014s ]
INFO: [ app_init ] --END-- [ RunTime:0.000485s ]
INFO: [ app_begin ] --START--
INFO: Run Behavior\ReadHtmlCacheBehavior [ RunTime:0.000655s ]
INFO: [ app_begin ] --END-- [ RunTime:0.000714s ]
INFO: [ app_end ] --START--
INFO: Run Behavior\ShowPageTraceBehavior [ RunTime:0.002389s ]
INFO: [ app_end ] --END-- [ RunTime:0.002637s ]

[ 2019-03-05T15:44:19+08:00 ] ::1 /mall/index.php/Home/Login/verify_c.html?0.8952946496742589
INFO: [ app_init ] --START--
INFO: Run Behavior\BuildLiteBehavior [ RunTime:0.000013s ]
INFO: [ app_init ] --END-- [ RunTime:0.000520s ]
INFO: [ app_begin ] --START--
INFO: Run Behavior\ReadHtmlCacheBehavior [ RunTime:0.000641s ]
INFO: [ app_begin ] --END-- [ RunTime:0.000700s ]
INFO: [ app_end ] --START--
INFO: Run Behavior\ShowPageTraceBehavior [ RunTime:0.002253s ]
INFO: [ app_end ] --END-- [ RunTime:0.002501s ]

[ 2019-03-05T15:44:19+08:00 ] ::1 /mall/index.php/Home/Login/verify_c.html?0.03690376228307013
INFO: [ app_init ] --START--
INFO: Run Behavior\BuildLiteBehavior [ RunTime:0.000022s ]
INFO: [ app_init ] --END-- [ RunTime:0.000706s ]
INFO: [ app_begin ] --START--
INFO: Run Behavior\ReadHtmlCacheBehavior [ RunTime:0.000950s ]
INFO: [ app_begin ] --END-- [ RunTime:0.001041s ]
INFO: [ app_end ] --START--
INFO: Run Behavior\ShowPageTraceBehavior [ RunTime:0.000663s ]
INFO: [ app_end ] --END-- [ RunTime:0.000725s ]

[ 2019-03-05T15:44:20+08:00 ] ::1 /mall/index.php/Home/Login/verify_c.html?0.4410460781226677
INFO: [ app_init ] --START--
INFO: Run Behavior\BuildLiteBehavior [ RunTime:0.000021s ]
INFO: [ app_init ] --END-- [ RunTime:0.000603s ]
INFO: [ app_begin ] --START--
INFO: Run Behavior\ReadHtmlCacheBehavior [ RunTime:0.000933s ]
INFO: [ app_begin ] --END-- [ RunTime:0.001022s ]
INFO: [ app_end ] --START--
INFO: Run Behavior\ShowPageTraceBehavior [ RunTime:0.000835s ]
INFO: [ app_end ] --END-- [ RunTime:0.000916s ]

[ 2019-03-05T15:44:27+08:00 ] ::1 /mall/index.php/Home/Login/login
INFO: [ app_init ] --START--
INFO: Run Behavior\BuildLiteBehavior [ RunTime:0.000018s ]
INFO: [ app_init ] --END-- [ RunTime:0.000472s ]
INFO: [ app_begin ] --START--
INFO: Run Behavior\ReadHtmlCacheBehavior [ RunTime:0.000615s ]
INFO: [ app_begin ] --END-- [ RunTime:0.000683s ]
SQL: SHOW COLUMNS FROM `tp_admininfo` [ RunTime:0.0175s ]
SQL: SHOW COLUMNS FROM `tp_admininfo` [ RunTime:0.0140s ]
SQL: SELECT * FROM `tp_admininfo` WHERE ( admin_name='admin'and admin_psw='63a9f0ea7bb98050796b649e85481845' ) LIMIT 1   [ RunTime:0.0005s ]
INFO: [ view_parse ] --START--
INFO: [ template_filter ] --START--
INFO: Run Behavior\ContentReplaceBehavior [ RunTime:0.000066s ]
INFO: [ template_filter ] --END-- [ RunTime:0.000160s ]
INFO: Run Behavior\ParseTemplateBehavior [ RunTime:0.008833s ]
INFO: [ view_parse ] --END-- [ RunTime:0.008944s ]
INFO: [ view_filter ] --START--
INFO: Run Behavior\WriteHtmlCacheBehavior [ RunTime:0.000689s ]
INFO: [ view_filter ] --END-- [ RunTime:0.000771s ]

[ 2019-03-05T15:44:29+08:00 ] ::1 /mall/index.php/Home/Login/queryname?uname=root
INFO: [ app_init ] --START--
INFO: Run Behavior\BuildLiteBehavior [ RunTime:0.000015s ]
INFO: [ app_init ] --END-- [ RunTime:0.000412s ]
INFO: [ app_begin ] --START--
INFO: Run Behavior\ReadHtmlCacheBehavior [ RunTime:0.000555s ]
INFO: [ app_begin ] --END-- [ RunTime:0.000612s ]
SQL: SHOW COLUMNS FROM `tp_admininfo` [ RunTime:0.0149s ]
SQL: SHOW COLUMNS FROM `tp_admininfo` [ RunTime:0.0148s ]
SQL: SELECT * FROM `tp_admininfo` WHERE ( admin_name='root' ) LIMIT 1   [ RunTime:0.0010s ]
INFO: [ app_end ] --START--
INFO: Run Behavior\ShowPageTraceBehavior [ RunTime:0.002405s ]
INFO: [ app_end ] --END-- [ RunTime:0.002657s ]

[ 2019-03-05T15:44:34+08:00 ] ::1 /mall/index.php/Home/Login/queryname?uname=admin
INFO: [ app_init ] --START--
INFO: Run Behavior\BuildLiteBehavior [ RunTime:0.000013s ]
INFO: [ app_init ] --END-- [ RunTime:0.000411s ]
INFO: [ app_begin ] --START--
INFO: Run Behavior\ReadHtmlCacheBehavior [ RunTime:0.000602s ]
INFO: [ app_begin ] --END-- [ RunTime:0.000663s ]
SQL: SHOW COLUMNS FROM `tp_admininfo` [ RunTime:0.0059s ]
SQL: SHOW COLUMNS FROM `tp_admininfo` [ RunTime:0.0058s ]
SQL: SELECT * FROM `tp_admininfo` WHERE ( admin_name='admin' ) LIMIT 1   [ RunTime:0.0004s ]
INFO: [ app_end ] --START--
INFO: Run Behavior\ShowPageTraceBehavior [ RunTime:0.001022s ]
INFO: [ app_end ] --END-- [ RunTime:0.001106s ]

[ 2019-03-05T15:44:37+08:00 ] ::1 /mall/index.php/Home/Login/verify_c.html?0.38680328179635404
INFO: [ app_init ] --START--
INFO: Run Behavior\BuildLiteBehavior [ RunTime:0.000021s ]
INFO: [ app_init ] --END-- [ RunTime:0.000661s ]
INFO: [ app_begin ] --START--
INFO: Run Behavior\ReadHtmlCacheBehavior [ RunTime:0.000623s ]
INFO: [ app_begin ] --END-- [ RunTime:0.000686s ]
INFO: [ app_end ] --START--
INFO: Run Behavior\ShowPageTraceBehavior [ RunTime:0.000632s ]
INFO: [ app_end ] --END-- [ RunTime:0.000692s ]

[ 2019-03-05T15:44:37+08:00 ] ::1 /mall/index.php/Home/Login/verify_c.html?0.07003191240601514
INFO: [ app_init ] --START--
INFO: Run Behavior\BuildLiteBehavior [ RunTime:0.000021s ]
INFO: [ app_init ] --END-- [ RunTime:0.000711s ]
INFO: [ app_begin ] --START--
INFO: Run Behavior\ReadHtmlCacheBehavior [ RunTime:0.000902s ]
INFO: [ app_begin ] --END-- [ RunTime:0.000997s ]
INFO: [ app_end ] --START--
INFO: Run Behavior\ShowPageTraceBehavior [ RunTime:0.000968s ]
INFO: [ app_end ] --END-- [ RunTime:0.001059s ]

[ 2019-03-05T15:44:42+08:00 ] ::1 /mall/index.php/Home/Login/login
INFO: [ app_init ] --START--
INFO: Run Behavior\BuildLiteBehavior [ RunTime:0.000014s ]
INFO: [ app_init ] --END-- [ RunTime:0.000517s ]
INFO: [ app_begin ] --START--
INFO: Run Behavior\ReadHtmlCacheBehavior [ RunTime:0.000615s ]
INFO: [ app_begin ] --END-- [ RunTime:0.000684s ]
INFO: [ view_parse ] --START--
INFO: [ template_filter ] --START--
INFO: Run Behavior\ContentReplaceBehavior [ RunTime:0.000045s ]
INFO: [ template_filter ] --END-- [ RunTime:0.000111s ]
INFO: Run Behavior\ParseTemplateBehavior [ RunTime:0.005775s ]
INFO: [ view_parse ] --END-- [ RunTime:0.005839s ]
INFO: [ view_filter ] --START--
INFO: Run Behavior\WriteHtmlCacheBehavior [ RunTime:0.000466s ]
INFO: [ view_filter ] --END-- [ RunTime:0.000518s ]

[ 2019-03-05T15:44:45+08:00 ] ::1 /mall/index.php/Home/Login/queryname?uname=root
INFO: [ app_init ] --START--
INFO: Run Behavior\BuildLiteBehavior [ RunTime:0.000022s ]
INFO: [ app_init ] --END-- [ RunTime:0.000619s ]
INFO: [ app_begin ] --START--
INFO: Run Behavior\ReadHtmlCacheBehavior [ RunTime:0.000617s ]
INFO: [ app_begin ] --END-- [ RunTime:0.000683s ]
SQL: SHOW COLUMNS FROM `tp_admininfo` [ RunTime:0.0100s ]
SQL: SHOW COLUMNS FROM `tp_admininfo` [ RunTime:0.0097s ]
SQL: SELECT * FROM `tp_admininfo` WHERE ( admin_name='root' ) LIMIT 1   [ RunTime:0.0007s ]
INFO: [ app_end ] --START--
INFO: Run Behavior\ShowPageTraceBehavior [ RunTime:0.001099s ]
INFO: [ app_end ] --END-- [ RunTime:0.001206s ]

[ 2019-03-05T15:44:49+08:00 ] ::1 /mall/index.php/Home/Login/queryname?uname=root
INFO: [ app_init ] --START--
INFO: Run Behavior\BuildLiteBehavior [ RunTime:0.000023s ]
INFO: [ app_init ] --END-- [ RunTime:0.000700s ]
INFO: [ app_begin ] --START--
INFO: Run Behavior\ReadHtmlCacheBehavior [ RunTime:0.001053s ]
INFO: [ app_begin ] --END-- [ RunTime:0.001219s ]
SQL: SHOW COLUMNS FROM `tp_admininfo` [ RunTime:0.0105s ]
SQL: SHOW COLUMNS FROM `tp_admininfo` [ RunTime:0.0110s ]
SQL: SELECT * FROM `tp_admininfo` WHERE ( admin_name='root' ) LIMIT 1   [ RunTime:0.0006s ]
INFO: [ app_end ] --START--
INFO: Run Behavior\ShowPageTraceBehavior [ RunTime:0.001564s ]
INFO: [ app_end ] --END-- [ RunTime:0.001687s ]

[ 2019-03-05T15:44:52+08:00 ] ::1 /mall/index.php/Home/Login/queryname?uname=root
INFO: [ app_init ] --START--
INFO: Run Behavior\BuildLiteBehavior [ RunTime:0.000014s ]
INFO: [ app_init ] --END-- [ RunTime:0.000418s ]
INFO: [ app_begin ] --START--
INFO: Run Behavior\ReadHtmlCacheBehavior [ RunTime:0.000603s ]
INFO: [ app_begin ] --END-- [ RunTime:0.000665s ]
SQL: SHOW COLUMNS FROM `tp_admininfo` [ RunTime:0.0134s ]
SQL: SHOW COLUMNS FROM `tp_admininfo` [ RunTime:0.0147s ]
SQL: SELECT * FROM `tp_admininfo` WHERE ( admin_name='root' ) LIMIT 1   [ RunTime:0.0009s ]
INFO: [ app_end ] --START--
INFO: Run Behavior\ShowPageTraceBehavior [ RunTime:0.002273s ]
INFO: [ app_end ] --END-- [ RunTime:0.002465s ]

[ 2019-03-05T15:45:05+08:00 ] ::1 /mall/index.php/Home/Login/showlogin.html
INFO: [ app_init ] --START--
INFO: Run Behavior\BuildLiteBehavior [ RunTime:0.000019s ]
INFO: [ app_init ] --END-- [ RunTime:0.000475s ]
INFO: [ app_begin ] --START--
INFO: Run Behavior\ReadHtmlCacheBehavior [ RunTime:0.000686s ]
INFO: [ app_begin ] --END-- [ RunTime:0.000746s ]
INFO: [ view_parse ] --START--
INFO: [ template_filter ] --START--
INFO: Run Behavior\ContentReplaceBehavior [ RunTime:0.000051s ]
INFO: [ template_filter ] --END-- [ RunTime:0.000120s ]
INFO: Run Behavior\ParseTemplateBehavior [ RunTime:0.006428s ]
INFO: [ view_parse ] --END-- [ RunTime:0.006485s ]
INFO: [ view_filter ] --START--
INFO: Run Behavior\WriteHtmlCacheBehavior [ RunTime:0.000479s ]
INFO: [ view_filter ] --END-- [ RunTime:0.000525s ]
INFO: [ app_end ] --START--
INFO: Run Behavior\ShowPageTraceBehavior [ RunTime:0.000588s ]
INFO: [ app_end ] --END-- [ RunTime:0.000636s ]

[ 2019-03-05T15:45:05+08:00 ] ::1 /mall/index.php/Home/Login/verify_c.html
INFO: [ app_init ] --START--
INFO: Run Behavior\BuildLiteBehavior [ RunTime:0.000017s ]
INFO: [ app_init ] --END-- [ RunTime:0.000454s ]
INFO: [ app_begin ] --START--
INFO: Run Behavior\ReadHtmlCacheBehavior [ RunTime:0.000647s ]
INFO: [ app_begin ] --END-- [ RunTime:0.000719s ]
INFO: [ app_end ] --START--
INFO: Run Behavior\ShowPageTraceBehavior [ RunTime:0.000655s ]
INFO: [ app_end ] --END-- [ RunTime:0.000726s ]

[ 2019-03-05T15:45:07+08:00 ] ::1 /mall/index.php/Home/Login/queryname?uname=root
INFO: [ app_init ] --START--
INFO: Run Behavior\BuildLiteBehavior [ RunTime:0.000015s ]
INFO: [ app_init ] --END-- [ RunTime:0.000484s ]
INFO: [ app_begin ] --START--
INFO: Run Behavior\ReadHtmlCacheBehavior [ RunTime:0.000677s ]
INFO: [ app_begin ] --END-- [ RunTime:0.000754s ]
SQL: SHOW COLUMNS FROM `tp_admininfo` [ RunTime:0.0096s ]
SQL: SHOW COLUMNS FROM `tp_admininfo` [ RunTime:0.0097s ]
SQL: SELECT * FROM `tp_admininfo` WHERE ( admin_name='root' ) LIMIT 1   [ RunTime:0.0007s ]
INFO: [ app_end ] --START--
INFO: Run Behavior\ShowPageTraceBehavior [ RunTime:0.001115s ]
INFO: [ app_end ] --END-- [ RunTime:0.001193s ]

[ 2019-03-05T15:45:09+08:00 ] ::1 /mall/index.php/Home/Login/queryname?uname=root
INFO: [ app_init ] --START--
INFO: Run Behavior\BuildLiteBehavior [ RunTime:0.000021s ]
INFO: [ app_init ] --END-- [ RunTime:0.000674s ]
INFO: [ app_begin ] --START--
INFO: Run Behavior\ReadHtmlCacheBehavior [ RunTime:0.000874s ]
INFO: [ app_begin ] --END-- [ RunTime:0.000966s ]
SQL: SHOW COLUMNS FROM `tp_admininfo` [ RunTime:0.0093s ]
SQL: SHOW COLUMNS FROM `tp_admininfo` [ RunTime:0.0092s ]
SQL: SELECT * FROM `tp_admininfo` WHERE ( admin_name='root' ) LIMIT 1   [ RunTime:0.0006s ]
INFO: [ app_end ] --START--
INFO: Run Behavior\ShowPageTraceBehavior [ RunTime:0.001582s ]
INFO: [ app_end ] --END-- [ RunTime:0.001706s ]

[ 2019-03-05T15:45:13+08:00 ] ::1 /mall/index.php/Home/Login/queryname?uname=root
INFO: [ app_init ] --START--
INFO: Run Behavior\BuildLiteBehavior [ RunTime:0.000015s ]
INFO: [ app_init ] --END-- [ RunTime:0.000446s ]
INFO: [ app_begin ] --START--
INFO: Run Behavior\ReadHtmlCacheBehavior [ RunTime:0.000725s ]
INFO: [ app_begin ] --END-- [ RunTime:0.000797s ]
SQL: SHOW COLUMNS FROM `tp_admininfo` [ RunTime:0.0163s ]
SQL: SHOW COLUMNS FROM `tp_admininfo` [ RunTime:0.0145s ]
SQL: SELECT * FROM `tp_admininfo` WHERE ( admin_name='root' ) LIMIT 1   [ RunTime:0.0010s ]
INFO: [ app_end ] --START--
INFO: Run Behavior\ShowPageTraceBehavior [ RunTime:0.002561s ]
INFO: [ app_end ] --END-- [ RunTime:0.002784s ]

[ 2019-03-05T15:45:17+08:00 ] ::1 /mall/index.php/Home/Login/queryname?uname=root
INFO: [ app_init ] --START--
INFO: Run Behavior\BuildLiteBehavior [ RunTime:0.000021s ]
INFO: [ app_init ] --END-- [ RunTime:0.000722s ]
INFO: [ app_begin ] --START--
INFO: Run Behavior\ReadHtmlCacheBehavior [ RunTime:0.000638s ]
INFO: [ app_begin ] --END-- [ RunTime:0.000705s ]
SQL: SHOW COLUMNS FROM `tp_admininfo` [ RunTime:0.0108s ]
SQL: SHOW COLUMNS FROM `tp_admininfo` [ RunTime:0.0082s ]
SQL: SELECT * FROM `tp_admininfo` WHERE ( admin_name='root' ) LIMIT 1   [ RunTime:0.0008s ]
INFO: [ app_end ] --START--
INFO: Run Behavior\ShowPageTraceBehavior [ RunTime:0.001773s ]
INFO: [ app_end ] --END-- [ RunTime:0.001929s ]

[ 2019-03-05T15:45:22+08:00 ] ::1 /mall/index.php/Home/Login/queryname?uname=admin
INFO: [ app_init ] --START--
INFO: Run Behavior\BuildLiteBehavior [ RunTime:0.000036s ]
INFO: [ app_init ] --END-- [ RunTime:0.001251s ]
INFO: [ app_begin ] --START--
INFO: Run Behavior\ReadHtmlCacheBehavior [ RunTime:0.001461s ]
INFO: [ app_begin ] --END-- [ RunTime:0.001717s ]
SQL: SHOW COLUMNS FROM `tp_admininfo` [ RunTime:0.0089s ]
SQL: SHOW COLUMNS FROM `tp_admininfo` [ RunTime:0.0147s ]
SQL: SELECT * FROM `tp_admininfo` WHERE ( admin_name='admin' ) LIMIT 1   [ RunTime:0.0010s ]
INFO: [ app_end ] --START--
INFO: Run Behavior\ShowPageTraceBehavior [ RunTime:0.002368s ]
INFO: [ app_end ] --END-- [ RunTime:0.002580s ]

[ 2019-03-05T15:45:24+08:00 ] ::1 /mall/index.php/Home/Login/verify_c.html?0.648270578653863
INFO: [ app_init ] --START--
INFO: Run Behavior\BuildLiteBehavior [ RunTime:0.000021s ]
INFO: [ app_init ] --END-- [ RunTime:0.000715s ]
INFO: [ app_begin ] --START--
INFO: Run Behavior\ReadHtmlCacheBehavior [ RunTime:0.000952s ]
INFO: [ app_begin ] --END-- [ RunTime:0.001043s ]
INFO: [ app_end ] --START--
INFO: Run Behavior\ShowPageTraceBehavior [ RunTime:0.001007s ]
INFO: [ app_end ] --END-- [ RunTime:0.001107s ]

[ 2019-03-05T15:45:25+08:00 ] ::1 /mall/index.php/Home/Login/verify_c.html?0.367864365033036
INFO: [ app_init ] --START--
INFO: Run Behavior\BuildLiteBehavior [ RunTime:0.000021s ]
INFO: [ app_init ] --END-- [ RunTime:0.000709s ]
INFO: [ app_begin ] --START--
INFO: Run Behavior\ReadHtmlCacheBehavior [ RunTime:0.000918s ]
INFO: [ app_begin ] --END-- [ RunTime:0.001008s ]
INFO: [ app_end ] --START--
INFO: Run Behavior\ShowPageTraceBehavior [ RunTime:0.000930s ]
INFO: [ app_end ] --END-- [ RunTime:0.001025s ]

[ 2019-03-05T15:45:32+08:00 ] ::1 /mall/index.php/Home/Login/login
INFO: [ app_init ] --START--
INFO: Run Behavior\BuildLiteBehavior [ RunTime:0.000014s ]
INFO: [ app_init ] --END-- [ RunTime:0.000422s ]
INFO: [ app_begin ] --START--
INFO: Run Behavior\ReadHtmlCacheBehavior [ RunTime:0.000607s ]
INFO: [ app_begin ] --END-- [ RunTime:0.000669s ]
SQL: SHOW COLUMNS FROM `tp_admininfo` [ RunTime:0.0155s ]
SQL: SHOW COLUMNS FROM `tp_admininfo` [ RunTime:0.0166s ]
SQL: SELECT * FROM `tp_admininfo` WHERE ( admin_name='admin'and admin_psw='21232f297a57a5a743894a0e4a801fc3' ) LIMIT 1   [ RunTime:0.0010s ]

[ 2019-03-05T15:45:32+08:00 ] ::1 /mall/index.php/Home/Index/index.html
INFO: [ app_init ] --START--
INFO: Run Behavior\BuildLiteBehavior [ RunTime:0.000030s ]
INFO: [ app_init ] --END-- [ RunTime:0.000929s ]
INFO: [ app_begin ] --START--
INFO: Run Behavior\ReadHtmlCacheBehavior [ RunTime:0.001478s ]
INFO: [ app_begin ] --END-- [ RunTime:0.001631s ]
INFO: [ view_parse ] --START--
INFO: [ template_filter ] --START--
INFO: Run Behavior\ContentReplaceBehavior [ RunTime:0.000087s ]
INFO: [ template_filter ] --END-- [ RunTime:0.000202s ]
NOTIC: [8] Undefined index: user D:\phpStudy\WWW\mall\Application\Runtime\Cache\Home\2a94b8bda04ff446dcedd42276fc99ee.php 第 32 行.
INFO: Run Behavior\ParseTemplateBehavior [ RunTime:0.010041s ]
INFO: [ view_parse ] --END-- [ RunTime:0.010151s ]
INFO: [ view_filter ] --START--
INFO: Run Behavior\WriteHtmlCacheBehavior [ RunTime:0.000901s ]
INFO: [ view_filter ] --END-- [ RunTime:0.000998s ]
INFO: [ app_end ] --START--
INFO: Run Behavior\ShowPageTraceBehavior [ RunTime:0.001270s ]
INFO: [ app_end ] --END-- [ RunTime:0.001380s ]

[ 2019-03-05T15:45:32+08:00 ] ::1 /mall/index.php/Home/Index/welcome.html
INFO: [ app_init ] --START--
INFO: Run Behavior\BuildLiteBehavior [ RunTime:0.000016s ]
INFO: [ app_init ] --END-- [ RunTime:0.000423s ]
INFO: [ app_begin ] --START--
INFO: Run Behavior\ReadHtmlCacheBehavior [ RunTime:0.000606s ]
INFO: [ app_begin ] --END-- [ RunTime:0.000669s ]
INFO: [ view_parse ] --START--
INFO: [ template_filter ] --START--
INFO: Run Behavior\ContentReplaceBehavior [ RunTime:0.000038s ]
INFO: [ template_filter ] --END-- [ RunTime:0.000091s ]
INFO: Run Behavior\ParseTemplateBehavior [ RunTime:0.004621s ]
INFO: [ view_parse ] --END-- [ RunTime:0.004684s ]
INFO: [ view_filter ] --START--
INFO: Run Behavior\WriteHtmlCacheBehavior [ RunTime:0.000430s ]
INFO: [ view_filter ] --END-- [ RunTime:0.000480s ]
INFO: [ app_end ] --START--
INFO: Run Behavior\ShowPageTraceBehavior [ RunTime:0.000593s ]
INFO: [ app_end ] --END-- [ RunTime:0.000642s ]

[ 2019-03-05T15:45:35+08:00 ] ::1 /mall/index.php/Home/Index/typemsg
INFO: [ app_init ] --START--
INFO: Run Behavior\BuildLiteBehavior [ RunTime:0.000022s ]
INFO: [ app_init ] --END-- [ RunTime:0.000674s ]
INFO: [ app_begin ] --START--
INFO: Run Behavior\ReadHtmlCacheBehavior [ RunTime:0.000856s ]
INFO: [ app_begin ] --END-- [ RunTime:0.000946s ]
SQL: SHOW COLUMNS FROM `tp_ptype` [ RunTime:0.0057s ]
SQL: SHOW COLUMNS FROM `tp_ptype` [ RunTime:0.0045s ]
SQL: SELECT * FROM `tp_ptype`  [ RunTime:0.0003s ]
INFO: [ view_parse ] --START--
INFO: [ template_filter ] --START--
INFO: Run Behavior\ContentReplaceBehavior [ RunTime:0.000122s ]
INFO: [ template_filter ] --END-- [ RunTime:0.000290s ]
INFO: Run Behavior\ParseTemplateBehavior [ RunTime:0.050196s ]
INFO: [ view_parse ] --END-- [ RunTime:0.050353s ]
INFO: [ view_filter ] --START--
INFO: Run Behavior\WriteHtmlCacheBehavior [ RunTime:0.001309s ]
INFO: [ view_filter ] --END-- [ RunTime:0.001484s ]
INFO: [ app_end ] --START--
INFO: Run Behavior\ShowPageTraceBehavior [ RunTime:0.002858s ]
INFO: [ app_end ] --END-- [ RunTime:0.003086s ]

[ 2019-03-05T15:45:36+08:00 ] ::1 /mall/index.php/Home/Index/typemsg
INFO: [ app_init ] --START--
INFO: Run Behavior\BuildLiteBehavior [ RunTime:0.000015s ]
INFO: [ app_init ] --END-- [ RunTime:0.000582s ]
INFO: [ app_begin ] --START--
INFO: Run Behavior\ReadHtmlCacheBehavior [ RunTime:0.000589s ]
INFO: [ app_begin ] --END-- [ RunTime:0.000649s ]
SQL: SHOW COLUMNS FROM `tp_ptype` [ RunTime:0.0087s ]
SQL: SHOW COLUMNS FROM `tp_ptype` [ RunTime:0.0083s ]
SQL: SELECT * FROM `tp_ptype`  [ RunTime:0.0006s ]
INFO: [ view_parse ] --START--
INFO: [ template_filter ] --START--
INFO: Run Behavior\ContentReplaceBehavior [ RunTime:0.000090s ]
INFO: [ template_filter ] --END-- [ RunTime:0.000207s ]
INFO: Run Behavior\ParseTemplateBehavior [ RunTime:0.012619s ]
INFO: [ view_parse ] --END-- [ RunTime:0.012762s ]
INFO: [ view_filter ] --START--
INFO: Run Behavior\WriteHtmlCacheBehavior [ RunTime:0.000809s ]
INFO: [ view_filter ] --END-- [ RunTime:0.000896s ]
INFO: [ app_end ] --START--
INFO: Run Behavior\ShowPageTraceBehavior [ RunTime:0.000988s ]
INFO: [ app_end ] --END-- [ RunTime:0.001062s ]

[ 2019-03-05T15:45:37+08:00 ] ::1 /mall/index.php/Home/Index/productmsg
INFO: [ app_init ] --START--
INFO: Run Behavior\BuildLiteBehavior [ RunTime:0.000022s ]
INFO: [ app_init ] --END-- [ RunTime:0.000746s ]
INFO: [ app_begin ] --START--
INFO: Run Behavior\ReadHtmlCacheBehavior [ RunTime:0.001073s ]
INFO: [ app_begin ] --END-- [ RunTime:0.001165s ]
SQL: SHOW COLUMNS FROM `tp_productinfo` [ RunTime:0.0068s ]
SQL: SHOW COLUMNS FROM `tp_productinfo` [ RunTime:0.0060s ]
SQL: SHOW COLUMNS FROM `tp_ptype` [ RunTime:0.0071s ]
SQL: SELECT * FROM tp_productinfo productinfo  JOIN tp_ptype ptype ON productinfo.type_id=ptype.type_id  [ RunTime:0.0010s ]
SQL: SHOW COLUMNS FROM `tp_productinfo` [ RunTime:0.0057s ]
SQL: SELECT COUNT(*) AS tp_count FROM `tp_productinfo` LIMIT 1   [ RunTime:0.0003s ]
SQL: SHOW COLUMNS FROM `tp_productinfo` [ RunTime:0.0042s ]
SQL: SELECT * FROM tp_productinfo as a INNER JOIN tp_ptype as b  WHERE ( a.type_id = b.type_id ) LIMIT 0,5   [ RunTime:0.0003s ]
INFO: [ view_parse ] --START--
INFO: [ template_filter ] --START--
INFO: Run Behavior\ContentReplaceBehavior [ RunTime:0.000047s ]
INFO: [ template_filter ] --END-- [ RunTime:0.000101s ]
INFO: Run Behavior\ParseTemplateBehavior [ RunTime:0.008028s ]
INFO: [ view_parse ] --END-- [ RunTime:0.008089s ]
INFO: [ view_filter ] --START--
INFO: Run Behavior\WriteHtmlCacheBehavior [ RunTime:0.000559s ]
INFO: [ view_filter ] --END-- [ RunTime:0.000610s ]
INFO: [ app_end ] --START--
INFO: Run Behavior\ShowPageTraceBehavior [ RunTime:0.000867s ]
INFO: [ app_end ] --END-- [ RunTime:0.000927s ]

[ 2019-03-05T15:45:38+08:00 ] ::1 /mall/index.php/Home/Index/productmsg
INFO: [ app_init ] --START--
INFO: Run Behavior\BuildLiteBehavior [ RunTime:0.000025s ]
INFO: [ app_init ] --END-- [ RunTime:0.000743s ]
INFO: [ app_begin ] --START--
INFO: Run Behavior\ReadHtmlCacheBehavior [ RunTime:0.000889s ]
INFO: [ app_begin ] --END-- [ RunTime:0.000987s ]
SQL: SHOW COLUMNS FROM `tp_productinfo` [ RunTime:0.0163s ]
SQL: SHOW COLUMNS FROM `tp_productinfo` [ RunTime:0.0075s ]
SQL: SHOW COLUMNS FROM `tp_ptype` [ RunTime:0.0097s ]
SQL: SELECT * FROM tp_productinfo productinfo  JOIN tp_ptype ptype ON productinfo.type_id=ptype.type_id  [ RunTime:0.0008s ]
SQL: SHOW COLUMNS FROM `tp_productinfo` [ RunTime:0.0077s ]
SQL: SELECT COUNT(*) AS tp_count FROM `tp_productinfo` LIMIT 1   [ RunTime:0.0004s ]
SQL: SHOW COLUMNS FROM `tp_productinfo` [ RunTime:0.0076s ]
SQL: SELECT * FROM tp_productinfo as a INNER JOIN tp_ptype as b  WHERE ( a.type_id = b.type_id ) LIMIT 0,5   [ RunTime:0.0006s ]
INFO: [ view_parse ] --START--
INFO: [ template_filter ] --START--
INFO: Run Behavior\ContentReplaceBehavior [ RunTime:0.000084s ]
INFO: [ template_filter ] --END-- [ RunTime:0.000190s ]
INFO: Run Behavior\ParseTemplateBehavior [ RunTime:0.012358s ]
INFO: [ view_parse ] --END-- [ RunTime:0.012474s ]
INFO: [ view_filter ] --START--
INFO: Run Behavior\WriteHtmlCacheBehavior [ RunTime:0.000815s ]
INFO: [ view_filter ] --END-- [ RunTime:0.000921s ]
INFO: [ app_end ] --START--
INFO: Run Behavior\ShowPageTraceBehavior [ RunTime:0.001476s ]
INFO: [ app_end ] --END-- [ RunTime:0.001593s ]

[ 2019-03-05T15:45:40+08:00 ] ::1 /mall/index.php/Home/Index/typemsg
INFO: [ app_init ] --START--
INFO: Run Behavior\BuildLiteBehavior [ RunTime:0.000020s ]
INFO: [ app_init ] --END-- [ RunTime:0.000712s ]
INFO: [ app_begin ] --START--
INFO: Run Behavior\ReadHtmlCacheBehavior [ RunTime:0.000943s ]
INFO: [ app_begin ] --END-- [ RunTime:0.001033s ]
SQL: SHOW COLUMNS FROM `tp_ptype` [ RunTime:0.0068s ]
SQL: SHOW COLUMNS FROM `tp_ptype` [ RunTime:0.0057s ]
SQL: SELECT * FROM `tp_ptype`  [ RunTime:0.0004s ]
INFO: [ view_parse ] --START--
INFO: [ template_filter ] --START--
INFO: Run Behavior\ContentReplaceBehavior [ RunTime:0.000149s ]
INFO: [ template_filter ] --END-- [ RunTime:0.000345s ]
INFO: Run Behavior\ParseTemplateBehavior [ RunTime:0.009872s ]
INFO: [ view_parse ] --END-- [ RunTime:0.009965s ]
INFO: [ view_filter ] --START--
INFO: Run Behavior\WriteHtmlCacheBehavior [ RunTime:0.000639s ]
INFO: [ view_filter ] --END-- [ RunTime:0.000716s ]
INFO: [ app_end ] --START--
INFO: Run Behavior\ShowPageTraceBehavior [ RunTime:0.000980s ]
INFO: [ app_end ] --END-- [ RunTime:0.001056s ]

[ 2019-03-05T15:45:41+08:00 ] ::1 /mall/index.php/Home/Index/productmsg
INFO: [ app_init ] --START--
INFO: Run Behavior\BuildLiteBehavior [ RunTime:0.000021s ]
INFO: [ app_init ] --END-- [ RunTime:0.000659s ]
INFO: [ app_begin ] --START--
INFO: Run Behavior\ReadHtmlCacheBehavior [ RunTime:0.000927s ]
INFO: [ app_begin ] --END-- [ RunTime:0.001025s ]
SQL: SHOW COLUMNS FROM `tp_productinfo` [ RunTime:0.0078s ]
SQL: SHOW COLUMNS FROM `tp_productinfo` [ RunTime:0.0090s ]
SQL: SHOW COLUMNS FROM `tp_ptype` [ RunTime:0.0123s ]
SQL: SELECT * FROM tp_productinfo productinfo  JOIN tp_ptype ptype ON productinfo.type_id=ptype.type_id  [ RunTime:0.0007s ]
SQL: SHOW COLUMNS FROM `tp_productinfo` [ RunTime:0.0054s ]
SQL: SELECT COUNT(*) AS tp_count FROM `tp_productinfo` LIMIT 1   [ RunTime:0.0002s ]
SQL: SHOW COLUMNS FROM `tp_productinfo` [ RunTime:0.0040s ]
SQL: SELECT * FROM tp_productinfo as a INNER JOIN tp_ptype as b  WHERE ( a.type_id = b.type_id ) LIMIT 0,5   [ RunTime:0.0004s ]
INFO: [ view_parse ] --START--
INFO: [ template_filter ] --START--
INFO: Run Behavior\ContentReplaceBehavior [ RunTime:0.000046s ]
INFO: [ template_filter ] --END-- [ RunTime:0.000101s ]
INFO: Run Behavior\ParseTemplateBehavior [ RunTime:0.006866s ]
INFO: [ view_parse ] --END-- [ RunTime:0.006937s ]
INFO: [ view_filter ] --START--
INFO: Run Behavior\WriteHtmlCacheBehavior [ RunTime:0.000480s ]
INFO: [ view_filter ] --END-- [ RunTime:0.000531s ]
INFO: [ app_end ] --START--
INFO: Run Behavior\ShowPageTraceBehavior [ RunTime:0.000679s ]
INFO: [ app_end ] --END-- [ RunTime:0.000731s ]

[ 2019-03-05T15:45:42+08:00 ] ::1 /mall/index.php/Home/Index/typemsg
INFO: [ app_init ] --START--
INFO: Run Behavior\BuildLiteBehavior [ RunTime:0.000022s ]
INFO: [ app_init ] --END-- [ RunTime:0.000676s ]
INFO: [ app_begin ] --START--
INFO: Run Behavior\ReadHtmlCacheBehavior [ RunTime:0.000890s ]
INFO: [ app_begin ] --END-- [ RunTime:0.000974s ]
SQL: SHOW COLUMNS FROM `tp_ptype` [ RunTime:0.0156s ]
SQL: SHOW COLUMNS FROM `tp_ptype` [ RunTime:0.0136s ]
SQL: SELECT * FROM `tp_ptype`  [ RunTime:0.0004s ]
INFO: [ view_parse ] --START--
INFO: [ template_filter ] --START--
INFO: Run Behavior\ContentReplaceBehavior [ RunTime:0.000069s ]
INFO: [ template_filter ] --END-- [ RunTime:0.000160s ]
INFO: Run Behavior\ParseTemplateBehavior [ RunTime:0.010608s ]
INFO: [ view_parse ] --END-- [ RunTime:0.010705s ]
INFO: [ view_filter ] --START--
INFO: Run Behavior\WriteHtmlCacheBehavior [ RunTime:0.000669s ]
INFO: [ view_filter ] --END-- [ RunTime:0.000751s ]
INFO: [ app_end ] --START--
INFO: Run Behavior\ShowPageTraceBehavior [ RunTime:0.000983s ]
INFO: [ app_end ] --END-- [ RunTime:0.001063s ]

[ 2019-03-05T15:45:43+08:00 ] ::1 /mall/index.php/Home/Index/productmsg
INFO: [ app_init ] --START--
INFO: Run Behavior\BuildLiteBehavior [ RunTime:0.000022s ]
INFO: [ app_init ] --END-- [ RunTime:0.000688s ]
INFO: [ app_begin ] --START--
INFO: Run Behavior\ReadHtmlCacheBehavior [ RunTime:0.000940s ]
INFO: [ app_begin ] --END-- [ RunTime:0.001027s ]
SQL: SHOW COLUMNS FROM `tp_productinfo` [ RunTime:0.0049s ]
SQL: SHOW COLUMNS FROM `tp_productinfo` [ RunTime:0.0058s ]
SQL: SHOW COLUMNS FROM `tp_ptype` [ RunTime:0.0059s ]
SQL: SELECT * FROM tp_productinfo productinfo  JOIN tp_ptype ptype ON productinfo.type_id=ptype.type_id  [ RunTime:0.0007s ]
SQL: SHOW COLUMNS FROM `tp_productinfo` [ RunTime:0.0058s ]
SQL: SELECT COUNT(*) AS tp_count FROM `tp_productinfo` LIMIT 1   [ RunTime:0.0003s ]
SQL: SHOW COLUMNS FROM `tp_productinfo` [ RunTime:0.0059s ]
SQL: SELECT * FROM tp_productinfo as a INNER JOIN tp_ptype as b  WHERE ( a.type_id = b.type_id ) LIMIT 0,5   [ RunTime:0.0005s ]
INFO: [ view_parse ] --START--
INFO: [ template_filter ] --START--
INFO: Run Behavior\ContentReplaceBehavior [ RunTime:0.000046s ]
INFO: [ template_filter ] --END-- [ RunTime:0.000098s ]
INFO: Run Behavior\ParseTemplateBehavior [ RunTime:0.007551s ]
INFO: [ view_parse ] --END-- [ RunTime:0.007628s ]
INFO: [ view_filter ] --START--
INFO: Run Behavior\WriteHtmlCacheBehavior [ RunTime:0.000465s ]
INFO: [ view_filter ] --END-- [ RunTime:0.000522s ]
INFO: [ app_end ] --START--
INFO: Run Behavior\ShowPageTraceBehavior [ RunTime:0.000663s ]
INFO: [ app_end ] --END-- [ RunTime:0.000712s ]

[ 2019-03-05T15:45:44+08:00 ] ::1 /mall/index.php/Home/Index/productmsg/p/2.html
INFO: [ app_init ] --START--
INFO: Run Behavior\BuildLiteBehavior [ RunTime:0.000014s ]
INFO: [ app_init ] --END-- [ RunTime:0.000439s ]
INFO: [ app_begin ] --START--
INFO: Run Behavior\ReadHtmlCacheBehavior [ RunTime:0.000621s ]
INFO: [ app_begin ] --END-- [ RunTime:0.000680s ]
SQL: SHOW COLUMNS FROM `tp_productinfo` [ RunTime:0.0160s ]
SQL: SHOW COLUMNS FROM `tp_productinfo` [ RunTime:0.0095s ]
SQL: SHOW COLUMNS FROM `tp_ptype` [ RunTime:0.0088s ]
SQL: SELECT * FROM tp_productinfo productinfo  JOIN tp_ptype ptype ON productinfo.type_id=ptype.type_id  [ RunTime:0.0010s ]
SQL: SHOW COLUMNS FROM `tp_productinfo` [ RunTime:0.0094s ]
SQL: SELECT COUNT(*) AS tp_count FROM `tp_productinfo` LIMIT 1   [ RunTime:0.0003s ]
SQL: SHOW COLUMNS FROM `tp_productinfo` [ RunTime:0.0044s ]
SQL: SELECT * FROM tp_productinfo as a INNER JOIN tp_ptype as b  WHERE ( a.type_id = b.type_id ) LIMIT 5,5   [ RunTime:0.0003s ]
INFO: [ view_parse ] --START--
INFO: [ template_filter ] --START--
INFO: Run Behavior\ContentReplaceBehavior [ RunTime:0.000074s ]
INFO: [ template_filter ] --END-- [ RunTime:0.000125s ]
INFO: Run Behavior\ParseTemplateBehavior [ RunTime:0.006641s ]
INFO: [ view_parse ] --END-- [ RunTime:0.006709s ]
INFO: [ view_filter ] --START--
INFO: Run Behavior\WriteHtmlCacheBehavior [ RunTime:0.000503s ]
INFO: [ view_filter ] --END-- [ RunTime:0.000565s ]
INFO: [ app_end ] --START--
INFO: Run Behavior\ShowPageTraceBehavior [ RunTime:0.000694s ]
INFO: [ app_end ] --END-- [ RunTime:0.000744s ]

[ 2019-03-05T15:45:45+08:00 ] ::1 /mall/index.php/Home/Index/productmsg/p/2.html
INFO: [ app_init ] --START--
INFO: Run Behavior\BuildLiteBehavior [ RunTime:0.000019s ]
INFO: [ app_init ] --END-- [ RunTime:0.000621s ]
INFO: [ app_begin ] --START--
INFO: Run Behavior\ReadHtmlCacheBehavior [ RunTime:0.000768s ]
INFO: [ app_begin ] --END-- [ RunTime:0.000832s ]
SQL: SHOW COLUMNS FROM `tp_productinfo` [ RunTime:0.0062s ]
SQL: SHOW COLUMNS FROM `tp_productinfo` [ RunTime:0.0058s ]
SQL: SHOW COLUMNS FROM `tp_ptype` [ RunTime:0.0057s ]
SQL: SELECT * FROM tp_productinfo productinfo  JOIN tp_ptype ptype ON productinfo.type_id=ptype.type_id  [ RunTime:0.0007s ]
SQL: SHOW COLUMNS FROM `tp_productinfo` [ RunTime:0.0047s ]
SQL: SELECT COUNT(*) AS tp_count FROM `tp_productinfo` LIMIT 1   [ RunTime:0.0003s ]
SQL: SHOW COLUMNS FROM `tp_productinfo` [ RunTime:0.0046s ]
SQL: SELECT * FROM tp_productinfo as a INNER JOIN tp_ptype as b  WHERE ( a.type_id = b.type_id ) LIMIT 5,5   [ RunTime:0.0004s ]
INFO: [ view_parse ] --START--
INFO: [ template_filter ] --START--
INFO: Run Behavior\ContentReplaceBehavior [ RunTime:0.000047s ]
INFO: [ template_filter ] --END-- [ RunTime:0.000099s ]
INFO: Run Behavior\ParseTemplateBehavior [ RunTime:0.006993s ]
INFO: [ view_parse ] --END-- [ RunTime:0.007063s ]
INFO: [ view_filter ] --START--
INFO: Run Behavior\WriteHtmlCacheBehavior [ RunTime:0.000513s ]
INFO: [ view_filter ] --END-- [ RunTime:0.000566s ]
INFO: [ app_end ] --START--
INFO: Run Behavior\ShowPageTraceBehavior [ RunTime:0.000748s ]
INFO: [ app_end ] --END-- [ RunTime:0.000799s ]

[ 2019-03-05T15:45:46+08:00 ] ::1 /mall/index.php/Home/Index/productmsg/p/3.html
INFO: [ app_init ] --START--
INFO: Run Behavior\BuildLiteBehavior [ RunTime:0.000023s ]
INFO: [ app_init ] --END-- [ RunTime:0.000746s ]
INFO: [ app_begin ] --START--
INFO: Run Behavior\ReadHtmlCacheBehavior [ RunTime:0.000977s ]
INFO: [ app_begin ] --END-- [ RunTime:0.001068s ]
SQL: SHOW COLUMNS FROM `tp_productinfo` [ RunTime:0.0180s ]
SQL: SHOW COLUMNS FROM `tp_productinfo` [ RunTime:0.0180s ]
SQL: SHOW COLUMNS FROM `tp_ptype` [ RunTime:0.0104s ]
SQL: SELECT * FROM tp_productinfo productinfo  JOIN tp_ptype ptype ON productinfo.type_id=ptype.type_id  [ RunTime:0.0010s ]
SQL: SHOW COLUMNS FROM `tp_productinfo` [ RunTime:0.0078s ]
SQL: SELECT COUNT(*) AS tp_count FROM `tp_productinfo` LIMIT 1   [ RunTime:0.0004s ]
SQL: SHOW COLUMNS FROM `tp_productinfo` [ RunTime:0.0076s ]
SQL: SELECT * FROM tp_productinfo as a INNER JOIN tp_ptype as b  WHERE ( a.type_id = b.type_id ) LIMIT 10,5   [ RunTime:0.0006s ]
INFO: [ view_parse ] --START--
INFO: [ template_filter ] --START--
INFO: Run Behavior\ContentReplaceBehavior [ RunTime:0.000049s ]
INFO: [ template_filter ] --END-- [ RunTime:0.000112s ]
INFO: Run Behavior\ParseTemplateBehavior [ RunTime:0.008383s ]
INFO: [ view_parse ] --END-- [ RunTime:0.008466s ]
INFO: [ view_filter ] --START--
INFO: Run Behavior\WriteHtmlCacheBehavior [ RunTime:0.000486s ]
INFO: [ view_filter ] --END-- [ RunTime:0.000537s ]
INFO: [ app_end ] --START--
INFO: Run Behavior\ShowPageTraceBehavior [ RunTime:0.000668s ]
INFO: [ app_end ] --END-- [ RunTime:0.000720s ]

[ 2019-03-05T15:45:47+08:00 ] ::1 /mall/index.php/Home/Index/productmsg/p/2.html
INFO: [ app_init ] --START--
INFO: Run Behavior\BuildLiteBehavior [ RunTime:0.000075s ]
INFO: [ app_init ] --END-- [ RunTime:0.000919s ]
INFO: [ app_begin ] --START--
INFO: Run Behavior\ReadHtmlCacheBehavior [ RunTime:0.000743s ]
INFO: [ app_begin ] --END-- [ RunTime:0.000810s ]
SQL: SHOW COLUMNS FROM `tp_productinfo` [ RunTime:0.0051s ]
SQL: SHOW COLUMNS FROM `tp_productinfo` [ RunTime:0.0042s ]
SQL: SHOW COLUMNS FROM `tp_ptype` [ RunTime:0.0041s ]
SQL: SELECT * FROM tp_productinfo productinfo  JOIN tp_ptype ptype ON productinfo.type_id=ptype.type_id  [ RunTime:0.0004s ]
SQL: SHOW COLUMNS FROM `tp_productinfo` [ RunTime:0.0042s ]
SQL: SELECT COUNT(*) AS tp_count FROM `tp_productinfo` LIMIT 1   [ RunTime:0.0002s ]
SQL: SHOW COLUMNS FROM `tp_productinfo` [ RunTime:0.0043s ]
SQL: SELECT * FROM tp_productinfo as a INNER JOIN tp_ptype as b  WHERE ( a.type_id = b.type_id ) LIMIT 5,5   [ RunTime:0.0004s ]
INFO: [ view_parse ] --START--
INFO: [ template_filter ] --START--
INFO: Run Behavior\ContentReplaceBehavior [ RunTime:0.000051s ]
INFO: [ template_filter ] --END-- [ RunTime:0.000112s ]
INFO: Run Behavior\ParseTemplateBehavior [ RunTime:0.007557s ]
INFO: [ view_parse ] --END-- [ RunTime:0.007630s ]
INFO: [ view_filter ] --START--
INFO: Run Behavior\WriteHtmlCacheBehavior [ RunTime:0.000470s ]
INFO: [ view_filter ] --END-- [ RunTime:0.000518s ]
INFO: [ app_end ] --START--
INFO: Run Behavior\ShowPageTraceBehavior [ RunTime:0.000645s ]
INFO: [ app_end ] --END-- [ RunTime:0.000727s ]

[ 2019-03-05T15:45:49+08:00 ] ::1 /mall/index.php/Home/Index/addproduct
INFO: [ app_init ] --START--
INFO: Run Behavior\BuildLiteBehavior [ RunTime:0.000021s ]
INFO: [ app_init ] --END-- [ RunTime:0.000701s ]
INFO: [ app_begin ] --START--
INFO: Run Behavior\ReadHtmlCacheBehavior [ RunTime:0.001099s ]
INFO: [ app_begin ] --END-- [ RunTime:0.001214s ]
SQL: SHOW COLUMNS FROM `tp_ptype` [ RunTime:0.0162s ]
SQL: SHOW COLUMNS FROM `tp_ptype` [ RunTime:0.0109s ]
SQL: SELECT * FROM `tp_ptype`  [ RunTime:0.0005s ]
INFO: [ view_parse ] --START--
INFO: [ template_filter ] --START--
INFO: Run Behavior\ContentReplaceBehavior [ RunTime:0.000083s ]
INFO: [ template_filter ] --END-- [ RunTime:0.000183s ]
INFO: Run Behavior\ParseTemplateBehavior [ RunTime:0.011328s ]
INFO: [ view_parse ] --END-- [ RunTime:0.011450s ]
INFO: [ view_filter ] --START--
INFO: Run Behavior\WriteHtmlCacheBehavior [ RunTime:0.000853s ]
INFO: [ view_filter ] --END-- [ RunTime:0.000953s ]
INFO: [ app_end ] --START--
INFO: Run Behavior\ShowPageTraceBehavior [ RunTime:0.001305s ]
INFO: [ app_end ] --END-- [ RunTime:0.001405s ]

[ 2019-03-05T15:45:54+08:00 ] ::1 /mall/index.php/Home/Index/productmsg
INFO: [ app_init ] --START--
INFO: Run Behavior\BuildLiteBehavior [ RunTime:0.000020s ]
INFO: [ app_init ] --END-- [ RunTime:0.000648s ]
INFO: [ app_begin ] --START--
INFO: Run Behavior\ReadHtmlCacheBehavior [ RunTime:0.000867s ]
INFO: [ app_begin ] --END-- [ RunTime:0.000957s ]
SQL: SHOW COLUMNS FROM `tp_productinfo` [ RunTime:0.0151s ]
SQL: SHOW COLUMNS FROM `tp_productinfo` [ RunTime:0.0154s ]
SQL: SHOW COLUMNS FROM `tp_ptype` [ RunTime:0.0061s ]
SQL: SELECT * FROM tp_productinfo productinfo  JOIN tp_ptype ptype ON productinfo.type_id=ptype.type_id  [ RunTime:0.0007s ]
SQL: SHOW COLUMNS FROM `tp_productinfo` [ RunTime:0.0062s ]
SQL: SELECT COUNT(*) AS tp_count FROM `tp_productinfo` LIMIT 1   [ RunTime:0.0003s ]
SQL: SHOW COLUMNS FROM `tp_productinfo` [ RunTime:0.0062s ]
SQL: SELECT * FROM tp_productinfo as a INNER JOIN tp_ptype as b  WHERE ( a.type_id = b.type_id ) LIMIT 0,5   [ RunTime:0.0005s ]
INFO: [ view_parse ] --START--
INFO: [ template_filter ] --START--
INFO: Run Behavior\ContentReplaceBehavior [ RunTime:0.000046s ]
INFO: [ template_filter ] --END-- [ RunTime:0.000106s ]
INFO: Run Behavior\ParseTemplateBehavior [ RunTime:0.009028s ]
INFO: [ view_parse ] --END-- [ RunTime:0.009102s ]
INFO: [ view_filter ] --START--
INFO: Run Behavior\WriteHtmlCacheBehavior [ RunTime:0.000506s ]
INFO: [ view_filter ] --END-- [ RunTime:0.000555s ]
INFO: [ app_end ] --START--
INFO: Run Behavior\ShowPageTraceBehavior [ RunTime:0.000731s ]
INFO: [ app_end ] --END-- [ RunTime:0.000780s ]

[ 2019-03-05T15:45:56+08:00 ] ::1 /mall/index.php/Home/Index/typemsg
INFO: [ app_init ] --START--
INFO: Run Behavior\BuildLiteBehavior [ RunTime:0.000021s ]
INFO: [ app_init ] --END-- [ RunTime:0.000727s ]
INFO: [ app_begin ] --START--
INFO: Run Behavior\ReadHtmlCacheBehavior [ RunTime:0.000902s ]
INFO: [ app_begin ] --END-- [ RunTime:0.000995s ]
SQL: SHOW COLUMNS FROM `tp_ptype` [ RunTime:0.0154s ]
SQL: SHOW COLUMNS FROM `tp_ptype` [ RunTime:0.0156s ]
SQL: SELECT * FROM `tp_ptype`  [ RunTime:0.0004s ]
INFO: [ view_parse ] --START--
INFO: [ template_filter ] --START--
INFO: Run Behavior\ContentReplaceBehavior [ RunTime:0.000066s ]
INFO: [ template_filter ] --END-- [ RunTime:0.000153s ]
INFO: Run Behavior\ParseTemplateBehavior [ RunTime:0.009866s ]
INFO: [ view_parse ] --END-- [ RunTime:0.009959s ]
INFO: [ view_filter ] --START--
INFO: Run Behavior\WriteHtmlCacheBehavior [ RunTime:0.000635s ]
INFO: [ view_filter ] --END-- [ RunTime:0.000713s ]
INFO: [ app_end ] --START--
INFO: Run Behavior\ShowPageTraceBehavior [ RunTime:0.000947s ]
INFO: [ app_end ] --END-- [ RunTime:0.001024s ]

[ 2019-03-05T15:46:03+08:00 ] ::1 /mall/index.php/Home/Index/productmsg
INFO: [ app_init ] --START--
INFO: Run Behavior\BuildLiteBehavior [ RunTime:0.000022s ]
INFO: [ app_init ] --END-- [ RunTime:0.000694s ]
INFO: [ app_begin ] --START--
INFO: Run Behavior\ReadHtmlCacheBehavior [ RunTime:0.000863s ]
INFO: [ app_begin ] --END-- [ RunTime:0.000950s ]
SQL: SHOW COLUMNS FROM `tp_productinfo` [ RunTime:0.0154s ]
SQL: SHOW COLUMNS FROM `tp_productinfo` [ RunTime:0.0146s ]
SQL: SHOW COLUMNS FROM `tp_ptype` [ RunTime:0.0105s ]
SQL: SELECT * FROM tp_productinfo productinfo  JOIN tp_ptype ptype ON productinfo.type_id=ptype.type_id  [ RunTime:0.0007s ]
SQL: SHOW COLUMNS FROM `tp_productinfo` [ RunTime:0.0063s ]
SQL: SELECT COUNT(*) AS tp_count FROM `tp_productinfo` LIMIT 1   [ RunTime:0.0003s ]
SQL: SHOW COLUMNS FROM `tp_productinfo` [ RunTime:0.0062s ]
SQL: SELECT * FROM tp_productinfo as a INNER JOIN tp_ptype as b  WHERE ( a.type_id = b.type_id ) LIMIT 0,5   [ RunTime:0.0005s ]
INFO: [ view_parse ] --START--
INFO: [ template_filter ] --START--
INFO: Run Behavior\ContentReplaceBehavior [ RunTime:0.000070s ]
INFO: [ template_filter ] --END-- [ RunTime:0.000153s ]
INFO: Run Behavior\ParseTemplateBehavior [ RunTime:0.009784s ]
INFO: [ view_parse ] --END-- [ RunTime:0.009873s ]
INFO: [ view_filter ] --START--
INFO: Run Behavior\WriteHtmlCacheBehavior [ RunTime:0.000520s ]
INFO: [ view_filter ] --END-- [ RunTime:0.000579s ]
INFO: [ app_end ] --START--
INFO: Run Behavior\ShowPageTraceBehavior [ RunTime:0.000655s ]
INFO: [ app_end ] --END-- [ RunTime:0.000708s ]

[ 2019-03-05T15:46:06+08:00 ] ::1 /mall/index.php/Home/Index/addproduct
INFO: [ app_init ] --START--
INFO: Run Behavior\BuildLiteBehavior [ RunTime:0.000014s ]
INFO: [ app_init ] --END-- [ RunTime:0.000458s ]
INFO: [ app_begin ] --START--
INFO: Run Behavior\ReadHtmlCacheBehavior [ RunTime:0.000571s ]
INFO: [ app_begin ] --END-- [ RunTime:0.000629s ]
SQL: SHOW COLUMNS FROM `tp_ptype` [ RunTime:0.0060s ]
SQL: SHOW COLUMNS FROM `tp_ptype` [ RunTime:0.0059s ]
SQL: SELECT * FROM `tp_ptype`  [ RunTime:0.0004s ]
INFO: [ view_parse ] --START--
INFO: [ template_filter ] --START--
INFO: Run Behavior\ContentReplaceBehavior [ RunTime:0.000067s ]
INFO: [ template_filter ] --END-- [ RunTime:0.000154s ]
INFO: Run Behavior\ParseTemplateBehavior [ RunTime:0.008589s ]
INFO: [ view_parse ] --END-- [ RunTime:0.008681s ]
INFO: [ view_filter ] --START--
INFO: Run Behavior\WriteHtmlCacheBehavior [ RunTime:0.000620s ]
INFO: [ view_filter ] --END-- [ RunTime:0.000695s ]
INFO: [ app_end ] --START--
INFO: Run Behavior\ShowPageTraceBehavior [ RunTime:0.000927s ]
INFO: [ app_end ] --END-- [ RunTime:0.001002s ]

[ 2019-03-05T15:46:37+08:00 ] ::1 /mall/index.php/Home/Index/addnewproduct
INFO: [ app_init ] --START--
INFO: Run Behavior\BuildLiteBehavior [ RunTime:0.000014s ]
INFO: [ app_init ] --END-- [ RunTime:0.000408s ]
INFO: [ app_begin ] --START--
INFO: Run Behavior\ReadHtmlCacheBehavior [ RunTime:0.000562s ]
INFO: [ app_begin ] --END-- [ RunTime:0.000622s ]
SQL: SHOW COLUMNS FROM `tp_productinfo` [ RunTime:0.0047s ]
SQL: SHOW COLUMNS FROM `tp_productinfo` [ RunTime:0.0042s ]
SQL: SELECT * FROM `tp_productinfo` WHERE ( product_name='荣耀v2' ) LIMIT 1   [ RunTime:0.0003s ]
SQL: INSERT INTO `tp_productinfo` (`product_name`,`type_id`,`product_price`,`product_img`,`product_detail`,`product_count`,`is_show`,`product_sort`,`is_recommend`) VALUES ('荣耀v2','2','2999','public/UserInterface/uploadfiles/4655316023.','','55','11','1','1') [ RunTime:0.0185s ]
INFO: [ view_parse ] --START--
INFO: [ template_filter ] --START--
INFO: Run Behavior\ContentReplaceBehavior [ RunTime:0.000044s ]
INFO: [ template_filter ] --END-- [ RunTime:0.000104s ]
INFO: Run Behavior\ParseTemplateBehavior [ RunTime:0.005353s ]
INFO: [ view_parse ] --END-- [ RunTime:0.005414s ]
INFO: [ view_filter ] --START--
INFO: Run Behavior\WriteHtmlCacheBehavior [ RunTime:0.000435s ]
INFO: [ view_filter ] --END-- [ RunTime:0.000486s ]
INFO: [ app_end ] --START--
INFO: Run Behavior\ShowPageTraceBehavior [ RunTime:0.000634s ]
INFO: [ app_end ] --END-- [ RunTime:0.000687s ]

[ 2019-03-05T15:46:39+08:00 ] ::1 /mall/index.php/Home/Index/productmsg
INFO: [ app_init ] --START--
INFO: Run Behavior\BuildLiteBehavior [ RunTime:0.000013s ]
INFO: [ app_init ] --END-- [ RunTime:0.000406s ]
INFO: [ app_begin ] --START--
INFO: Run Behavior\ReadHtmlCacheBehavior [ RunTime:0.000584s ]
INFO: [ app_begin ] --END-- [ RunTime:0.000644s ]
SQL: SHOW COLUMNS FROM `tp_productinfo` [ RunTime:0.0154s ]
SQL: SHOW COLUMNS FROM `tp_productinfo` [ RunTime:0.0144s ]
SQL: SHOW COLUMNS FROM `tp_ptype` [ RunTime:0.0062s ]
SQL: SELECT * FROM tp_productinfo productinfo  JOIN tp_ptype ptype ON productinfo.type_id=ptype.type_id  [ RunTime:0.0007s ]
SQL: SHOW COLUMNS FROM `tp_productinfo` [ RunTime:0.0062s ]
SQL: SELECT COUNT(*) AS tp_count FROM `tp_productinfo` LIMIT 1   [ RunTime:0.0003s ]
SQL: SHOW COLUMNS FROM `tp_productinfo` [ RunTime:0.0063s ]
SQL: SELECT * FROM tp_productinfo as a INNER JOIN tp_ptype as b  WHERE ( a.type_id = b.type_id ) LIMIT 0,5   [ RunTime:0.0005s ]
INFO: [ view_parse ] --START--
INFO: [ template_filter ] --START--
INFO: Run Behavior\ContentReplaceBehavior [ RunTime:0.000052s ]
INFO: [ template_filter ] --END-- [ RunTime:0.000116s ]
INFO: Run Behavior\ParseTemplateBehavior [ RunTime:0.008656s ]
INFO: [ view_parse ] --END-- [ RunTime:0.008736s ]
INFO: [ view_filter ] --START--
INFO: Run Behavior\WriteHtmlCacheBehavior [ RunTime:0.000442s ]
INFO: [ view_filter ] --END-- [ RunTime:0.000493s ]
INFO: [ app_end ] --START--
INFO: Run Behavior\ShowPageTraceBehavior [ RunTime:0.000647s ]
INFO: [ app_end ] --END-- [ RunTime:0.000699s ]

[ 2019-03-05T15:46:40+08:00 ] ::1 /mall/index.php/Home/Index/productmsg
INFO: [ app_init ] --START--
INFO: Run Behavior\BuildLiteBehavior [ RunTime:0.000015s ]
INFO: [ app_init ] --END-- [ RunTime:0.000432s ]
INFO: [ app_begin ] --START--
INFO: Run Behavior\ReadHtmlCacheBehavior [ RunTime:0.000600s ]
INFO: [ app_begin ] --END-- [ RunTime:0.000664s ]
SQL: SHOW COLUMNS FROM `tp_productinfo` [ RunTime:0.0054s ]
SQL: SHOW COLUMNS FROM `tp_productinfo` [ RunTime:0.0041s ]
SQL: SHOW COLUMNS FROM `tp_ptype` [ RunTime:0.0039s ]
SQL: SELECT * FROM tp_productinfo productinfo  JOIN tp_ptype ptype ON productinfo.type_id=ptype.type_id  [ RunTime:0.0005s ]
SQL: SHOW COLUMNS FROM `tp_productinfo` [ RunTime:0.0049s ]
SQL: SELECT COUNT(*) AS tp_count FROM `tp_productinfo` LIMIT 1   [ RunTime:0.0004s ]
SQL: SHOW COLUMNS FROM `tp_productinfo` [ RunTime:0.0044s ]
SQL: SELECT * FROM tp_productinfo as a INNER JOIN tp_ptype as b  WHERE ( a.type_id = b.type_id ) LIMIT 0,5   [ RunTime:0.0003s ]
INFO: [ view_parse ] --START--
INFO: [ template_filter ] --START--
INFO: Run Behavior\ContentReplaceBehavior [ RunTime:0.000047s ]
INFO: [ template_filter ] --END-- [ RunTime:0.000102s ]
INFO: Run Behavior\ParseTemplateBehavior [ RunTime:0.006383s ]
INFO: [ view_parse ] --END-- [ RunTime:0.006448s ]
INFO: [ view_filter ] --START--
INFO: Run Behavior\WriteHtmlCacheBehavior [ RunTime:0.000499s ]
INFO: [ view_filter ] --END-- [ RunTime:0.000549s ]
INFO: [ app_end ] --START--
INFO: Run Behavior\ShowPageTraceBehavior [ RunTime:0.000643s ]
INFO: [ app_end ] --END-- [ RunTime:0.000694s ]

[ 2019-03-05T15:47:37+08:00 ] ::1 /mall/index.php/Home/Index/productmsg/p/2.html
INFO: [ app_init ] --START--
INFO: Run Behavior\BuildLiteBehavior [ RunTime:0.000018s ]
INFO: [ app_init ] --END-- [ RunTime:0.000742s ]
INFO: [ app_begin ] --START--
INFO: Run Behavior\ReadHtmlCacheBehavior [ RunTime:0.000761s ]
INFO: [ app_begin ] --END-- [ RunTime:0.000821s ]
SQL: SHOW COLUMNS FROM `tp_productinfo` [ RunTime:0.0064s ]
SQL: SHOW COLUMNS FROM `tp_productinfo` [ RunTime:0.0060s ]
SQL: SHOW COLUMNS FROM `tp_ptype` [ RunTime:0.0062s ]
SQL: SELECT * FROM tp_productinfo productinfo  JOIN tp_ptype ptype ON productinfo.type_id=ptype.type_id  [ RunTime:0.0007s ]
SQL: SHOW COLUMNS FROM `tp_productinfo` [ RunTime:0.0050s ]
SQL: SELECT COUNT(*) AS tp_count FROM `tp_productinfo` LIMIT 1   [ RunTime:0.0002s ]
SQL: SHOW COLUMNS FROM `tp_productinfo` [ RunTime:0.0042s ]
SQL: SELECT * FROM tp_productinfo as a INNER JOIN tp_ptype as b  WHERE ( a.type_id = b.type_id ) LIMIT 5,5   [ RunTime:0.0004s ]
INFO: [ view_parse ] --START--
INFO: [ template_filter ] --START--
INFO: Run Behavior\ContentReplaceBehavior [ RunTime:0.000053s ]
INFO: [ template_filter ] --END-- [ RunTime:0.000125s ]
INFO: Run Behavior\ParseTemplateBehavior [ RunTime:0.007355s ]
INFO: [ view_parse ] --END-- [ RunTime:0.007428s ]
INFO: [ view_filter ] --START--
INFO: Run Behavior\WriteHtmlCacheBehavior [ RunTime:0.000494s ]
INFO: [ view_filter ] --END-- [ RunTime:0.000543s ]
INFO: [ app_end ] --START--
INFO: Run Behavior\ShowPageTraceBehavior [ RunTime:0.000678s ]
INFO: [ app_end ] --END-- [ RunTime:0.000728s ]

[ 2019-03-05T15:47:40+08:00 ] ::1 /mall/index.php/Home/Index/productmsg/p/3.html
INFO: [ app_init ] --START--
INFO: Run Behavior\BuildLiteBehavior [ RunTime:0.000017s ]
INFO: [ app_init ] --END-- [ RunTime:0.000489s ]
INFO: [ app_begin ] --START--
INFO: Run Behavior\ReadHtmlCacheBehavior [ RunTime:0.000561s ]
INFO: [ app_begin ] --END-- [ RunTime:0.000620s ]
SQL: SHOW COLUMNS FROM `tp_productinfo` [ RunTime:0.0094s ]
SQL: SHOW COLUMNS FROM `tp_productinfo` [ RunTime:0.0099s ]
SQL: SHOW COLUMNS FROM `tp_ptype` [ RunTime:0.0085s ]
SQL: SELECT * FROM tp_productinfo productinfo  JOIN tp_ptype ptype ON productinfo.type_id=ptype.type_id  [ RunTime:0.0007s ]
SQL: SHOW COLUMNS FROM `tp_productinfo` [ RunTime:0.0048s ]
SQL: SELECT COUNT(*) AS tp_count FROM `tp_productinfo` LIMIT 1   [ RunTime:0.0003s ]
SQL: SHOW COLUMNS FROM `tp_productinfo` [ RunTime:0.0044s ]
SQL: SELECT * FROM tp_productinfo as a INNER JOIN tp_ptype as b  WHERE ( a.type_id = b.type_id ) LIMIT 10,5   [ RunTime:0.0005s ]
INFO: [ view_parse ] --START--
INFO: [ template_filter ] --START--
INFO: Run Behavior\ContentReplaceBehavior [ RunTime:0.000047s ]
INFO: [ template_filter ] --END-- [ RunTime:0.000101s ]
INFO: Run Behavior\ParseTemplateBehavior [ RunTime:0.007072s ]
INFO: [ view_parse ] --END-- [ RunTime:0.007138s ]
INFO: [ view_filter ] --START--
INFO: Run Behavior\WriteHtmlCacheBehavior [ RunTime:0.000460s ]
INFO: [ view_filter ] --END-- [ RunTime:0.000508s ]
INFO: [ app_end ] --START--
INFO: Run Behavior\ShowPageTraceBehavior [ RunTime:0.000646s ]
INFO: [ app_end ] --END-- [ RunTime:0.000709s ]

[ 2019-03-05T15:47:43+08:00 ] ::1 /mall/index.php/Home/Index/productmsg/p/1.html
INFO: [ app_init ] --START--
INFO: Run Behavior\BuildLiteBehavior [ RunTime:0.000021s ]
INFO: [ app_init ] --END-- [ RunTime:0.000670s ]
INFO: [ app_begin ] --START--
INFO: Run Behavior\ReadHtmlCacheBehavior [ RunTime:0.000940s ]
INFO: [ app_begin ] --END-- [ RunTime:0.001029s ]
SQL: SHOW COLUMNS FROM `tp_productinfo` [ RunTime:0.0082s ]
SQL: SHOW COLUMNS FROM `tp_productinfo` [ RunTime:0.0079s ]
SQL: SHOW COLUMNS FROM `tp_ptype` [ RunTime:0.0077s ]
SQL: SELECT * FROM tp_productinfo productinfo  JOIN tp_ptype ptype ON productinfo.type_id=ptype.type_id  [ RunTime:0.0009s ]
SQL: SHOW COLUMNS FROM `tp_productinfo` [ RunTime:0.0058s ]
SQL: SELECT COUNT(*) AS tp_count FROM `tp_productinfo` LIMIT 1   [ RunTime:0.0003s ]
SQL: SHOW COLUMNS FROM `tp_productinfo` [ RunTime:0.0043s ]
SQL: SELECT * FROM tp_productinfo as a INNER JOIN tp_ptype as b  WHERE ( a.type_id = b.type_id ) LIMIT 0,5   [ RunTime:0.0004s ]
INFO: [ view_parse ] --START--
INFO: [ template_filter ] --START--
INFO: Run Behavior\ContentReplaceBehavior [ RunTime:0.000047s ]
INFO: [ template_filter ] --END-- [ RunTime:0.000145s ]
INFO: Run Behavior\ParseTemplateBehavior [ RunTime:0.007101s ]
INFO: [ view_parse ] --END-- [ RunTime:0.007175s ]
INFO: [ view_filter ] --START--
INFO: Run Behavior\WriteHtmlCacheBehavior [ RunTime:0.000501s ]
INFO: [ view_filter ] --END-- [ RunTime:0.000560s ]
INFO: [ app_end ] --START--
INFO: Run Behavior\ShowPageTraceBehavior [ RunTime:0.000658s ]
INFO: [ app_end ] --END-- [ RunTime:0.000718s ]

[ 2019-03-05T15:47:48+08:00 ] ::1 /mall/index.php/Home/Index/productmsg/p/2.html
INFO: [ app_init ] --START--
INFO: Run Behavior\BuildLiteBehavior [ RunTime:0.000015s ]
INFO: [ app_init ] --END-- [ RunTime:0.000490s ]
INFO: [ app_begin ] --START--
INFO: Run Behavior\ReadHtmlCacheBehavior [ RunTime:0.000737s ]
INFO: [ app_begin ] --END-- [ RunTime:0.000814s ]
SQL: SHOW COLUMNS FROM `tp_productinfo` [ RunTime:0.0100s ]
SQL: SHOW COLUMNS FROM `tp_productinfo` [ RunTime:0.0099s ]
SQL: SHOW COLUMNS FROM `tp_ptype` [ RunTime:0.0101s ]
SQL: SELECT * FROM tp_productinfo productinfo  JOIN tp_ptype ptype ON productinfo.type_id=ptype.type_id  [ RunTime:0.0011s ]
SQL: SHOW COLUMNS FROM `tp_productinfo` [ RunTime:0.0047s ]
SQL: SELECT COUNT(*) AS tp_count FROM `tp_productinfo` LIMIT 1   [ RunTime:0.0002s ]
SQL: SHOW COLUMNS FROM `tp_productinfo` [ RunTime:0.0045s ]
SQL: SELECT * FROM tp_productinfo as a INNER JOIN tp_ptype as b  WHERE ( a.type_id = b.type_id ) LIMIT 5,5   [ RunTime:0.0004s ]
INFO: [ view_parse ] --START--
INFO: [ template_filter ] --START--
INFO: Run Behavior\ContentReplaceBehavior [ RunTime:0.000053s ]
INFO: [ template_filter ] --END-- [ RunTime:0.000113s ]
INFO: Run Behavior\ParseTemplateBehavior [ RunTime:0.006678s ]
INFO: [ view_parse ] --END-- [ RunTime:0.006747s ]
INFO: [ view_filter ] --START--
INFO: Run Behavior\WriteHtmlCacheBehavior [ RunTime:0.000449s ]
INFO: [ view_filter ] --END-- [ RunTime:0.000500s ]
INFO: [ app_end ] --START--
INFO: Run Behavior\ShowPageTraceBehavior [ RunTime:0.000682s ]
INFO: [ app_end ] --END-- [ RunTime:0.000740s ]

[ 2019-03-05T15:47:53+08:00 ] ::1 /mall/index.php/Home/Index/typemsg
INFO: [ app_init ] --START--
INFO: Run Behavior\BuildLiteBehavior [ RunTime:0.000030s ]
INFO: [ app_init ] --END-- [ RunTime:0.000716s ]
INFO: [ app_begin ] --START--
INFO: Run Behavior\ReadHtmlCacheBehavior [ RunTime:0.000943s ]
INFO: [ app_begin ] --END-- [ RunTime:0.001033s ]
SQL: SHOW COLUMNS FROM `tp_ptype` [ RunTime:0.0046s ]
SQL: SHOW COLUMNS FROM `tp_ptype` [ RunTime:0.0041s ]
SQL: SELECT * FROM `tp_ptype`  [ RunTime:0.0003s ]
INFO: [ view_parse ] --START--
INFO: [ template_filter ] --START--
INFO: Run Behavior\ContentReplaceBehavior [ RunTime:0.000044s ]
INFO: [ template_filter ] --END-- [ RunTime:0.000098s ]
INFO: Run Behavior\ParseTemplateBehavior [ RunTime:0.005960s ]
INFO: [ view_parse ] --END-- [ RunTime:0.006020s ]
INFO: [ view_filter ] --START--
INFO: Run Behavior\WriteHtmlCacheBehavior [ RunTime:0.000406s ]
INFO: [ view_filter ] --END-- [ RunTime:0.000454s ]
INFO: [ app_end ] --START--
INFO: Run Behavior\ShowPageTraceBehavior [ RunTime:0.000615s ]
INFO: [ app_end ] --END-- [ RunTime:0.000664s ]

[ 2019-03-05T15:47:54+08:00 ] ::1 /mall/index.php/Home/Index/typemsg
INFO: [ app_init ] --START--
INFO: Run Behavior\BuildLiteBehavior [ RunTime:0.000048s ]
INFO: [ app_init ] --END-- [ RunTime:0.000680s ]
INFO: [ app_begin ] --START--
INFO: Run Behavior\ReadHtmlCacheBehavior [ RunTime:0.000665s ]
INFO: [ app_begin ] --END-- [ RunTime:0.000735s ]
SQL: SHOW COLUMNS FROM `tp_ptype` [ RunTime:0.0146s ]
SQL: SHOW COLUMNS FROM `tp_ptype` [ RunTime:0.0174s ]
SQL: SELECT * FROM `tp_ptype`  [ RunTime:0.0012s ]
INFO: [ view_parse ] --START--
INFO: [ template_filter ] --START--
INFO: Run Behavior\ContentReplaceBehavior [ RunTime:0.000094s ]
INFO: [ template_filter ] --END-- [ RunTime:0.000218s ]
INFO: Run Behavior\ParseTemplateBehavior [ RunTime:0.013635s ]
INFO: [ view_parse ] --END-- [ RunTime:0.013776s ]
INFO: [ view_filter ] --START--
INFO: Run Behavior\WriteHtmlCacheBehavior [ RunTime:0.000983s ]
INFO: [ view_filter ] --END-- [ RunTime:0.001102s ]
INFO: [ app_end ] --START--
INFO: Run Behavior\ShowPageTraceBehavior [ RunTime:0.001444s ]
INFO: [ app_end ] --END-- [ RunTime:0.001561s ]

[ 2019-03-05T15:48:05+08:00 ] ::1 /mall/index.php/Home/Index/productmsg
INFO: [ app_init ] --START--
INFO: Run Behavior\BuildLiteBehavior [ RunTime:0.000021s ]
INFO: [ app_init ] --END-- [ RunTime:0.000706s ]
INFO: [ app_begin ] --START--
INFO: Run Behavior\ReadHtmlCacheBehavior [ RunTime:0.000940s ]
INFO: [ app_begin ] --END-- [ RunTime:0.001031s ]
SQL: SHOW COLUMNS FROM `tp_productinfo` [ RunTime:0.0094s ]
SQL: SHOW COLUMNS FROM `tp_productinfo` [ RunTime:0.0094s ]
SQL: SHOW COLUMNS FROM `tp_ptype` [ RunTime:0.0142s ]
SQL: SELECT * FROM tp_productinfo productinfo  JOIN tp_ptype ptype ON productinfo.type_id=ptype.type_id  [ RunTime:0.0016s ]
SQL: SHOW COLUMNS FROM `tp_productinfo` [ RunTime:0.0150s ]
SQL: SELECT COUNT(*) AS tp_count FROM `tp_productinfo` LIMIT 1   [ RunTime:0.0008s ]
SQL: SHOW COLUMNS FROM `tp_productinfo` [ RunTime:0.0148s ]
SQL: SELECT * FROM tp_productinfo as a INNER JOIN tp_ptype as b  WHERE ( a.type_id = b.type_id ) LIMIT 0,5   [ RunTime:0.0012s ]
INFO: [ view_parse ] --START--
INFO: [ template_filter ] --START--
INFO: Run Behavior\ContentReplaceBehavior [ RunTime:0.000102s ]
INFO: [ template_filter ] --END-- [ RunTime:0.000234s ]
INFO: Run Behavior\ParseTemplateBehavior [ RunTime:0.016483s ]
INFO: [ view_parse ] --END-- [ RunTime:0.016677s ]
INFO: [ view_filter ] --START--
INFO: Run Behavior\WriteHtmlCacheBehavior [ RunTime:0.000986s ]
INFO: [ view_filter ] --END-- [ RunTime:0.001105s ]
INFO: [ app_end ] --START--
INFO: Run Behavior\ShowPageTraceBehavior [ RunTime:0.001448s ]
INFO: [ app_end ] --END-- [ RunTime:0.001564s ]

[ 2019-03-05T15:48:06+08:00 ] ::1 /mall/index.php/Home/Index/productmsg
INFO: [ app_init ] --START--
INFO: Run Behavior\BuildLiteBehavior [ RunTime:0.000021s ]
INFO: [ app_init ] --END-- [ RunTime:0.000691s ]
INFO: [ app_begin ] --START--
INFO: Run Behavior\ReadHtmlCacheBehavior [ RunTime:0.000813s ]
INFO: [ app_begin ] --END-- [ RunTime:0.000881s ]
SQL: SHOW COLUMNS FROM `tp_productinfo` [ RunTime:0.0051s ]
SQL: SHOW COLUMNS FROM `tp_productinfo` [ RunTime:0.0043s ]
SQL: SHOW COLUMNS FROM `tp_ptype` [ RunTime:0.0047s ]
SQL: SELECT * FROM tp_productinfo productinfo  JOIN tp_ptype ptype ON productinfo.type_id=ptype.type_id  [ RunTime:0.0005s ]
SQL: SHOW COLUMNS FROM `tp_productinfo` [ RunTime:0.0049s ]
SQL: SELECT COUNT(*) AS tp_count FROM `tp_productinfo` LIMIT 1   [ RunTime:0.0003s ]
SQL: SHOW COLUMNS FROM `tp_productinfo` [ RunTime:0.0044s ]
SQL: SELECT * FROM tp_productinfo as a INNER JOIN tp_ptype as b  WHERE ( a.type_id = b.type_id ) LIMIT 0,5   [ RunTime:0.0003s ]
INFO: [ view_parse ] --START--
INFO: [ template_filter ] --START--
INFO: Run Behavior\ContentReplaceBehavior [ RunTime:0.000048s ]
INFO: [ template_filter ] --END-- [ RunTime:0.000105s ]
INFO: Run Behavior\ParseTemplateBehavior [ RunTime:0.006937s ]
INFO: [ view_parse ] --END-- [ RunTime:0.007004s ]
INFO: [ view_filter ] --START--
INFO: Run Behavior\WriteHtmlCacheBehavior [ RunTime:0.000655s ]
INFO: [ view_filter ] --END-- [ RunTime:0.000709s ]
INFO: [ app_end ] --START--
INFO: Run Behavior\ShowPageTraceBehavior [ RunTime:0.000757s ]
INFO: [ app_end ] --END-- [ RunTime:0.000810s ]

[ 2019-03-05T15:50:44+08:00 ] ::1 /mall/index.php/Home/Login/verify_c.html
INFO: [ app_init ] --START--
INFO: Run Behavior\BuildLiteBehavior [ RunTime:0.000015s ]
INFO: [ app_init ] --END-- [ RunTime:0.000489s ]
INFO: [ app_begin ] --START--
INFO: Run Behavior\ReadHtmlCacheBehavior [ RunTime:0.000686s ]
INFO: [ app_begin ] --END-- [ RunTime:0.000753s ]
INFO: [ app_end ] --START--
INFO: Run Behavior\ShowPageTraceBehavior [ RunTime:0.001148s ]
INFO: [ app_end ] --END-- [ RunTime:0.001308s ]

[ 2019-03-05T15:50:44+08:00 ] ::1 /mall/index.php/Home/Login/verify_c.html
INFO: [ app_init ] --START--
INFO: Run Behavior\BuildLiteBehavior [ RunTime:0.000014s ]
INFO: [ app_init ] --END-- [ RunTime:0.000437s ]
INFO: [ app_begin ] --START--
INFO: Run Behavior\ReadHtmlCacheBehavior [ RunTime:0.000566s ]
INFO: [ app_begin ] --END-- [ RunTime:0.000624s ]
INFO: [ app_end ] --START--
INFO: Run Behavior\ShowPageTraceBehavior [ RunTime:0.000634s ]
INFO: [ app_end ] --END-- [ RunTime:0.000699s ]

[ 2019-03-05T16:28:15+08:00 ] ::1 /mall/index.php/Home/Index/index.html
INFO: [ app_init ] --START--
INFO: Run Behavior\BuildLiteBehavior [ RunTime:0.000019s ]
INFO: [ app_init ] --END-- [ RunTime:0.000528s ]
INFO: [ app_begin ] --START--
INFO: Run Behavior\ReadHtmlCacheBehavior [ RunTime:0.000752s ]
INFO: [ app_begin ] --END-- [ RunTime:0.000831s ]
INFO: [ view_parse ] --START--
INFO: [ template_filter ] --START--
INFO: Run Behavior\ContentReplaceBehavior [ RunTime:0.000046s ]
INFO: [ template_filter ] --END-- [ RunTime:0.000106s ]
NOTIC: [8] Undefined index: user D:\phpStudy\WWW\mall\Application\Runtime\Cache\Home\2a94b8bda04ff446dcedd42276fc99ee.php 第 32 行.
INFO: Run Behavior\ParseTemplateBehavior [ RunTime:0.006260s ]
INFO: [ view_parse ] --END-- [ RunTime:0.006314s ]
INFO: [ view_filter ] --START--
INFO: Run Behavior\WriteHtmlCacheBehavior [ RunTime:0.000476s ]
INFO: [ view_filter ] --END-- [ RunTime:0.000532s ]
INFO: [ app_end ] --START--
INFO: Run Behavior\ShowPageTraceBehavior [ RunTime:0.000642s ]
INFO: [ app_end ] --END-- [ RunTime:0.000692s ]

[ 2019-03-05T16:28:15+08:00 ] ::1 /mall/index.php/Home/Index/welcome.html
INFO: [ app_init ] --START--
INFO: Run Behavior\BuildLiteBehavior [ RunTime:0.000016s ]
INFO: [ app_init ] --END-- [ RunTime:0.000506s ]
INFO: [ app_begin ] --START--
INFO: Run Behavior\ReadHtmlCacheBehavior [ RunTime:0.000961s ]
INFO: [ app_begin ] --END-- [ RunTime:0.001049s ]
INFO: [ view_parse ] --START--
INFO: [ template_filter ] --START--
INFO: Run Behavior\ContentReplaceBehavior [ RunTime:0.000038s ]
INFO: [ template_filter ] --END-- [ RunTime:0.000095s ]
INFO: Run Behavior\ParseTemplateBehavior [ RunTime:0.005466s ]
INFO: [ view_parse ] --END-- [ RunTime:0.005543s ]
INFO: [ view_filter ] --START--
INFO: Run Behavior\WriteHtmlCacheBehavior [ RunTime:0.000433s ]
INFO: [ view_filter ] --END-- [ RunTime:0.000488s ]
INFO: [ app_end ] --START--
INFO: Run Behavior\ShowPageTraceBehavior [ RunTime:0.000626s ]
INFO: [ app_end ] --END-- [ RunTime:0.000678s ]

