[ 2018-10-12T15:59:12+08:00 ] ::1 /mall/index.php/UserInterface/Frontindex/index.html
INFO: [ app_init ] --START--
INFO: Run Behavior\BuildLiteBehavior [ RunTime:0.000000s ]
INFO: [ app_init ] --END-- [ RunTime:0.001000s ]
INFO: [ app_begin ] --START--
INFO: Run Behavior\ReadHtmlCacheBehavior [ RunTime:0.000000s ]
INFO: [ app_begin ] --END-- [ RunTime:0.000000s ]
SQL: SHOW COLUMNS FROM `tp_ptype` [ RunTime:0.0670s ]
SQL: SHOW COLUMNS FROM `tp_productinfo` [ RunTime:0.0280s ]
SQL: SHOW COLUMNS FROM `tp_ptype` [ RunTime:0.0150s ]
SQL: SELECT * FROM `tp_ptype`  [ RunTime:0.0000s ]
SQL: SHOW COLUMNS FROM `tp_productinfo` [ RunTime:0.0150s ]
SQL: SELECT * FROM `tp_productinfo` WHERE `is_recommend` = 1 AND `is_show` = 1 ORDER BY product_sort LIMIT 10   [ RunTime:0.0010s ]
SQL: SELECT * FROM `tp_productinfo` WHERE `is_recommend` = 0 AND `is_show` = 1 ORDER BY product_sort LIMIT 10   [ RunTime:0.0000s ]
NOTIC: [8] Undefined index: car D:\phpStudy\WWW\mall\Application\UserInterface\Controller\FrontindexController.class.php 第 31 行.
INFO: [ view_parse ] --START--
INFO: [ template_filter ] --START--
INFO: Run Behavior\ContentReplaceBehavior [ RunTime:0.001000s ]
INFO: [ template_filter ] --END-- [ RunTime:0.001000s ]
INFO: Run Behavior\ParseTemplateBehavior [ RunTime:0.023002s ]
INFO: [ view_parse ] --END-- [ RunTime:0.023002s ]
INFO: [ view_filter ] --START--
INFO: Run Behavior\WriteHtmlCacheBehavior [ RunTime:0.001000s ]
INFO: [ view_filter ] --END-- [ RunTime:0.001000s ]
INFO: [ app_end ] --START--
INFO: Run Behavior\ShowPageTraceBehavior [ RunTime:0.002000s ]
INFO: [ app_end ] --END-- [ RunTime:0.002000s ]

[ 2018-10-12T15:59:12+08:00 ] ::1 /mall/index.php/UserInterface/Frontindex/images/logo.png
INFO: [ app_init ] --START--
INFO: Run Behavior\BuildLiteBehavior [ RunTime:0.000000s ]
INFO: [ app_init ] --END-- [ RunTime:0.001000s ]

[ 2018-10-12T15:59:12+08:00 ] ::1 /mall/index.php/UserInterface/Frontindex/images/facebook.png
INFO: [ app_init ] --START--
INFO: Run Behavior\BuildLiteBehavior [ RunTime:0.000000s ]
INFO: [ app_init ] --END-- [ RunTime:0.000000s ]

[ 2018-10-12T15:59:12+08:00 ] ::1 /mall/index.php/UserInterface/Frontindex/images/skype.png
INFO: [ app_init ] --START--
INFO: Run Behavior\BuildLiteBehavior [ RunTime:0.000000s ]
INFO: [ app_init ] --END-- [ RunTime:0.001000s ]

[ 2018-10-12T15:59:13+08:00 ] ::1 /mall/index.php/UserInterface/Frontindex/images/twitter.png
INFO: [ app_init ] --START--
INFO: Run Behavior\BuildLiteBehavior [ RunTime:0.000000s ]
INFO: [ app_init ] --END-- [ RunTime:0.001000s ]

[ 2018-10-12T15:59:13+08:00 ] ::1 /mall/index.php/UserInterface/Frontindex/images/linkedin.png
INFO: [ app_init ] --START--
INFO: Run Behavior\BuildLiteBehavior [ RunTime:0.000000s ]
INFO: [ app_init ] --END-- [ RunTime:0.001000s ]

[ 2018-10-12T15:59:47+08:00 ] ::1 /mall/index.php/UserInterface/Frontindex/testmemcache
INFO: [ app_init ] --START--
INFO: Run Behavior\BuildLiteBehavior [ RunTime:0.000000s ]
INFO: [ app_init ] --END-- [ RunTime:0.000000s ]
INFO: [ app_begin ] --START--
INFO: Run Behavior\ReadHtmlCacheBehavior [ RunTime:0.001000s ]
INFO: [ app_begin ] --END-- [ RunTime:0.001000s ]
NOTIC: [8] Memcache::connect():  D:\phpStudy\WWW\mall\Application\UserInterface\Controller\FrontindexController.class.php 第 203 行.
NOTIC: [2] Memcache::connect():  D:\phpStudy\WWW\mall\Application\UserInterface\Controller\FrontindexController.class.php 第 203 行.
INFO: [ app_end ] --START--
INFO: Run Behavior\ShowPageTraceBehavior [ RunTime:0.002000s ]
INFO: [ app_end ] --END-- [ RunTime:0.002000s ]

[ 2018-10-12T16:00:29+08:00 ] ::1 /mall/index.php/UserInterface/Mymemcache/index
INFO: [ app_init ] --START--
INFO: Run Behavior\BuildLiteBehavior [ RunTime:0.000000s ]
INFO: [ app_init ] --END-- [ RunTime:0.000000s ]
INFO: [ app_begin ] --START--
INFO: Run Behavior\ReadHtmlCacheBehavior [ RunTime:0.000000s ]
INFO: [ app_begin ] --END-- [ RunTime:0.000000s ]
ERR: 无法加载控制器:Mymemcache

[ 2018-10-12T16:00:54+08:00 ] ::1 /mall/index.php/UserInterface/Mymem/index
INFO: [ app_init ] --START--
INFO: Run Behavior\BuildLiteBehavior [ RunTime:0.000000s ]
INFO: [ app_init ] --END-- [ RunTime:0.000000s ]
INFO: [ app_begin ] --START--
INFO: Run Behavior\ReadHtmlCacheBehavior [ RunTime:0.000000s ]
INFO: [ app_begin ] --END-- [ RunTime:0.000000s ]
NOTIC: [8] Memcache::connect():  D:\phpStudy\WWW\mall\Application\UserInterface\Controller\MymemController.class.php 第 18 行.
NOTIC: [2] Memcache::connect():  D:\phpStudy\WWW\mall\Application\UserInterface\Controller\MymemController.class.php 第 18 行.
INFO: [ app_end ] --START--
INFO: Run Behavior\ShowPageTraceBehavior [ RunTime:0.002000s ]
INFO: [ app_end ] --END-- [ RunTime:0.002000s ]

[ 2018-10-12T16:01:39+08:00 ] ::1 /mall/index.php/UserInterface/Mymem/index
INFO: [ app_init ] --START--
INFO: Run Behavior\BuildLiteBehavior [ RunTime:0.000000s ]
INFO: [ app_init ] --END-- [ RunTime:0.000000s ]
INFO: [ app_begin ] --START--
INFO: Run Behavior\ReadHtmlCacheBehavior [ RunTime:0.001000s ]
INFO: [ app_begin ] --END-- [ RunTime:0.001000s ]
NOTIC: [8] Memcache::connect():  D:\phpStudy\WWW\mall\Application\UserInterface\Controller\MymemController.class.php 第 18 行.
NOTIC: [2] Memcache::connect():  D:\phpStudy\WWW\mall\Application\UserInterface\Controller\MymemController.class.php 第 18 行.
INFO: [ app_end ] --START--
INFO: Run Behavior\ShowPageTraceBehavior [ RunTime:0.001000s ]
INFO: [ app_end ] --END-- [ RunTime:0.001000s ]

[ 2018-10-12T16:01:54+08:00 ] ::1 /mall/index.php/UserInterface/Mymem/index
INFO: [ app_init ] --START--
INFO: Run Behavior\BuildLiteBehavior [ RunTime:0.000000s ]
INFO: [ app_init ] --END-- [ RunTime:0.001000s ]
INFO: [ app_begin ] --START--
INFO: Run Behavior\ReadHtmlCacheBehavior [ RunTime:0.001000s ]
INFO: [ app_begin ] --END-- [ RunTime:0.001000s ]
INFO: [ app_end ] --START--
INFO: Run Behavior\ShowPageTraceBehavior [ RunTime:0.001000s ]
INFO: [ app_end ] --END-- [ RunTime:0.001000s ]

[ 2018-10-12T16:03:26+08:00 ] ::1 /mall/index.php/UserInterface/Mymem/index
INFO: [ app_init ] --START--
INFO: Run Behavior\BuildLiteBehavior [ RunTime:0.000000s ]
INFO: [ app_init ] --END-- [ RunTime:0.001000s ]
INFO: [ app_begin ] --START--
INFO: Run Behavior\ReadHtmlCacheBehavior [ RunTime:0.001000s ]
INFO: [ app_begin ] --END-- [ RunTime:0.001000s ]
NOTIC: [8] Memcache::connect():  D:\phpStudy\WWW\mall\Application\UserInterface\Controller\MymemController.class.php 第 18 行.
NOTIC: [2] Memcache::connect():  D:\phpStudy\WWW\mall\Application\UserInterface\Controller\MymemController.class.php 第 18 行.
INFO: [ app_end ] --START--
INFO: Run Behavior\ShowPageTraceBehavior [ RunTime:0.001000s ]
INFO: [ app_end ] --END-- [ RunTime:0.001000s ]

[ 2018-10-12T16:05:05+08:00 ] ::1 /mall/index.php/UserInterface/Mymem/index
INFO: [ app_init ] --START--
INFO: Run Behavior\BuildLiteBehavior [ RunTime:0.000000s ]
INFO: [ app_init ] --END-- [ RunTime:0.000000s ]
INFO: [ app_begin ] --START--
INFO: Run Behavior\ReadHtmlCacheBehavior [ RunTime:0.001000s ]
INFO: [ app_begin ] --END-- [ RunTime:0.001000s ]
NOTIC: [8] Memcache::connect():  D:\phpStudy\WWW\mall\Application\UserInterface\Controller\MymemController.class.php 第 18 行.
NOTIC: [2] Memcache::connect():  D:\phpStudy\WWW\mall\Application\UserInterface\Controller\MymemController.class.php 第 18 行.
INFO: [ app_end ] --START--
INFO: Run Behavior\ShowPageTraceBehavior [ RunTime:0.001001s ]
INFO: [ app_end ] --END-- [ RunTime:0.001001s ]

[ 2018-10-12T16:05:33+08:00 ] ::1 /mall/index.php/UserInterface/Mymem/index
INFO: [ app_init ] --START--
INFO: Run Behavior\BuildLiteBehavior [ RunTime:0.000000s ]
INFO: [ app_init ] --END-- [ RunTime:0.001000s ]
INFO: [ app_begin ] --START--
INFO: Run Behavior\ReadHtmlCacheBehavior [ RunTime:0.000000s ]
INFO: [ app_begin ] --END-- [ RunTime:0.001000s ]
NOTIC: [8] Memcache::connect():  D:\phpStudy\WWW\mall\Application\UserInterface\Controller\MymemController.class.php 第 18 行.
NOTIC: [2] Memcache::connect():  D:\phpStudy\WWW\mall\Application\UserInterface\Controller\MymemController.class.php 第 18 行.
INFO: [ app_end ] --START--
INFO: Run Behavior\ShowPageTraceBehavior [ RunTime:0.001000s ]
INFO: [ app_end ] --END-- [ RunTime:0.002000s ]

[ 2018-10-12T16:18:17+08:00 ] ::1 /mall/index.php/UserInterface/Mymem/index
INFO: [ app_init ] --START--
INFO: Run Behavior\BuildLiteBehavior [ RunTime:0.000000s ]
INFO: [ app_init ] --END-- [ RunTime:0.000000s ]
INFO: [ app_begin ] --START--
INFO: Run Behavior\ReadHtmlCacheBehavior [ RunTime:0.001000s ]
INFO: [ app_begin ] --END-- [ RunTime:0.001000s ]
NOTIC: [8] Memcache::connect():  D:\phpStudy\WWW\mall\Application\UserInterface\Controller\MymemController.class.php 第 18 行.
NOTIC: [2] Memcache::connect():  D:\phpStudy\WWW\mall\Application\UserInterface\Controller\MymemController.class.php 第 18 行.
INFO: [ app_end ] --START--
INFO: Run Behavior\ShowPageTraceBehavior [ RunTime:0.002000s ]
INFO: [ app_end ] --END-- [ RunTime:0.002000s ]

[ 2018-10-12T16:18:18+08:00 ] ::1 /mall/index.php/UserInterface/Frontindex/index.html
INFO: [ app_init ] --START--
INFO: Run Behavior\BuildLiteBehavior [ RunTime:0.000000s ]
INFO: [ app_init ] --END-- [ RunTime:0.000000s ]
INFO: [ app_begin ] --START--
INFO: Run Behavior\ReadHtmlCacheBehavior [ RunTime:0.000000s ]
INFO: [ app_begin ] --END-- [ RunTime:0.001000s ]
SQL: SHOW COLUMNS FROM `tp_ptype` [ RunTime:0.0060s ]
SQL: SHOW COLUMNS FROM `tp_productinfo` [ RunTime:0.0050s ]
SQL: SHOW COLUMNS FROM `tp_ptype` [ RunTime:0.0050s ]
SQL: SELECT * FROM `tp_ptype`  [ RunTime:0.0000s ]
SQL: SHOW COLUMNS FROM `tp_productinfo` [ RunTime:0.0060s ]
SQL: SELECT * FROM `tp_productinfo` WHERE `is_recommend` = 1 AND `is_show` = 1 ORDER BY product_sort LIMIT 10   [ RunTime:0.0010s ]
SQL: SELECT * FROM `tp_productinfo` WHERE `is_recommend` = 0 AND `is_show` = 1 ORDER BY product_sort LIMIT 10   [ RunTime:0.0010s ]
NOTIC: [8] Undefined index: car D:\phpStudy\WWW\mall\Application\UserInterface\Controller\FrontindexController.class.php 第 31 行.
INFO: [ view_parse ] --START--
INFO: [ template_filter ] --START--
INFO: Run Behavior\ContentReplaceBehavior [ RunTime:0.000000s ]
INFO: [ template_filter ] --END-- [ RunTime:0.000000s ]
INFO: Run Behavior\ParseTemplateBehavior [ RunTime:0.018001s ]
INFO: [ view_parse ] --END-- [ RunTime:0.018001s ]
INFO: [ view_filter ] --START--
INFO: Run Behavior\WriteHtmlCacheBehavior [ RunTime:0.000000s ]
INFO: [ view_filter ] --END-- [ RunTime:0.000000s ]
INFO: [ app_end ] --START--
INFO: Run Behavior\ShowPageTraceBehavior [ RunTime:0.001000s ]
INFO: [ app_end ] --END-- [ RunTime:0.001000s ]

[ 2018-10-12T16:18:18+08:00 ] ::1 /mall/index.php/UserInterface/Frontindex/images/logo.png
INFO: [ app_init ] --START--
INFO: Run Behavior\BuildLiteBehavior [ RunTime:0.000000s ]
INFO: [ app_init ] --END-- [ RunTime:0.001000s ]

[ 2018-10-12T16:18:18+08:00 ] ::1 /mall/index.php/UserInterface/Frontindex/images/facebook.png
INFO: [ app_init ] --START--
INFO: Run Behavior\BuildLiteBehavior [ RunTime:0.000000s ]
INFO: [ app_init ] --END-- [ RunTime:0.000000s ]

[ 2018-10-12T16:18:19+08:00 ] ::1 /mall/index.php/UserInterface/Frontindex/images/twitter.png
INFO: [ app_init ] --START--
INFO: Run Behavior\BuildLiteBehavior [ RunTime:0.000000s ]
INFO: [ app_init ] --END-- [ RunTime:0.001000s ]

[ 2018-10-12T16:18:20+08:00 ] ::1 /mall/index.php/UserInterface/Frontindex/images/skype.png
INFO: [ app_init ] --START--
INFO: Run Behavior\BuildLiteBehavior [ RunTime:0.000000s ]
INFO: [ app_init ] --END-- [ RunTime:0.000000s ]

[ 2018-10-12T16:18:20+08:00 ] ::1 /mall/index.php/UserInterface/Frontindex/images/linkedin.png
INFO: [ app_init ] --START--
INFO: Run Behavior\BuildLiteBehavior [ RunTime:0.000000s ]
INFO: [ app_init ] --END-- [ RunTime:0.001000s ]

[ 2018-10-12T16:18:20+08:00 ] ::1 /mall/index.php/UserInterface/Frontindex/classifyMenu?classifyid=2
INFO: [ app_init ] --START--
INFO: Run Behavior\BuildLiteBehavior [ RunTime:0.000000s ]
INFO: [ app_init ] --END-- [ RunTime:0.001000s ]
INFO: [ app_begin ] --START--
INFO: Run Behavior\ReadHtmlCacheBehavior [ RunTime:0.001000s ]
INFO: [ app_begin ] --END-- [ RunTime:0.001000s ]
SQL: SHOW COLUMNS FROM `tp_productinfo` [ RunTime:0.0110s ]
SQL: SHOW COLUMNS FROM `tp_productinfo` [ RunTime:0.0060s ]
SQL: SELECT * FROM `tp_productinfo` WHERE ( type_id=2 ) LIMIT 15   [ RunTime:0.0010s ]
INFO: [ app_end ] --START--
INFO: Run Behavior\ShowPageTraceBehavior [ RunTime:0.001000s ]
INFO: [ app_end ] --END-- [ RunTime:0.001000s ]

[ 2018-10-12T16:18:20+08:00 ] ::1 /mall/index.php/UserInterface/Frontindex/classifyMenu?classifyid=3
INFO: [ app_init ] --START--
INFO: Run Behavior\BuildLiteBehavior [ RunTime:0.000000s ]
INFO: [ app_init ] --END-- [ RunTime:0.001000s ]
INFO: [ app_begin ] --START--
INFO: Run Behavior\ReadHtmlCacheBehavior [ RunTime:0.001000s ]
INFO: [ app_begin ] --END-- [ RunTime:0.001000s ]
SQL: SHOW COLUMNS FROM `tp_productinfo` [ RunTime:0.0070s ]
SQL: SHOW COLUMNS FROM `tp_productinfo` [ RunTime:0.0050s ]
SQL: SELECT * FROM `tp_productinfo` WHERE ( type_id=3 ) LIMIT 15   [ RunTime:0.0010s ]
INFO: [ app_end ] --START--
INFO: Run Behavior\ShowPageTraceBehavior [ RunTime:0.001000s ]
INFO: [ app_end ] --END-- [ RunTime:0.001000s ]

[ 2018-10-12T16:18:20+08:00 ] ::1 /mall/index.php/UserInterface/Frontindex/classifyMenu?classifyid=11
INFO: [ app_init ] --START--
INFO: Run Behavior\BuildLiteBehavior [ RunTime:0.000000s ]
INFO: [ app_init ] --END-- [ RunTime:0.001000s ]
INFO: [ app_begin ] --START--
INFO: Run Behavior\ReadHtmlCacheBehavior [ RunTime:0.001000s ]
INFO: [ app_begin ] --END-- [ RunTime:0.001000s ]
SQL: SHOW COLUMNS FROM `tp_productinfo` [ RunTime:0.0100s ]
SQL: SHOW COLUMNS FROM `tp_productinfo` [ RunTime:0.0060s ]
SQL: SELECT * FROM `tp_productinfo` WHERE ( type_id=11 ) LIMIT 15   [ RunTime:0.0000s ]
INFO: [ app_end ] --START--
INFO: Run Behavior\ShowPageTraceBehavior [ RunTime:0.002000s ]
INFO: [ app_end ] --END-- [ RunTime:0.002000s ]

[ 2018-10-12T16:18:20+08:00 ] ::1 /mall/index.php/UserInterface/Frontindex/classifyMenu?classifyid=12
INFO: [ app_init ] --START--
INFO: Run Behavior\BuildLiteBehavior [ RunTime:0.000000s ]
INFO: [ app_init ] --END-- [ RunTime:0.001000s ]
INFO: [ app_begin ] --START--
INFO: Run Behavior\ReadHtmlCacheBehavior [ RunTime:0.001000s ]
INFO: [ app_begin ] --END-- [ RunTime:0.001000s ]
SQL: SHOW COLUMNS FROM `tp_productinfo` [ RunTime:0.0090s ]
SQL: SHOW COLUMNS FROM `tp_productinfo` [ RunTime:0.0060s ]
SQL: SELECT * FROM `tp_productinfo` WHERE ( type_id=12 ) LIMIT 15   [ RunTime:0.0000s ]
INFO: [ app_end ] --START--
INFO: Run Behavior\ShowPageTraceBehavior [ RunTime:0.001000s ]
INFO: [ app_end ] --END-- [ RunTime:0.001000s ]

[ 2018-10-12T16:18:20+08:00 ] ::1 /mall/index.php/UserInterface/Frontindex/classifyMenu?classifyid=18
INFO: [ app_init ] --START--
INFO: Run Behavior\BuildLiteBehavior [ RunTime:0.000000s ]
INFO: [ app_init ] --END-- [ RunTime:0.001000s ]
INFO: [ app_begin ] --START--
INFO: Run Behavior\ReadHtmlCacheBehavior [ RunTime:0.000000s ]
INFO: [ app_begin ] --END-- [ RunTime:0.000000s ]
SQL: SHOW COLUMNS FROM `tp_productinfo` [ RunTime:0.0050s ]
SQL: SHOW COLUMNS FROM `tp_productinfo` [ RunTime:0.0090s ]
SQL: SELECT * FROM `tp_productinfo` WHERE ( type_id=18 ) LIMIT 15   [ RunTime:0.0010s ]
INFO: [ app_end ] --START--
INFO: Run Behavior\ShowPageTraceBehavior [ RunTime:0.000000s ]
INFO: [ app_end ] --END-- [ RunTime:0.000000s ]

[ 2018-10-12T16:18:20+08:00 ] ::1 /mall/index.php/UserInterface/Frontindex/classifyMenu?classifyid=19
INFO: [ app_init ] --START--
INFO: Run Behavior\BuildLiteBehavior [ RunTime:0.000000s ]
INFO: [ app_init ] --END-- [ RunTime:0.001000s ]
INFO: [ app_begin ] --START--
INFO: Run Behavior\ReadHtmlCacheBehavior [ RunTime:0.000000s ]
INFO: [ app_begin ] --END-- [ RunTime:0.001000s ]
SQL: SHOW COLUMNS FROM `tp_productinfo` [ RunTime:0.0060s ]
SQL: SHOW COLUMNS FROM `tp_productinfo` [ RunTime:0.0050s ]
SQL: SELECT * FROM `tp_productinfo` WHERE ( type_id=19 ) LIMIT 15   [ RunTime:0.0000s ]
INFO: [ app_end ] --START--
INFO: Run Behavior\ShowPageTraceBehavior [ RunTime:0.001000s ]
INFO: [ app_end ] --END-- [ RunTime:0.001000s ]

