[ 2018-11-01T15:48:28+08:00 ] ::1 /mall/index.php/UserInterface/Frontindex/index
INFO: [ app_init ] --START--
INFO: Run Behavior\BuildLiteBehavior [ RunTime:0.000000s ]
INFO: [ app_init ] --END-- [ RunTime:0.001000s ]
INFO: [ app_begin ] --START--
INFO: Run Behavior\ReadHtmlCacheBehavior [ RunTime:0.001001s ]
INFO: [ app_begin ] --END-- [ RunTime:0.001001s ]
SQL: SHOW COLUMNS FROM `tp_ptype` [ RunTime:0.0560s ]
SQL: SHOW COLUMNS FROM `tp_productinfo` [ RunTime:0.0210s ]
SQL: SHOW COLUMNS FROM `tp_ptype` [ RunTime:0.0080s ]
SQL: SELECT * FROM `tp_ptype`  [ RunTime:0.0010s ]
SQL: SHOW COLUMNS FROM `tp_productinfo` [ RunTime:0.0090s ]
SQL: SELECT * FROM `tp_productinfo` WHERE `is_recommend` = 1 AND `is_show` = 1 ORDER BY product_sort LIMIT 10   [ RunTime:0.0010s ]
SQL: SELECT * FROM `tp_productinfo` WHERE `is_recommend` = 0 AND `is_show` = 1 ORDER BY product_sort LIMIT 10   [ RunTime:0.0000s ]
NOTIC: [8] Undefined index: car D:\phpStudy\WWW\mall\Application\UserInterface\Controller\FrontindexController.class.php 第 32 行.
NOTIC: [8] Undefined index: userdata D:\phpStudy\WWW\mall\Application\UserInterface\Controller\FrontindexController.class.php 第 33 行.
INFO: [ view_parse ] --START--
INFO: [ template_filter ] --START--
INFO: Run Behavior\ContentReplaceBehavior [ RunTime:0.000000s ]
INFO: [ template_filter ] --END-- [ RunTime:0.000000s ]
INFO: Run Behavior\ParseTemplateBehavior [ RunTime:0.061004s ]
INFO: [ view_parse ] --END-- [ RunTime:0.061004s ]
INFO: [ view_filter ] --START--
INFO: Run Behavior\WriteHtmlCacheBehavior [ RunTime:0.001000s ]
INFO: [ view_filter ] --END-- [ RunTime:0.001000s ]
INFO: [ app_end ] --START--
INFO: Run Behavior\ShowPageTraceBehavior [ RunTime:0.002000s ]
INFO: [ app_end ] --END-- [ RunTime:0.002000s ]

[ 2018-11-01T15:48:28+08:00 ] ::1 /mall/index.php/UserInterface/Frontindex/images/logo.png
INFO: [ app_init ] --START--
INFO: Run Behavior\BuildLiteBehavior [ RunTime:0.000000s ]
INFO: [ app_init ] --END-- [ RunTime:0.000000s ]

[ 2018-11-01T15:48:29+08:00 ] ::1 /mall/index.php/UserInterface/Frontindex/images/facebook.png
INFO: [ app_init ] --START--
INFO: Run Behavior\BuildLiteBehavior [ RunTime:0.000000s ]
INFO: [ app_init ] --END-- [ RunTime:0.000000s ]

[ 2018-11-01T15:48:29+08:00 ] ::1 /mall/index.php/UserInterface/Frontindex/images/twitter.png
INFO: [ app_init ] --START--
INFO: Run Behavior\BuildLiteBehavior [ RunTime:0.000000s ]
INFO: [ app_init ] --END-- [ RunTime:0.001000s ]

[ 2018-11-01T15:48:29+08:00 ] ::1 /mall/index.php/UserInterface/Frontindex/images/linkedin.png
INFO: [ app_init ] --START--
INFO: Run Behavior\BuildLiteBehavior [ RunTime:0.000000s ]
INFO: [ app_init ] --END-- [ RunTime:0.000000s ]

[ 2018-11-01T15:48:29+08:00 ] ::1 /mall/index.php/UserInterface/Frontindex/images/skype.png
INFO: [ app_init ] --START--
INFO: Run Behavior\BuildLiteBehavior [ RunTime:0.000000s ]
INFO: [ app_init ] --END-- [ RunTime:0.001000s ]

[ 2018-11-01T15:48:49+08:00 ] ::1 /mall/index.php/UserInterface/Frontindex/classifyMenu?classifyid=1
INFO: [ app_init ] --START--
INFO: Run Behavior\BuildLiteBehavior [ RunTime:0.000000s ]
INFO: [ app_init ] --END-- [ RunTime:0.001000s ]
INFO: [ app_begin ] --START--
INFO: Run Behavior\ReadHtmlCacheBehavior [ RunTime:0.000000s ]
INFO: [ app_begin ] --END-- [ RunTime:0.000000s ]
SQL: SHOW COLUMNS FROM `tp_productinfo` [ RunTime:0.0080s ]
SQL: SHOW COLUMNS FROM `tp_productinfo` [ RunTime:0.0040s ]
SQL: SELECT * FROM `tp_productinfo` WHERE `type_id` = 1 AND `is_show` = 1 LIMIT 15   [ RunTime:0.0000s ]
INFO: [ app_end ] --START--
INFO: Run Behavior\ShowPageTraceBehavior [ RunTime:0.001000s ]
INFO: [ app_end ] --END-- [ RunTime:0.001000s ]

[ 2018-11-01T15:49:12+08:00 ] ::1 /mall/index.php/UserInterface/Frontindex/classifyMenu?classifyid=1
INFO: [ app_init ] --START--
INFO: Run Behavior\BuildLiteBehavior [ RunTime:0.000000s ]
INFO: [ app_init ] --END-- [ RunTime:0.000000s ]
INFO: [ app_begin ] --START--
INFO: Run Behavior\ReadHtmlCacheBehavior [ RunTime:0.001000s ]
INFO: [ app_begin ] --END-- [ RunTime:0.001000s ]
SQL: SHOW COLUMNS FROM `tp_productinfo` [ RunTime:0.0080s ]
SQL: SHOW COLUMNS FROM `tp_productinfo` [ RunTime:0.0040s ]
SQL: SELECT * FROM `tp_productinfo` WHERE `type_id` = 1 AND `is_show` = 1 LIMIT 15   [ RunTime:0.0000s ]
INFO: [ app_end ] --START--
INFO: Run Behavior\ShowPageTraceBehavior [ RunTime:0.001000s ]
INFO: [ app_end ] --END-- [ RunTime:0.001000s ]

[ 2018-11-01T15:49:15+08:00 ] ::1 /mall/index.php/UserInterface/Frontindex/classifyMenu?classifyid=1
INFO: [ app_init ] --START--
INFO: Run Behavior\BuildLiteBehavior [ RunTime:0.000000s ]
INFO: [ app_init ] --END-- [ RunTime:0.001000s ]
INFO: [ app_begin ] --START--
INFO: Run Behavior\ReadHtmlCacheBehavior [ RunTime:0.001000s ]
INFO: [ app_begin ] --END-- [ RunTime:0.001000s ]
SQL: SHOW COLUMNS FROM `tp_productinfo` [ RunTime:0.0090s ]
SQL: SHOW COLUMNS FROM `tp_productinfo` [ RunTime:0.0090s ]
SQL: SELECT * FROM `tp_productinfo` WHERE `type_id` = 1 AND `is_show` = 1 LIMIT 15   [ RunTime:0.0010s ]
INFO: [ app_end ] --START--
INFO: Run Behavior\ShowPageTraceBehavior [ RunTime:0.001000s ]
INFO: [ app_end ] --END-- [ RunTime:0.001000s ]

[ 2018-11-01T15:49:15+08:00 ] ::1 /mall/index.php/UserInterface/Frontindex/classifyMenu?classifyid=11
INFO: [ app_init ] --START--
INFO: Run Behavior\BuildLiteBehavior [ RunTime:0.000000s ]
INFO: [ app_init ] --END-- [ RunTime:0.000000s ]
INFO: [ app_begin ] --START--
INFO: Run Behavior\ReadHtmlCacheBehavior [ RunTime:0.000000s ]
INFO: [ app_begin ] --END-- [ RunTime:0.000000s ]
SQL: SHOW COLUMNS FROM `tp_productinfo` [ RunTime:0.0050s ]
SQL: SHOW COLUMNS FROM `tp_productinfo` [ RunTime:0.0030s ]
SQL: SELECT * FROM `tp_productinfo` WHERE `type_id` = 11 AND `is_show` = 1 LIMIT 15   [ RunTime:0.0000s ]
INFO: [ app_end ] --START--
INFO: Run Behavior\ShowPageTraceBehavior [ RunTime:0.001000s ]
INFO: [ app_end ] --END-- [ RunTime:0.001000s ]

[ 2018-11-01T15:49:15+08:00 ] ::1 /mall/index.php/UserInterface/Frontindex/classifyMenu?classifyid=12
INFO: [ app_init ] --START--
INFO: Run Behavior\BuildLiteBehavior [ RunTime:0.000000s ]
INFO: [ app_init ] --END-- [ RunTime:0.000000s ]
INFO: [ app_begin ] --START--
INFO: Run Behavior\ReadHtmlCacheBehavior [ RunTime:0.000000s ]
INFO: [ app_begin ] --END-- [ RunTime:0.000000s ]
SQL: SHOW COLUMNS FROM `tp_productinfo` [ RunTime:0.0070s ]
SQL: SHOW COLUMNS FROM `tp_productinfo` [ RunTime:0.0040s ]
SQL: SELECT * FROM `tp_productinfo` WHERE `type_id` = 12 AND `is_show` = 1 LIMIT 15   [ RunTime:0.0010s ]
INFO: [ app_end ] --START--
INFO: Run Behavior\ShowPageTraceBehavior [ RunTime:0.001000s ]
INFO: [ app_end ] --END-- [ RunTime:0.001000s ]

[ 2018-11-01T15:49:15+08:00 ] ::1 /mall/index.php/UserInterface/Frontindex/classifyMenu?classifyid=18
INFO: [ app_init ] --START--
INFO: Run Behavior\BuildLiteBehavior [ RunTime:0.000000s ]
INFO: [ app_init ] --END-- [ RunTime:0.000000s ]
INFO: [ app_begin ] --START--
INFO: Run Behavior\ReadHtmlCacheBehavior [ RunTime:0.001000s ]
INFO: [ app_begin ] --END-- [ RunTime:0.001000s ]
SQL: SHOW COLUMNS FROM `tp_productinfo` [ RunTime:0.0090s ]
SQL: SHOW COLUMNS FROM `tp_productinfo` [ RunTime:0.0090s ]
SQL: SELECT * FROM `tp_productinfo` WHERE `type_id` = 18 AND `is_show` = 1 LIMIT 15   [ RunTime:0.0010s ]
INFO: [ app_end ] --START--
INFO: Run Behavior\ShowPageTraceBehavior [ RunTime:0.001000s ]
INFO: [ app_end ] --END-- [ RunTime:0.002000s ]

[ 2018-11-01T15:49:16+08:00 ] ::1 /mall/index.php/UserInterface/Frontindex/classifyMenu?classifyid=19
INFO: [ app_init ] --START--
INFO: Run Behavior\BuildLiteBehavior [ RunTime:0.000000s ]
INFO: [ app_init ] --END-- [ RunTime:0.001000s ]
INFO: [ app_begin ] --START--
INFO: Run Behavior\ReadHtmlCacheBehavior [ RunTime:0.000000s ]
INFO: [ app_begin ] --END-- [ RunTime:0.000000s ]
SQL: SHOW COLUMNS FROM `tp_productinfo` [ RunTime:0.0120s ]
SQL: SHOW COLUMNS FROM `tp_productinfo` [ RunTime:0.0090s ]
SQL: SELECT * FROM `tp_productinfo` WHERE `type_id` = 19 AND `is_show` = 1 LIMIT 15   [ RunTime:0.0010s ]
INFO: [ app_end ] --START--
INFO: Run Behavior\ShowPageTraceBehavior [ RunTime:0.001000s ]
INFO: [ app_end ] --END-- [ RunTime:0.001000s ]

[ 2018-11-01T15:49:16+08:00 ] ::1 /mall/index.php/UserInterface/Frontindex/classifyMenu?classifyid=4
INFO: [ app_init ] --START--
INFO: Run Behavior\BuildLiteBehavior [ RunTime:0.000000s ]
INFO: [ app_init ] --END-- [ RunTime:0.000000s ]
INFO: [ app_begin ] --START--
INFO: Run Behavior\ReadHtmlCacheBehavior [ RunTime:0.000000s ]
INFO: [ app_begin ] --END-- [ RunTime:0.001000s ]
SQL: SHOW COLUMNS FROM `tp_productinfo` [ RunTime:0.0050s ]
SQL: SHOW COLUMNS FROM `tp_productinfo` [ RunTime:0.0070s ]
SQL: SELECT * FROM `tp_productinfo` WHERE `type_id` = 4 AND `is_show` = 1 LIMIT 15   [ RunTime:0.0010s ]
INFO: [ app_end ] --START--
INFO: Run Behavior\ShowPageTraceBehavior [ RunTime:0.002000s ]
INFO: [ app_end ] --END-- [ RunTime:0.002000s ]

[ 2018-11-01T15:49:16+08:00 ] ::1 /mall/index.php/UserInterface/Frontindex/classifyMenu?classifyid=2
INFO: [ app_init ] --START--
INFO: Run Behavior\BuildLiteBehavior [ RunTime:0.000000s ]
INFO: [ app_init ] --END-- [ RunTime:0.000000s ]
INFO: [ app_begin ] --START--
INFO: Run Behavior\ReadHtmlCacheBehavior [ RunTime:0.001000s ]
INFO: [ app_begin ] --END-- [ RunTime:0.001000s ]
SQL: SHOW COLUMNS FROM `tp_productinfo` [ RunTime:0.0060s ]
SQL: SHOW COLUMNS FROM `tp_productinfo` [ RunTime:0.0070s ]
SQL: SELECT * FROM `tp_productinfo` WHERE `type_id` = 2 AND `is_show` = 1 LIMIT 15   [ RunTime:0.0010s ]
INFO: [ app_end ] --START--
INFO: Run Behavior\ShowPageTraceBehavior [ RunTime:0.001000s ]
INFO: [ app_end ] --END-- [ RunTime:0.001000s ]

[ 2018-11-01T15:49:21+08:00 ] ::1 /mall/index.php/UserInterface/Frontindex/classifyMenu?classifyid=1
INFO: [ app_init ] --START--
INFO: Run Behavior\BuildLiteBehavior [ RunTime:0.000000s ]
INFO: [ app_init ] --END-- [ RunTime:0.001000s ]
INFO: [ app_begin ] --START--
INFO: Run Behavior\ReadHtmlCacheBehavior [ RunTime:0.001000s ]
INFO: [ app_begin ] --END-- [ RunTime:0.001000s ]
SQL: SHOW COLUMNS FROM `tp_productinfo` [ RunTime:0.0050s ]
SQL: SHOW COLUMNS FROM `tp_productinfo` [ RunTime:0.0070s ]
SQL: SELECT * FROM `tp_productinfo` WHERE `type_id` = 1 AND `is_show` = 1 LIMIT 15   [ RunTime:0.0010s ]
INFO: [ app_end ] --START--
INFO: Run Behavior\ShowPageTraceBehavior [ RunTime:0.001000s ]
INFO: [ app_end ] --END-- [ RunTime:0.001000s ]

[ 2018-11-01T15:49:21+08:00 ] ::1 /mall/index.php/UserInterface/Frontindex/classifyMenu?classifyid=2
INFO: [ app_init ] --START--
INFO: Run Behavior\BuildLiteBehavior [ RunTime:0.000000s ]
INFO: [ app_init ] --END-- [ RunTime:0.000000s ]
INFO: [ app_begin ] --START--
INFO: Run Behavior\ReadHtmlCacheBehavior [ RunTime:0.000000s ]
INFO: [ app_begin ] --END-- [ RunTime:0.000000s ]
SQL: SHOW COLUMNS FROM `tp_productinfo` [ RunTime:0.0040s ]
SQL: SHOW COLUMNS FROM `tp_productinfo` [ RunTime:0.0050s ]
SQL: SELECT * FROM `tp_productinfo` WHERE `type_id` = 2 AND `is_show` = 1 LIMIT 15   [ RunTime:0.0010s ]
INFO: [ app_end ] --START--
INFO: Run Behavior\ShowPageTraceBehavior [ RunTime:0.001000s ]
INFO: [ app_end ] --END-- [ RunTime:0.001000s ]

[ 2018-11-01T15:49:21+08:00 ] ::1 /mall/index.php/UserInterface/Frontindex/classifyMenu?classifyid=4
INFO: [ app_init ] --START--
INFO: Run Behavior\BuildLiteBehavior [ RunTime:0.000000s ]
INFO: [ app_init ] --END-- [ RunTime:0.000000s ]
INFO: [ app_begin ] --START--
INFO: Run Behavior\ReadHtmlCacheBehavior [ RunTime:0.000000s ]
INFO: [ app_begin ] --END-- [ RunTime:0.000000s ]
SQL: SHOW COLUMNS FROM `tp_productinfo` [ RunTime:0.0050s ]
SQL: SHOW COLUMNS FROM `tp_productinfo` [ RunTime:0.0060s ]
SQL: SELECT * FROM `tp_productinfo` WHERE `type_id` = 4 AND `is_show` = 1 LIMIT 15   [ RunTime:0.0010s ]
INFO: [ app_end ] --START--
INFO: Run Behavior\ShowPageTraceBehavior [ RunTime:0.001000s ]
INFO: [ app_end ] --END-- [ RunTime:0.001000s ]

[ 2018-11-01T15:49:21+08:00 ] ::1 /mall/index.php/UserInterface/Frontindex/classifyMenu?classifyid=11
INFO: [ app_init ] --START--
INFO: Run Behavior\BuildLiteBehavior [ RunTime:0.000000s ]
INFO: [ app_init ] --END-- [ RunTime:0.001000s ]
INFO: [ app_begin ] --START--
INFO: Run Behavior\ReadHtmlCacheBehavior [ RunTime:0.000000s ]
INFO: [ app_begin ] --END-- [ RunTime:0.001000s ]
SQL: SHOW COLUMNS FROM `tp_productinfo` [ RunTime:0.0080s ]
SQL: SHOW COLUMNS FROM `tp_productinfo` [ RunTime:0.0060s ]
SQL: SELECT * FROM `tp_productinfo` WHERE `type_id` = 11 AND `is_show` = 1 LIMIT 15   [ RunTime:0.0000s ]
INFO: [ app_end ] --START--
INFO: Run Behavior\ShowPageTraceBehavior [ RunTime:0.002000s ]
INFO: [ app_end ] --END-- [ RunTime:0.002000s ]

[ 2018-11-01T15:49:21+08:00 ] ::1 /mall/index.php/UserInterface/Frontindex/classifyMenu?classifyid=12
INFO: [ app_init ] --START--
INFO: Run Behavior\BuildLiteBehavior [ RunTime:0.000000s ]
INFO: [ app_init ] --END-- [ RunTime:0.000000s ]
INFO: [ app_begin ] --START--
INFO: Run Behavior\ReadHtmlCacheBehavior [ RunTime:0.001000s ]
INFO: [ app_begin ] --END-- [ RunTime:0.001000s ]
SQL: SHOW COLUMNS FROM `tp_productinfo` [ RunTime:0.0060s ]
SQL: SHOW COLUMNS FROM `tp_productinfo` [ RunTime:0.0060s ]
SQL: SELECT * FROM `tp_productinfo` WHERE `type_id` = 12 AND `is_show` = 1 LIMIT 15   [ RunTime:0.0010s ]
INFO: [ app_end ] --START--
INFO: Run Behavior\ShowPageTraceBehavior [ RunTime:0.000000s ]
INFO: [ app_end ] --END-- [ RunTime:0.000000s ]

[ 2018-11-01T15:49:21+08:00 ] ::1 /mall/index.php/UserInterface/Frontindex/classifyMenu?classifyid=18
INFO: [ app_init ] --START--
INFO: Run Behavior\BuildLiteBehavior [ RunTime:0.000000s ]
INFO: [ app_init ] --END-- [ RunTime:0.001000s ]
INFO: [ app_begin ] --START--
INFO: Run Behavior\ReadHtmlCacheBehavior [ RunTime:0.001000s ]
INFO: [ app_begin ] --END-- [ RunTime:0.001000s ]
SQL: SHOW COLUMNS FROM `tp_productinfo` [ RunTime:0.0040s ]
SQL: SHOW COLUMNS FROM `tp_productinfo` [ RunTime:0.0040s ]
SQL: SELECT * FROM `tp_productinfo` WHERE `type_id` = 18 AND `is_show` = 1 LIMIT 15   [ RunTime:0.0000s ]
INFO: [ app_end ] --START--
INFO: Run Behavior\ShowPageTraceBehavior [ RunTime:0.000000s ]
INFO: [ app_end ] --END-- [ RunTime:0.001000s ]

[ 2018-11-01T15:49:21+08:00 ] ::1 /mall/index.php/UserInterface/Frontindex/classifyMenu?classifyid=19
INFO: [ app_init ] --START--
INFO: Run Behavior\BuildLiteBehavior [ RunTime:0.000000s ]
INFO: [ app_init ] --END-- [ RunTime:0.001000s ]
INFO: [ app_begin ] --START--
INFO: Run Behavior\ReadHtmlCacheBehavior [ RunTime:0.006000s ]
INFO: [ app_begin ] --END-- [ RunTime:0.006000s ]
SQL: SHOW COLUMNS FROM `tp_productinfo` [ RunTime:0.0050s ]
SQL: SHOW COLUMNS FROM `tp_productinfo` [ RunTime:0.0040s ]
SQL: SELECT * FROM `tp_productinfo` WHERE `type_id` = 19 AND `is_show` = 1 LIMIT 15   [ RunTime:0.0010s ]
INFO: [ app_end ] --START--
INFO: Run Behavior\ShowPageTraceBehavior [ RunTime:0.000000s ]
INFO: [ app_end ] --END-- [ RunTime:0.000000s ]

[ 2018-11-01T15:49:44+08:00 ] ::1 /mall/index.php/UserInterface/Frontindex/classifyMenu?classifyid=3
INFO: [ app_init ] --START--
INFO: Run Behavior\BuildLiteBehavior [ RunTime:0.000000s ]
INFO: [ app_init ] --END-- [ RunTime:0.001000s ]
INFO: [ app_begin ] --START--
INFO: Run Behavior\ReadHtmlCacheBehavior [ RunTime:0.001000s ]
INFO: [ app_begin ] --END-- [ RunTime:0.001000s ]
SQL: SHOW COLUMNS FROM `tp_productinfo` [ RunTime:0.0050s ]
SQL: SHOW COLUMNS FROM `tp_productinfo` [ RunTime:0.0040s ]
SQL: SELECT * FROM `tp_productinfo` WHERE `type_id` = 3 AND `is_show` = 1 LIMIT 15   [ RunTime:0.0010s ]
INFO: [ app_end ] --START--
INFO: Run Behavior\ShowPageTraceBehavior [ RunTime:0.001000s ]
INFO: [ app_end ] --END-- [ RunTime:0.001000s ]

[ 2018-11-01T15:49:45+08:00 ] ::1 /mall/index.php/UserInterface/Frontindex/classifyMenu?classifyid=2
INFO: [ app_init ] --START--
INFO: Run Behavior\BuildLiteBehavior [ RunTime:0.000000s ]
INFO: [ app_init ] --END-- [ RunTime:0.000000s ]
INFO: [ app_begin ] --START--
INFO: Run Behavior\ReadHtmlCacheBehavior [ RunTime:0.001000s ]
INFO: [ app_begin ] --END-- [ RunTime:0.001000s ]
SQL: SHOW COLUMNS FROM `tp_productinfo` [ RunTime:0.0070s ]
SQL: SHOW COLUMNS FROM `tp_productinfo` [ RunTime:0.0050s ]
SQL: SELECT * FROM `tp_productinfo` WHERE `type_id` = 2 AND `is_show` = 1 LIMIT 15   [ RunTime:0.0010s ]
INFO: [ app_end ] --START--
INFO: Run Behavior\ShowPageTraceBehavior [ RunTime:0.000000s ]
INFO: [ app_end ] --END-- [ RunTime:0.000000s ]

[ 2018-11-01T15:49:45+08:00 ] ::1 /mall/index.php/UserInterface/Frontindex/classifyMenu?classifyid=1
INFO: [ app_init ] --START--
INFO: Run Behavior\BuildLiteBehavior [ RunTime:0.000000s ]
INFO: [ app_init ] --END-- [ RunTime:0.000000s ]
INFO: [ app_begin ] --START--
INFO: Run Behavior\ReadHtmlCacheBehavior [ RunTime:0.001001s ]
INFO: [ app_begin ] --END-- [ RunTime:0.001001s ]
SQL: SHOW COLUMNS FROM `tp_productinfo` [ RunTime:0.0060s ]
SQL: SHOW COLUMNS FROM `tp_productinfo` [ RunTime:0.0060s ]
SQL: SELECT * FROM `tp_productinfo` WHERE `type_id` = 1 AND `is_show` = 1 LIMIT 15   [ RunTime:0.0010s ]
INFO: [ app_end ] --START--
INFO: Run Behavior\ShowPageTraceBehavior [ RunTime:0.001000s ]
INFO: [ app_end ] --END-- [ RunTime:0.001000s ]

[ 2018-11-01T15:49:46+08:00 ] ::1 /mall/index.php/UserInterface/Frontindex/classifyMenu?classifyid=2
INFO: [ app_init ] --START--
INFO: Run Behavior\BuildLiteBehavior [ RunTime:0.000000s ]
INFO: [ app_init ] --END-- [ RunTime:0.001000s ]
INFO: [ app_begin ] --START--
INFO: Run Behavior\ReadHtmlCacheBehavior [ RunTime:0.001000s ]
INFO: [ app_begin ] --END-- [ RunTime:0.001000s ]
SQL: SHOW COLUMNS FROM `tp_productinfo` [ RunTime:0.0080s ]
SQL: SHOW COLUMNS FROM `tp_productinfo` [ RunTime:0.0080s ]
SQL: SELECT * FROM `tp_productinfo` WHERE `type_id` = 2 AND `is_show` = 1 LIMIT 15   [ RunTime:0.0000s ]
INFO: [ app_end ] --START--
INFO: Run Behavior\ShowPageTraceBehavior [ RunTime:0.001000s ]
INFO: [ app_end ] --END-- [ RunTime:0.001000s ]

[ 2018-11-01T15:49:46+08:00 ] ::1 /mall/index.php/UserInterface/Frontindex/classifyMenu?classifyid=3
INFO: [ app_init ] --START--
INFO: Run Behavior\BuildLiteBehavior [ RunTime:0.000000s ]
INFO: [ app_init ] --END-- [ RunTime:0.001000s ]
INFO: [ app_begin ] --START--
INFO: Run Behavior\ReadHtmlCacheBehavior [ RunTime:0.001000s ]
INFO: [ app_begin ] --END-- [ RunTime:0.001000s ]
SQL: SHOW COLUMNS FROM `tp_productinfo` [ RunTime:0.0070s ]
SQL: SHOW COLUMNS FROM `tp_productinfo` [ RunTime:0.0050s ]
SQL: SELECT * FROM `tp_productinfo` WHERE `type_id` = 3 AND `is_show` = 1 LIMIT 15   [ RunTime:0.0010s ]
INFO: [ app_end ] --START--
INFO: Run Behavior\ShowPageTraceBehavior [ RunTime:0.001000s ]
INFO: [ app_end ] --END-- [ RunTime:0.001000s ]

[ 2018-11-01T15:49:46+08:00 ] ::1 /mall/index.php/UserInterface/Frontindex/classifyMenu?classifyid=4
INFO: [ app_init ] --START--
INFO: Run Behavior\BuildLiteBehavior [ RunTime:0.000000s ]
INFO: [ app_init ] --END-- [ RunTime:0.001000s ]
INFO: [ app_begin ] --START--
INFO: Run Behavior\ReadHtmlCacheBehavior [ RunTime:0.001000s ]
INFO: [ app_begin ] --END-- [ RunTime:0.001000s ]
SQL: SHOW COLUMNS FROM `tp_productinfo` [ RunTime:0.0040s ]
SQL: SHOW COLUMNS FROM `tp_productinfo` [ RunTime:0.0030s ]
SQL: SELECT * FROM `tp_productinfo` WHERE `type_id` = 4 AND `is_show` = 1 LIMIT 15   [ RunTime:0.0000s ]
INFO: [ app_end ] --START--
INFO: Run Behavior\ShowPageTraceBehavior [ RunTime:0.001000s ]
INFO: [ app_end ] --END-- [ RunTime:0.001000s ]

[ 2018-11-01T15:49:46+08:00 ] ::1 /mall/index.php/UserInterface/Frontindex/classifyMenu?classifyid=11
INFO: [ app_init ] --START--
INFO: Run Behavior\BuildLiteBehavior [ RunTime:0.000000s ]
INFO: [ app_init ] --END-- [ RunTime:0.001000s ]
INFO: [ app_begin ] --START--
INFO: Run Behavior\ReadHtmlCacheBehavior [ RunTime:0.000000s ]
INFO: [ app_begin ] --END-- [ RunTime:0.000000s ]
SQL: SHOW COLUMNS FROM `tp_productinfo` [ RunTime:0.0060s ]
SQL: SHOW COLUMNS FROM `tp_productinfo` [ RunTime:0.0050s ]
SQL: SELECT * FROM `tp_productinfo` WHERE `type_id` = 11 AND `is_show` = 1 LIMIT 15   [ RunTime:0.0000s ]
INFO: [ app_end ] --START--
INFO: Run Behavior\ShowPageTraceBehavior [ RunTime:0.001000s ]
INFO: [ app_end ] --END-- [ RunTime:0.001000s ]

[ 2018-11-01T15:49:46+08:00 ] ::1 /mall/index.php/UserInterface/Frontindex/classifyMenu?classifyid=12
INFO: [ app_init ] --START--
INFO: Run Behavior\BuildLiteBehavior [ RunTime:0.000000s ]
INFO: [ app_init ] --END-- [ RunTime:0.000000s ]
INFO: [ app_begin ] --START--
INFO: Run Behavior\ReadHtmlCacheBehavior [ RunTime:0.001000s ]
INFO: [ app_begin ] --END-- [ RunTime:0.001000s ]
SQL: SHOW COLUMNS FROM `tp_productinfo` [ RunTime:0.0050s ]
SQL: SHOW COLUMNS FROM `tp_productinfo` [ RunTime:0.0040s ]
SQL: SELECT * FROM `tp_productinfo` WHERE `type_id` = 12 AND `is_show` = 1 LIMIT 15   [ RunTime:0.0000s ]
INFO: [ app_end ] --START--
INFO: Run Behavior\ShowPageTraceBehavior [ RunTime:0.001000s ]
INFO: [ app_end ] --END-- [ RunTime:0.001000s ]

[ 2018-11-01T15:49:46+08:00 ] ::1 /mall/index.php/UserInterface/Frontindex/classifyMenu?classifyid=18
INFO: [ app_init ] --START--
INFO: Run Behavior\BuildLiteBehavior [ RunTime:0.000000s ]
INFO: [ app_init ] --END-- [ RunTime:0.000000s ]
INFO: [ app_begin ] --START--
INFO: Run Behavior\ReadHtmlCacheBehavior [ RunTime:0.001000s ]
INFO: [ app_begin ] --END-- [ RunTime:0.001000s ]
SQL: SHOW COLUMNS FROM `tp_productinfo` [ RunTime:0.0040s ]
SQL: SHOW COLUMNS FROM `tp_productinfo` [ RunTime:0.0030s ]
SQL: SELECT * FROM `tp_productinfo` WHERE `type_id` = 18 AND `is_show` = 1 LIMIT 15   [ RunTime:0.0010s ]
INFO: [ app_end ] --START--
INFO: Run Behavior\ShowPageTraceBehavior [ RunTime:0.001000s ]
INFO: [ app_end ] --END-- [ RunTime:0.001000s ]

[ 2018-11-01T15:49:46+08:00 ] ::1 /mall/index.php/UserInterface/Frontindex/classifyMenu?classifyid=19
INFO: [ app_init ] --START--
INFO: Run Behavior\BuildLiteBehavior [ RunTime:0.000000s ]
INFO: [ app_init ] --END-- [ RunTime:0.000000s ]
INFO: [ app_begin ] --START--
INFO: Run Behavior\ReadHtmlCacheBehavior [ RunTime:0.001000s ]
INFO: [ app_begin ] --END-- [ RunTime:0.001000s ]
SQL: SHOW COLUMNS FROM `tp_productinfo` [ RunTime:0.0040s ]
SQL: SHOW COLUMNS FROM `tp_productinfo` [ RunTime:0.0050s ]
SQL: SELECT * FROM `tp_productinfo` WHERE `type_id` = 19 AND `is_show` = 1 LIMIT 15   [ RunTime:0.0010s ]
INFO: [ app_end ] --START--
INFO: Run Behavior\ShowPageTraceBehavior [ RunTime:0.001000s ]
INFO: [ app_end ] --END-- [ RunTime:0.001000s ]

[ 2018-11-01T15:49:50+08:00 ] ::1 /mall/index.php/UserInterface/Frontindex/classifyMenu?classifyid=4
INFO: [ app_init ] --START--
INFO: Run Behavior\BuildLiteBehavior [ RunTime:0.000000s ]
INFO: [ app_init ] --END-- [ RunTime:0.001000s ]
INFO: [ app_begin ] --START--
INFO: Run Behavior\ReadHtmlCacheBehavior [ RunTime:0.001000s ]
INFO: [ app_begin ] --END-- [ RunTime:0.001000s ]
SQL: SHOW COLUMNS FROM `tp_productinfo` [ RunTime:0.0040s ]
SQL: SHOW COLUMNS FROM `tp_productinfo` [ RunTime:0.0040s ]
SQL: SELECT * FROM `tp_productinfo` WHERE `type_id` = 4 AND `is_show` = 1 LIMIT 15   [ RunTime:0.0000s ]
INFO: [ app_end ] --START--
INFO: Run Behavior\ShowPageTraceBehavior [ RunTime:0.001000s ]
INFO: [ app_end ] --END-- [ RunTime:0.001000s ]

[ 2018-11-01T15:49:50+08:00 ] ::1 /mall/index.php/UserInterface/Frontindex/classifyMenu?classifyid=3
INFO: [ app_init ] --START--
INFO: Run Behavior\BuildLiteBehavior [ RunTime:0.000000s ]
INFO: [ app_init ] --END-- [ RunTime:0.001000s ]
INFO: [ app_begin ] --START--
INFO: Run Behavior\ReadHtmlCacheBehavior [ RunTime:0.001000s ]
INFO: [ app_begin ] --END-- [ RunTime:0.001000s ]
SQL: SHOW COLUMNS FROM `tp_productinfo` [ RunTime:0.0050s ]
SQL: SHOW COLUMNS FROM `tp_productinfo` [ RunTime:0.0060s ]
SQL: SELECT * FROM `tp_productinfo` WHERE `type_id` = 3 AND `is_show` = 1 LIMIT 15   [ RunTime:0.0010s ]
INFO: [ app_end ] --START--
INFO: Run Behavior\ShowPageTraceBehavior [ RunTime:0.001000s ]
INFO: [ app_end ] --END-- [ RunTime:0.001000s ]

[ 2018-11-01T15:49:50+08:00 ] ::1 /mall/index.php/UserInterface/Frontindex/classifyMenu?classifyid=2
INFO: [ app_init ] --START--
INFO: Run Behavior\BuildLiteBehavior [ RunTime:0.000000s ]
INFO: [ app_init ] --END-- [ RunTime:0.000000s ]
INFO: [ app_begin ] --START--
INFO: Run Behavior\ReadHtmlCacheBehavior [ RunTime:0.001000s ]
INFO: [ app_begin ] --END-- [ RunTime:0.001000s ]
SQL: SHOW COLUMNS FROM `tp_productinfo` [ RunTime:0.0040s ]
SQL: SHOW COLUMNS FROM `tp_productinfo` [ RunTime:0.0040s ]
SQL: SELECT * FROM `tp_productinfo` WHERE `type_id` = 2 AND `is_show` = 1 LIMIT 15   [ RunTime:0.0010s ]
INFO: [ app_end ] --START--
INFO: Run Behavior\ShowPageTraceBehavior [ RunTime:0.000000s ]
INFO: [ app_end ] --END-- [ RunTime:0.000000s ]

[ 2018-11-01T15:49:51+08:00 ] ::1 /mall/index.php/UserInterface/Frontindex/classifyMenu?classifyid=1
INFO: [ app_init ] --START--
INFO: Run Behavior\BuildLiteBehavior [ RunTime:0.000000s ]
INFO: [ app_init ] --END-- [ RunTime:0.000000s ]
INFO: [ app_begin ] --START--
INFO: Run Behavior\ReadHtmlCacheBehavior [ RunTime:0.001000s ]
INFO: [ app_begin ] --END-- [ RunTime:0.001000s ]
SQL: SHOW COLUMNS FROM `tp_productinfo` [ RunTime:0.0040s ]
SQL: SHOW COLUMNS FROM `tp_productinfo` [ RunTime:0.0060s ]
SQL: SELECT * FROM `tp_productinfo` WHERE `type_id` = 1 AND `is_show` = 1 LIMIT 15   [ RunTime:0.0000s ]
INFO: [ app_end ] --START--
INFO: Run Behavior\ShowPageTraceBehavior [ RunTime:0.001000s ]
INFO: [ app_end ] --END-- [ RunTime:0.001000s ]

[ 2018-11-01T15:49:51+08:00 ] ::1 /mall/index.php/UserInterface/Frontindex/classifyMenu?classifyid=3
INFO: [ app_init ] --START--
INFO: Run Behavior\BuildLiteBehavior [ RunTime:0.000000s ]
INFO: [ app_init ] --END-- [ RunTime:0.000000s ]
INFO: [ app_begin ] --START--
INFO: Run Behavior\ReadHtmlCacheBehavior [ RunTime:0.001000s ]
INFO: [ app_begin ] --END-- [ RunTime:0.001000s ]
SQL: SHOW COLUMNS FROM `tp_productinfo` [ RunTime:0.0050s ]
SQL: SHOW COLUMNS FROM `tp_productinfo` [ RunTime:0.0050s ]
SQL: SELECT * FROM `tp_productinfo` WHERE `type_id` = 3 AND `is_show` = 1 LIMIT 15   [ RunTime:0.0000s ]
INFO: [ app_end ] --START--
INFO: Run Behavior\ShowPageTraceBehavior [ RunTime:0.001000s ]
INFO: [ app_end ] --END-- [ RunTime:0.001000s ]

[ 2018-11-01T15:49:51+08:00 ] ::1 /mall/index.php/UserInterface/Frontindex/classifyMenu?classifyid=4
INFO: [ app_init ] --START--
INFO: Run Behavior\BuildLiteBehavior [ RunTime:0.000000s ]
INFO: [ app_init ] --END-- [ RunTime:0.001000s ]
INFO: [ app_begin ] --START--
INFO: Run Behavior\ReadHtmlCacheBehavior [ RunTime:0.001000s ]
INFO: [ app_begin ] --END-- [ RunTime:0.001000s ]
SQL: SHOW COLUMNS FROM `tp_productinfo` [ RunTime:0.0050s ]
SQL: SHOW COLUMNS FROM `tp_productinfo` [ RunTime:0.0050s ]
SQL: SELECT * FROM `tp_productinfo` WHERE `type_id` = 4 AND `is_show` = 1 LIMIT 15   [ RunTime:0.0010s ]
INFO: [ app_end ] --START--
INFO: Run Behavior\ShowPageTraceBehavior [ RunTime:0.001000s ]
INFO: [ app_end ] --END-- [ RunTime:0.001000s ]

[ 2018-11-01T15:49:51+08:00 ] ::1 /mall/index.php/UserInterface/Frontindex/classifyMenu?classifyid=3
INFO: [ app_init ] --START--
INFO: Run Behavior\BuildLiteBehavior [ RunTime:0.000000s ]
INFO: [ app_init ] --END-- [ RunTime:0.001000s ]
INFO: [ app_begin ] --START--
INFO: Run Behavior\ReadHtmlCacheBehavior [ RunTime:0.001000s ]
INFO: [ app_begin ] --END-- [ RunTime:0.001000s ]
SQL: SHOW COLUMNS FROM `tp_productinfo` [ RunTime:0.0050s ]
SQL: SHOW COLUMNS FROM `tp_productinfo` [ RunTime:0.0050s ]
SQL: SELECT * FROM `tp_productinfo` WHERE `type_id` = 3 AND `is_show` = 1 LIMIT 15   [ RunTime:0.0000s ]
INFO: [ app_end ] --START--
INFO: Run Behavior\ShowPageTraceBehavior [ RunTime:0.001000s ]
INFO: [ app_end ] --END-- [ RunTime:0.001000s ]

[ 2018-11-01T15:49:51+08:00 ] ::1 /mall/index.php/UserInterface/Frontindex/classifyMenu?classifyid=2
INFO: [ app_init ] --START--
INFO: Run Behavior\BuildLiteBehavior [ RunTime:0.000000s ]
INFO: [ app_init ] --END-- [ RunTime:0.001000s ]
INFO: [ app_begin ] --START--
INFO: Run Behavior\ReadHtmlCacheBehavior [ RunTime:0.000000s ]
INFO: [ app_begin ] --END-- [ RunTime:0.000000s ]
SQL: SHOW COLUMNS FROM `tp_productinfo` [ RunTime:0.0040s ]
SQL: SHOW COLUMNS FROM `tp_productinfo` [ RunTime:0.0030s ]
SQL: SELECT * FROM `tp_productinfo` WHERE `type_id` = 2 AND `is_show` = 1 LIMIT 15   [ RunTime:0.0000s ]
INFO: [ app_end ] --START--
INFO: Run Behavior\ShowPageTraceBehavior [ RunTime:0.001000s ]
INFO: [ app_end ] --END-- [ RunTime:0.001000s ]

[ 2018-11-01T15:50:01+08:00 ] ::1 /mall/index.php/UserInterface/Frontindex/classifyMenu?classifyid=4
INFO: [ app_init ] --START--
INFO: Run Behavior\BuildLiteBehavior [ RunTime:0.000000s ]
INFO: [ app_init ] --END-- [ RunTime:0.000000s ]
INFO: [ app_begin ] --START--
INFO: Run Behavior\ReadHtmlCacheBehavior [ RunTime:0.001000s ]
INFO: [ app_begin ] --END-- [ RunTime:0.001000s ]
SQL: SHOW COLUMNS FROM `tp_productinfo` [ RunTime:0.0060s ]
SQL: SHOW COLUMNS FROM `tp_productinfo` [ RunTime:0.0060s ]
SQL: SELECT * FROM `tp_productinfo` WHERE `type_id` = 4 AND `is_show` = 1 LIMIT 15   [ RunTime:0.0010s ]
INFO: [ app_end ] --START--
INFO: Run Behavior\ShowPageTraceBehavior [ RunTime:0.001000s ]
INFO: [ app_end ] --END-- [ RunTime:0.001000s ]

[ 2018-11-01T15:50:01+08:00 ] ::1 /mall/index.php/UserInterface/Frontindex/classifyMenu?classifyid=3
INFO: [ app_init ] --START--
INFO: Run Behavior\BuildLiteBehavior [ RunTime:0.000000s ]
INFO: [ app_init ] --END-- [ RunTime:0.000000s ]
INFO: [ app_begin ] --START--
INFO: Run Behavior\ReadHtmlCacheBehavior [ RunTime:0.000000s ]
INFO: [ app_begin ] --END-- [ RunTime:0.000000s ]
SQL: SHOW COLUMNS FROM `tp_productinfo` [ RunTime:0.0060s ]
SQL: SHOW COLUMNS FROM `tp_productinfo` [ RunTime:0.0030s ]
SQL: SELECT * FROM `tp_productinfo` WHERE `type_id` = 3 AND `is_show` = 1 LIMIT 15   [ RunTime:0.0010s ]
INFO: [ app_end ] --START--
INFO: Run Behavior\ShowPageTraceBehavior [ RunTime:0.001000s ]
INFO: [ app_end ] --END-- [ RunTime:0.001000s ]

[ 2018-11-01T15:50:01+08:00 ] ::1 /mall/index.php/UserInterface/Frontindex/classifyMenu?classifyid=2
INFO: [ app_init ] --START--
INFO: Run Behavior\BuildLiteBehavior [ RunTime:0.000000s ]
INFO: [ app_init ] --END-- [ RunTime:0.001000s ]
INFO: [ app_begin ] --START--
INFO: Run Behavior\ReadHtmlCacheBehavior [ RunTime:0.001000s ]
INFO: [ app_begin ] --END-- [ RunTime:0.001000s ]
SQL: SHOW COLUMNS FROM `tp_productinfo` [ RunTime:0.0050s ]
SQL: SHOW COLUMNS FROM `tp_productinfo` [ RunTime:0.0060s ]
SQL: SELECT * FROM `tp_productinfo` WHERE `type_id` = 2 AND `is_show` = 1 LIMIT 15   [ RunTime:0.0010s ]
INFO: [ app_end ] --START--
INFO: Run Behavior\ShowPageTraceBehavior [ RunTime:0.001001s ]
INFO: [ app_end ] --END-- [ RunTime:0.001001s ]

[ 2018-11-01T15:50:01+08:00 ] ::1 /mall/index.php/UserInterface/Frontindex/classifyMenu?classifyid=1
INFO: [ app_init ] --START--
INFO: Run Behavior\BuildLiteBehavior [ RunTime:0.000000s ]
INFO: [ app_init ] --END-- [ RunTime:0.001000s ]
INFO: [ app_begin ] --START--
INFO: Run Behavior\ReadHtmlCacheBehavior [ RunTime:0.000000s ]
INFO: [ app_begin ] --END-- [ RunTime:0.000000s ]
SQL: SHOW COLUMNS FROM `tp_productinfo` [ RunTime:0.0040s ]
SQL: SHOW COLUMNS FROM `tp_productinfo` [ RunTime:0.0040s ]
SQL: SELECT * FROM `tp_productinfo` WHERE `type_id` = 1 AND `is_show` = 1 LIMIT 15   [ RunTime:0.0000s ]
INFO: [ app_end ] --START--
INFO: Run Behavior\ShowPageTraceBehavior [ RunTime:0.001000s ]
INFO: [ app_end ] --END-- [ RunTime:0.001000s ]

[ 2018-11-01T15:50:02+08:00 ] ::1 /mall/index.php/UserInterface/Frontindex/classifyMenu?classifyid=2
INFO: [ app_init ] --START--
INFO: Run Behavior\BuildLiteBehavior [ RunTime:0.000000s ]
INFO: [ app_init ] --END-- [ RunTime:0.001000s ]
INFO: [ app_begin ] --START--
INFO: Run Behavior\ReadHtmlCacheBehavior [ RunTime:0.001000s ]
INFO: [ app_begin ] --END-- [ RunTime:0.001000s ]
SQL: SHOW COLUMNS FROM `tp_productinfo` [ RunTime:0.0050s ]
SQL: SHOW COLUMNS FROM `tp_productinfo` [ RunTime:0.0050s ]
SQL: SELECT * FROM `tp_productinfo` WHERE `type_id` = 2 AND `is_show` = 1 LIMIT 15   [ RunTime:0.0000s ]
INFO: [ app_end ] --START--
INFO: Run Behavior\ShowPageTraceBehavior [ RunTime:0.001000s ]
INFO: [ app_end ] --END-- [ RunTime:0.001000s ]

[ 2018-11-01T15:50:03+08:00 ] ::1 /mall/index.php/UserInterface/Frontindex/classifyMenu?classifyid=3
INFO: [ app_init ] --START--
INFO: Run Behavior\BuildLiteBehavior [ RunTime:0.001000s ]
INFO: [ app_init ] --END-- [ RunTime:0.001000s ]
INFO: [ app_begin ] --START--
INFO: Run Behavior\ReadHtmlCacheBehavior [ RunTime:0.001000s ]
INFO: [ app_begin ] --END-- [ RunTime:0.001000s ]
SQL: SHOW COLUMNS FROM `tp_productinfo` [ RunTime:0.0060s ]
SQL: SHOW COLUMNS FROM `tp_productinfo` [ RunTime:0.0040s ]
SQL: SELECT * FROM `tp_productinfo` WHERE `type_id` = 3 AND `is_show` = 1 LIMIT 15   [ RunTime:0.0010s ]
INFO: [ app_end ] --START--
INFO: Run Behavior\ShowPageTraceBehavior [ RunTime:0.001000s ]
INFO: [ app_end ] --END-- [ RunTime:0.001000s ]

[ 2018-11-01T15:50:03+08:00 ] ::1 /mall/index.php/UserInterface/Frontindex/classifyMenu?classifyid=4
INFO: [ app_init ] --START--
INFO: Run Behavior\BuildLiteBehavior [ RunTime:0.000000s ]
INFO: [ app_init ] --END-- [ RunTime:0.001000s ]
INFO: [ app_begin ] --START--
INFO: Run Behavior\ReadHtmlCacheBehavior [ RunTime:0.001000s ]
INFO: [ app_begin ] --END-- [ RunTime:0.001000s ]
SQL: SHOW COLUMNS FROM `tp_productinfo` [ RunTime:0.0040s ]
SQL: SHOW COLUMNS FROM `tp_productinfo` [ RunTime:0.0040s ]
SQL: SELECT * FROM `tp_productinfo` WHERE `type_id` = 4 AND `is_show` = 1 LIMIT 15   [ RunTime:0.0010s ]
INFO: [ app_end ] --START--
INFO: Run Behavior\ShowPageTraceBehavior [ RunTime:0.000000s ]
INFO: [ app_end ] --END-- [ RunTime:0.000000s ]

[ 2018-11-01T15:50:03+08:00 ] ::1 /mall/index.php/UserInterface/Frontindex/classifyMenu?classifyid=3
INFO: [ app_init ] --START--
INFO: Run Behavior\BuildLiteBehavior [ RunTime:0.000000s ]
INFO: [ app_init ] --END-- [ RunTime:0.001000s ]
INFO: [ app_begin ] --START--
INFO: Run Behavior\ReadHtmlCacheBehavior [ RunTime:0.001000s ]
INFO: [ app_begin ] --END-- [ RunTime:0.001000s ]
SQL: SHOW COLUMNS FROM `tp_productinfo` [ RunTime:0.0060s ]
SQL: SHOW COLUMNS FROM `tp_productinfo` [ RunTime:0.0030s ]
SQL: SELECT * FROM `tp_productinfo` WHERE `type_id` = 3 AND `is_show` = 1 LIMIT 15   [ RunTime:0.0010s ]
INFO: [ app_end ] --START--
INFO: Run Behavior\ShowPageTraceBehavior [ RunTime:0.001000s ]
INFO: [ app_end ] --END-- [ RunTime:0.001000s ]

[ 2018-11-01T15:50:03+08:00 ] ::1 /mall/index.php/UserInterface/Frontindex/classifyMenu?classifyid=2
INFO: [ app_init ] --START--
INFO: Run Behavior\BuildLiteBehavior [ RunTime:0.000000s ]
INFO: [ app_init ] --END-- [ RunTime:0.000000s ]
INFO: [ app_begin ] --START--
INFO: Run Behavior\ReadHtmlCacheBehavior [ RunTime:0.001000s ]
INFO: [ app_begin ] --END-- [ RunTime:0.001000s ]
SQL: SHOW COLUMNS FROM `tp_productinfo` [ RunTime:0.0040s ]
SQL: SHOW COLUMNS FROM `tp_productinfo` [ RunTime:0.0040s ]
SQL: SELECT * FROM `tp_productinfo` WHERE `type_id` = 2 AND `is_show` = 1 LIMIT 15   [ RunTime:0.0010s ]
INFO: [ app_end ] --START--
INFO: Run Behavior\ShowPageTraceBehavior [ RunTime:0.000000s ]
INFO: [ app_end ] --END-- [ RunTime:0.000000s ]

[ 2018-11-01T15:50:04+08:00 ] ::1 /mall/index.php/UserInterface/Frontindex/classifyMenu?classifyid=3
INFO: [ app_init ] --START--
INFO: Run Behavior\BuildLiteBehavior [ RunTime:0.000000s ]
INFO: [ app_init ] --END-- [ RunTime:0.000000s ]
INFO: [ app_begin ] --START--
INFO: Run Behavior\ReadHtmlCacheBehavior [ RunTime:0.001000s ]
INFO: [ app_begin ] --END-- [ RunTime:0.001000s ]
SQL: SHOW COLUMNS FROM `tp_productinfo` [ RunTime:0.0050s ]
SQL: SHOW COLUMNS FROM `tp_productinfo` [ RunTime:0.0050s ]
SQL: SELECT * FROM `tp_productinfo` WHERE `type_id` = 3 AND `is_show` = 1 LIMIT 15   [ RunTime:0.0000s ]
INFO: [ app_end ] --START--
INFO: Run Behavior\ShowPageTraceBehavior [ RunTime:0.000000s ]
INFO: [ app_end ] --END-- [ RunTime:0.000000s ]

[ 2018-11-01T15:50:04+08:00 ] ::1 /mall/index.php/UserInterface/Frontindex/classifyMenu?classifyid=2
INFO: [ app_init ] --START--
INFO: Run Behavior\BuildLiteBehavior [ RunTime:0.000000s ]
INFO: [ app_init ] --END-- [ RunTime:0.000000s ]
INFO: [ app_begin ] --START--
INFO: Run Behavior\ReadHtmlCacheBehavior [ RunTime:0.001001s ]
INFO: [ app_begin ] --END-- [ RunTime:0.001001s ]
SQL: SHOW COLUMNS FROM `tp_productinfo` [ RunTime:0.0070s ]
SQL: SHOW COLUMNS FROM `tp_productinfo` [ RunTime:0.0060s ]
SQL: SELECT * FROM `tp_productinfo` WHERE `type_id` = 2 AND `is_show` = 1 LIMIT 15   [ RunTime:0.0010s ]
INFO: [ app_end ] --START--
INFO: Run Behavior\ShowPageTraceBehavior [ RunTime:0.000000s ]
INFO: [ app_end ] --END-- [ RunTime:0.000000s ]

[ 2018-11-01T15:50:04+08:00 ] ::1 /mall/index.php/UserInterface/Frontindex/classifyMenu?classifyid=1
INFO: [ app_init ] --START--
INFO: Run Behavior\BuildLiteBehavior [ RunTime:0.000000s ]
INFO: [ app_init ] --END-- [ RunTime:0.001000s ]
INFO: [ app_begin ] --START--
INFO: Run Behavior\ReadHtmlCacheBehavior [ RunTime:0.001000s ]
INFO: [ app_begin ] --END-- [ RunTime:0.001000s ]
SQL: SHOW COLUMNS FROM `tp_productinfo` [ RunTime:0.0060s ]
SQL: SHOW COLUMNS FROM `tp_productinfo` [ RunTime:0.0050s ]
SQL: SELECT * FROM `tp_productinfo` WHERE `type_id` = 1 AND `is_show` = 1 LIMIT 15   [ RunTime:0.0000s ]
INFO: [ app_end ] --START--
INFO: Run Behavior\ShowPageTraceBehavior [ RunTime:0.001000s ]
INFO: [ app_end ] --END-- [ RunTime:0.001000s ]

[ 2018-11-01T15:50:05+08:00 ] ::1 /mall/index.php/UserInterface/Frontindex/classifyMenu?classifyid=18
INFO: [ app_init ] --START--
INFO: Run Behavior\BuildLiteBehavior [ RunTime:0.000000s ]
INFO: [ app_init ] --END-- [ RunTime:0.000000s ]
INFO: [ app_begin ] --START--
INFO: Run Behavior\ReadHtmlCacheBehavior [ RunTime:0.001000s ]
INFO: [ app_begin ] --END-- [ RunTime:0.001000s ]
SQL: SHOW COLUMNS FROM `tp_productinfo` [ RunTime:0.0060s ]
SQL: SHOW COLUMNS FROM `tp_productinfo` [ RunTime:0.0060s ]
SQL: SELECT * FROM `tp_productinfo` WHERE `type_id` = 18 AND `is_show` = 1 LIMIT 15   [ RunTime:0.0010s ]
INFO: [ app_end ] --START--
INFO: Run Behavior\ShowPageTraceBehavior [ RunTime:0.000000s ]
INFO: [ app_end ] --END-- [ RunTime:0.001000s ]

[ 2018-11-01T15:50:20+08:00 ] ::1 /mall/index.php/UserInterface/Frontindex/classifyMenu?classifyid=1
INFO: [ app_init ] --START--
INFO: Run Behavior\BuildLiteBehavior [ RunTime:0.000000s ]
INFO: [ app_init ] --END-- [ RunTime:0.001000s ]
INFO: [ app_begin ] --START--
INFO: Run Behavior\ReadHtmlCacheBehavior [ RunTime:0.001000s ]
INFO: [ app_begin ] --END-- [ RunTime:0.001000s ]
SQL: SHOW COLUMNS FROM `tp_productinfo` [ RunTime:0.0060s ]
SQL: SHOW COLUMNS FROM `tp_productinfo` [ RunTime:0.0060s ]
SQL: SELECT * FROM `tp_productinfo` WHERE `type_id` = 1 AND `is_show` = 1 LIMIT 15   [ RunTime:0.0010s ]
INFO: [ app_end ] --START--
INFO: Run Behavior\ShowPageTraceBehavior [ RunTime:0.001000s ]
INFO: [ app_end ] --END-- [ RunTime:0.001000s ]

[ 2018-11-01T15:50:20+08:00 ] ::1 /mall/index.php/UserInterface/Frontindex/classifyMenu?classifyid=11
INFO: [ app_init ] --START--
INFO: Run Behavior\BuildLiteBehavior [ RunTime:0.000000s ]
INFO: [ app_init ] --END-- [ RunTime:0.001000s ]
INFO: [ app_begin ] --START--
INFO: Run Behavior\ReadHtmlCacheBehavior [ RunTime:0.002000s ]
INFO: [ app_begin ] --END-- [ RunTime:0.002000s ]
SQL: SHOW COLUMNS FROM `tp_productinfo` [ RunTime:0.0100s ]
SQL: SHOW COLUMNS FROM `tp_productinfo` [ RunTime:0.0060s ]
SQL: SELECT * FROM `tp_productinfo` WHERE `type_id` = 11 AND `is_show` = 1 LIMIT 15   [ RunTime:0.0010s ]
INFO: [ app_end ] --START--
INFO: Run Behavior\ShowPageTraceBehavior [ RunTime:0.001000s ]
INFO: [ app_end ] --END-- [ RunTime:0.002000s ]

[ 2018-11-01T15:50:20+08:00 ] ::1 /mall/index.php/UserInterface/Frontindex/classifyMenu?classifyid=12
INFO: [ app_init ] --START--
INFO: Run Behavior\BuildLiteBehavior [ RunTime:0.000000s ]
INFO: [ app_init ] --END-- [ RunTime:0.001000s ]
INFO: [ app_begin ] --START--
INFO: Run Behavior\ReadHtmlCacheBehavior [ RunTime:0.001000s ]
INFO: [ app_begin ] --END-- [ RunTime:0.001000s ]
SQL: SHOW COLUMNS FROM `tp_productinfo` [ RunTime:0.0050s ]
SQL: SHOW COLUMNS FROM `tp_productinfo` [ RunTime:0.0040s ]
SQL: SELECT * FROM `tp_productinfo` WHERE `type_id` = 12 AND `is_show` = 1 LIMIT 15   [ RunTime:0.0000s ]
INFO: [ app_end ] --START--
INFO: Run Behavior\ShowPageTraceBehavior [ RunTime:0.000000s ]
INFO: [ app_end ] --END-- [ RunTime:0.000000s ]

[ 2018-11-01T15:50:22+08:00 ] ::1 /mall/index.php/UserInterface/Frontindex/classifyMenu?classifyid=12
INFO: [ app_init ] --START--
INFO: Run Behavior\BuildLiteBehavior [ RunTime:0.000000s ]
INFO: [ app_init ] --END-- [ RunTime:0.000000s ]
INFO: [ app_begin ] --START--
INFO: Run Behavior\ReadHtmlCacheBehavior [ RunTime:0.001001s ]
INFO: [ app_begin ] --END-- [ RunTime:0.001001s ]
SQL: SHOW COLUMNS FROM `tp_productinfo` [ RunTime:0.0060s ]
SQL: SHOW COLUMNS FROM `tp_productinfo` [ RunTime:0.0080s ]
SQL: SELECT * FROM `tp_productinfo` WHERE `type_id` = 12 AND `is_show` = 1 LIMIT 15   [ RunTime:0.0010s ]
INFO: [ app_end ] --START--
INFO: Run Behavior\ShowPageTraceBehavior [ RunTime:0.001001s ]
INFO: [ app_end ] --END-- [ RunTime:0.001001s ]

[ 2018-11-01T15:50:22+08:00 ] ::1 /mall/index.php/UserInterface/Frontindex/classifyMenu?classifyid=4
INFO: [ app_init ] --START--
INFO: Run Behavior\BuildLiteBehavior [ RunTime:0.000000s ]
INFO: [ app_init ] --END-- [ RunTime:0.001000s ]
INFO: [ app_begin ] --START--
INFO: Run Behavior\ReadHtmlCacheBehavior [ RunTime:0.002001s ]
INFO: [ app_begin ] --END-- [ RunTime:0.002001s ]
SQL: SHOW COLUMNS FROM `tp_productinfo` [ RunTime:0.0050s ]
SQL: SHOW COLUMNS FROM `tp_productinfo` [ RunTime:0.0060s ]
SQL: SELECT * FROM `tp_productinfo` WHERE `type_id` = 4 AND `is_show` = 1 LIMIT 15   [ RunTime:0.0010s ]
INFO: [ app_end ] --START--
INFO: Run Behavior\ShowPageTraceBehavior [ RunTime:0.001000s ]
INFO: [ app_end ] --END-- [ RunTime:0.001000s ]

[ 2018-11-01T15:50:22+08:00 ] ::1 /mall/index.php/UserInterface/Frontindex/classifyMenu?classifyid=3
INFO: [ app_init ] --START--
INFO: Run Behavior\BuildLiteBehavior [ RunTime:0.000000s ]
INFO: [ app_init ] --END-- [ RunTime:0.001000s ]
INFO: [ app_begin ] --START--
INFO: Run Behavior\ReadHtmlCacheBehavior [ RunTime:0.000000s ]
INFO: [ app_begin ] --END-- [ RunTime:0.000000s ]
SQL: SHOW COLUMNS FROM `tp_productinfo` [ RunTime:0.0060s ]
SQL: SHOW COLUMNS FROM `tp_productinfo` [ RunTime:0.0060s ]
SQL: SELECT * FROM `tp_productinfo` WHERE `type_id` = 3 AND `is_show` = 1 LIMIT 15   [ RunTime:0.0010s ]
INFO: [ app_end ] --START--
INFO: Run Behavior\ShowPageTraceBehavior [ RunTime:0.002000s ]
INFO: [ app_end ] --END-- [ RunTime:0.002000s ]

[ 2018-11-01T15:50:22+08:00 ] ::1 /mall/index.php/UserInterface/Frontindex/classifyMenu?classifyid=2
INFO: [ app_init ] --START--
INFO: Run Behavior\BuildLiteBehavior [ RunTime:0.000000s ]
INFO: [ app_init ] --END-- [ RunTime:0.000000s ]
INFO: [ app_begin ] --START--
INFO: Run Behavior\ReadHtmlCacheBehavior [ RunTime:0.000000s ]
INFO: [ app_begin ] --END-- [ RunTime:0.000000s ]
SQL: SHOW COLUMNS FROM `tp_productinfo` [ RunTime:0.0070s ]
SQL: SHOW COLUMNS FROM `tp_productinfo` [ RunTime:0.0040s ]
SQL: SELECT * FROM `tp_productinfo` WHERE `type_id` = 2 AND `is_show` = 1 LIMIT 15   [ RunTime:0.0010s ]
INFO: [ app_end ] --START--
INFO: Run Behavior\ShowPageTraceBehavior [ RunTime:0.001000s ]
INFO: [ app_end ] --END-- [ RunTime:0.001000s ]

[ 2018-11-01T15:50:22+08:00 ] ::1 /mall/index.php/UserInterface/Frontindex/classifyMenu?classifyid=1
INFO: [ app_init ] --START--
INFO: Run Behavior\BuildLiteBehavior [ RunTime:0.000000s ]
INFO: [ app_init ] --END-- [ RunTime:0.001000s ]
INFO: [ app_begin ] --START--
INFO: Run Behavior\ReadHtmlCacheBehavior [ RunTime:0.001000s ]
INFO: [ app_begin ] --END-- [ RunTime:0.001000s ]
SQL: SHOW COLUMNS FROM `tp_productinfo` [ RunTime:0.0060s ]
SQL: SHOW COLUMNS FROM `tp_productinfo` [ RunTime:0.0070s ]
SQL: SELECT * FROM `tp_productinfo` WHERE `type_id` = 1 AND `is_show` = 1 LIMIT 15   [ RunTime:0.0010s ]
INFO: [ app_end ] --START--
INFO: Run Behavior\ShowPageTraceBehavior [ RunTime:0.001000s ]
INFO: [ app_end ] --END-- [ RunTime:0.001000s ]

[ 2018-11-01T15:50:35+08:00 ] ::1 /mall/index.php/UserInterface/Frontindex/classifyMenu?classifyid=1
INFO: [ app_init ] --START--
INFO: Run Behavior\BuildLiteBehavior [ RunTime:0.000000s ]
INFO: [ app_init ] --END-- [ RunTime:0.000000s ]
INFO: [ app_begin ] --START--
INFO: Run Behavior\ReadHtmlCacheBehavior [ RunTime:0.001000s ]
INFO: [ app_begin ] --END-- [ RunTime:0.001000s ]
SQL: SHOW COLUMNS FROM `tp_productinfo` [ RunTime:0.0050s ]
SQL: SHOW COLUMNS FROM `tp_productinfo` [ RunTime:0.0040s ]
SQL: SELECT * FROM `tp_productinfo` WHERE `type_id` = 1 AND `is_show` = 1 LIMIT 15   [ RunTime:0.0010s ]
INFO: [ app_end ] --START--
INFO: Run Behavior\ShowPageTraceBehavior [ RunTime:0.002000s ]
INFO: [ app_end ] --END-- [ RunTime:0.002000s ]

[ 2018-11-01T15:50:35+08:00 ] ::1 /mall/index.php/UserInterface/Frontindex/classifyMenu?classifyid=11
INFO: [ app_init ] --START--
INFO: Run Behavior\BuildLiteBehavior [ RunTime:0.000000s ]
INFO: [ app_init ] --END-- [ RunTime:0.000000s ]
INFO: [ app_begin ] --START--
INFO: Run Behavior\ReadHtmlCacheBehavior [ RunTime:0.001000s ]
INFO: [ app_begin ] --END-- [ RunTime:0.001000s ]
SQL: SHOW COLUMNS FROM `tp_productinfo` [ RunTime:0.0070s ]
SQL: SHOW COLUMNS FROM `tp_productinfo` [ RunTime:0.0050s ]
SQL: SELECT * FROM `tp_productinfo` WHERE `type_id` = 11 AND `is_show` = 1 LIMIT 15   [ RunTime:0.0010s ]
INFO: [ app_end ] --START--
INFO: Run Behavior\ShowPageTraceBehavior [ RunTime:0.000000s ]
INFO: [ app_end ] --END-- [ RunTime:0.000000s ]

[ 2018-11-01T15:50:35+08:00 ] ::1 /mall/index.php/UserInterface/Frontindex/classifyMenu?classifyid=18
INFO: [ app_init ] --START--
INFO: Run Behavior\BuildLiteBehavior [ RunTime:0.000000s ]
INFO: [ app_init ] --END-- [ RunTime:0.001000s ]
INFO: [ app_begin ] --START--
INFO: Run Behavior\ReadHtmlCacheBehavior [ RunTime:0.001000s ]
INFO: [ app_begin ] --END-- [ RunTime:0.001000s ]
SQL: SHOW COLUMNS FROM `tp_productinfo` [ RunTime:0.0040s ]
SQL: SHOW COLUMNS FROM `tp_productinfo` [ RunTime:0.0050s ]
SQL: SELECT * FROM `tp_productinfo` WHERE `type_id` = 18 AND `is_show` = 1 LIMIT 15   [ RunTime:0.0010s ]
INFO: [ app_end ] --START--
INFO: Run Behavior\ShowPageTraceBehavior [ RunTime:0.001000s ]
INFO: [ app_end ] --END-- [ RunTime:0.001000s ]

[ 2018-11-01T15:50:41+08:00 ] ::1 /mall/index.php/UserInterface/Frontindex/classifyMenu?classifyid=19
INFO: [ app_init ] --START--
INFO: Run Behavior\BuildLiteBehavior [ RunTime:0.000000s ]
INFO: [ app_init ] --END-- [ RunTime:0.002000s ]
INFO: [ app_begin ] --START--
INFO: Run Behavior\ReadHtmlCacheBehavior [ RunTime:0.002000s ]
INFO: [ app_begin ] --END-- [ RunTime:0.002000s ]
SQL: SHOW COLUMNS FROM `tp_productinfo` [ RunTime:0.0070s ]
SQL: SHOW COLUMNS FROM `tp_productinfo` [ RunTime:0.0050s ]
SQL: SELECT * FROM `tp_productinfo` WHERE `type_id` = 19 AND `is_show` = 1 LIMIT 15   [ RunTime:0.0010s ]
INFO: [ app_end ] --START--
INFO: Run Behavior\ShowPageTraceBehavior [ RunTime:0.001000s ]
INFO: [ app_end ] --END-- [ RunTime:0.002000s ]

[ 2018-11-01T15:50:41+08:00 ] ::1 /mall/index.php/UserInterface/Frontindex/classifyMenu?classifyid=12
INFO: [ app_init ] --START--
INFO: Run Behavior\BuildLiteBehavior [ RunTime:0.000000s ]
INFO: [ app_init ] --END-- [ RunTime:0.001000s ]
INFO: [ app_begin ] --START--
INFO: Run Behavior\ReadHtmlCacheBehavior [ RunTime:0.000000s ]
INFO: [ app_begin ] --END-- [ RunTime:0.000000s ]
SQL: SHOW COLUMNS FROM `tp_productinfo` [ RunTime:0.0080s ]
SQL: SHOW COLUMNS FROM `tp_productinfo` [ RunTime:0.0050s ]
SQL: SELECT * FROM `tp_productinfo` WHERE `type_id` = 12 AND `is_show` = 1 LIMIT 15   [ RunTime:0.0010s ]
INFO: [ app_end ] --START--
INFO: Run Behavior\ShowPageTraceBehavior [ RunTime:0.001000s ]
INFO: [ app_end ] --END-- [ RunTime:0.001000s ]

[ 2018-11-01T15:50:41+08:00 ] ::1 /mall/index.php/UserInterface/Frontindex/classifyMenu?classifyid=11
INFO: [ app_init ] --START--
INFO: Run Behavior\BuildLiteBehavior [ RunTime:0.000000s ]
INFO: [ app_init ] --END-- [ RunTime:0.000000s ]
INFO: [ app_begin ] --START--
INFO: Run Behavior\ReadHtmlCacheBehavior [ RunTime:0.001000s ]
INFO: [ app_begin ] --END-- [ RunTime:0.001000s ]
SQL: SHOW COLUMNS FROM `tp_productinfo` [ RunTime:0.0040s ]
SQL: SHOW COLUMNS FROM `tp_productinfo` [ RunTime:0.0070s ]
SQL: SELECT * FROM `tp_productinfo` WHERE `type_id` = 11 AND `is_show` = 1 LIMIT 15   [ RunTime:0.0000s ]
INFO: [ app_end ] --START--
INFO: Run Behavior\ShowPageTraceBehavior [ RunTime:0.001000s ]
INFO: [ app_end ] --END-- [ RunTime:0.001000s ]

[ 2018-11-01T15:50:41+08:00 ] ::1 /mall/index.php/UserInterface/Frontindex/classifyMenu?classifyid=4
INFO: [ app_init ] --START--
INFO: Run Behavior\BuildLiteBehavior [ RunTime:0.000000s ]
INFO: [ app_init ] --END-- [ RunTime:0.001000s ]
INFO: [ app_begin ] --START--
INFO: Run Behavior\ReadHtmlCacheBehavior [ RunTime:0.000000s ]
INFO: [ app_begin ] --END-- [ RunTime:0.000000s ]
SQL: SHOW COLUMNS FROM `tp_productinfo` [ RunTime:0.0040s ]
SQL: SHOW COLUMNS FROM `tp_productinfo` [ RunTime:0.0040s ]
SQL: SELECT * FROM `tp_productinfo` WHERE `type_id` = 4 AND `is_show` = 1 LIMIT 15   [ RunTime:0.0000s ]
INFO: [ app_end ] --START--
INFO: Run Behavior\ShowPageTraceBehavior [ RunTime:0.000000s ]
INFO: [ app_end ] --END-- [ RunTime:0.000000s ]

[ 2018-11-01T15:50:41+08:00 ] ::1 /mall/index.php/UserInterface/Frontindex/classifyMenu?classifyid=3
INFO: [ app_init ] --START--
INFO: Run Behavior\BuildLiteBehavior [ RunTime:0.000000s ]
INFO: [ app_init ] --END-- [ RunTime:0.000000s ]
INFO: [ app_begin ] --START--
INFO: Run Behavior\ReadHtmlCacheBehavior [ RunTime:0.001000s ]
INFO: [ app_begin ] --END-- [ RunTime:0.001000s ]
SQL: SHOW COLUMNS FROM `tp_productinfo` [ RunTime:0.0040s ]
SQL: SHOW COLUMNS FROM `tp_productinfo` [ RunTime:0.0030s ]
SQL: SELECT * FROM `tp_productinfo` WHERE `type_id` = 3 AND `is_show` = 1 LIMIT 15   [ RunTime:0.0000s ]
INFO: [ app_end ] --START--
INFO: Run Behavior\ShowPageTraceBehavior [ RunTime:0.001000s ]
INFO: [ app_end ] --END-- [ RunTime:0.001000s ]

[ 2018-11-01T15:50:42+08:00 ] ::1 /mall/index.php/UserInterface/Frontindex/classifyMenu?classifyid=2
INFO: [ app_init ] --START--
INFO: Run Behavior\BuildLiteBehavior [ RunTime:0.000000s ]
INFO: [ app_init ] --END-- [ RunTime:0.001000s ]
INFO: [ app_begin ] --START--
INFO: Run Behavior\ReadHtmlCacheBehavior [ RunTime:0.001000s ]
INFO: [ app_begin ] --END-- [ RunTime:0.001000s ]
SQL: SHOW COLUMNS FROM `tp_productinfo` [ RunTime:0.0030s ]
SQL: SHOW COLUMNS FROM `tp_productinfo` [ RunTime:0.0040s ]
SQL: SELECT * FROM `tp_productinfo` WHERE `type_id` = 2 AND `is_show` = 1 LIMIT 15   [ RunTime:0.0000s ]
INFO: [ app_end ] --START--
INFO: Run Behavior\ShowPageTraceBehavior [ RunTime:0.001000s ]
INFO: [ app_end ] --END-- [ RunTime:0.001000s ]

[ 2018-11-01T15:50:42+08:00 ] ::1 /mall/index.php/UserInterface/Frontindex/classifyMenu?classifyid=1
INFO: [ app_init ] --START--
INFO: Run Behavior\BuildLiteBehavior [ RunTime:0.000000s ]
INFO: [ app_init ] --END-- [ RunTime:0.001000s ]
INFO: [ app_begin ] --START--
INFO: Run Behavior\ReadHtmlCacheBehavior [ RunTime:0.001000s ]
INFO: [ app_begin ] --END-- [ RunTime:0.001000s ]
SQL: SHOW COLUMNS FROM `tp_productinfo` [ RunTime:0.0050s ]
SQL: SHOW COLUMNS FROM `tp_productinfo` [ RunTime:0.0060s ]
SQL: SELECT * FROM `tp_productinfo` WHERE `type_id` = 1 AND `is_show` = 1 LIMIT 15   [ RunTime:0.0000s ]
INFO: [ app_end ] --START--
INFO: Run Behavior\ShowPageTraceBehavior [ RunTime:0.001000s ]
INFO: [ app_end ] --END-- [ RunTime:0.001000s ]

[ 2018-11-01T15:50:49+08:00 ] ::1 /mall/index.php/UserInterface/Frontindex/classifyMenu?classifyid=4
INFO: [ app_init ] --START--
INFO: Run Behavior\BuildLiteBehavior [ RunTime:0.000000s ]
INFO: [ app_init ] --END-- [ RunTime:0.001000s ]
INFO: [ app_begin ] --START--
INFO: Run Behavior\ReadHtmlCacheBehavior [ RunTime:0.000000s ]
INFO: [ app_begin ] --END-- [ RunTime:0.000000s ]
SQL: SHOW COLUMNS FROM `tp_productinfo` [ RunTime:0.0070s ]
SQL: SHOW COLUMNS FROM `tp_productinfo` [ RunTime:0.0040s ]
SQL: SELECT * FROM `tp_productinfo` WHERE `type_id` = 4 AND `is_show` = 1 LIMIT 15   [ RunTime:0.0010s ]
INFO: [ app_end ] --START--
INFO: Run Behavior\ShowPageTraceBehavior [ RunTime:0.001000s ]
INFO: [ app_end ] --END-- [ RunTime:0.001000s ]

[ 2018-11-01T15:50:49+08:00 ] ::1 /mall/index.php/UserInterface/Frontindex/classifyMenu?classifyid=11
INFO: [ app_init ] --START--
INFO: Run Behavior\BuildLiteBehavior [ RunTime:0.000000s ]
INFO: [ app_init ] --END-- [ RunTime:0.000000s ]
INFO: [ app_begin ] --START--
INFO: Run Behavior\ReadHtmlCacheBehavior [ RunTime:0.000000s ]
INFO: [ app_begin ] --END-- [ RunTime:0.000000s ]
SQL: SHOW COLUMNS FROM `tp_productinfo` [ RunTime:0.0090s ]
SQL: SHOW COLUMNS FROM `tp_productinfo` [ RunTime:0.0070s ]
SQL: SELECT * FROM `tp_productinfo` WHERE `type_id` = 11 AND `is_show` = 1 LIMIT 15   [ RunTime:0.0010s ]
INFO: [ app_end ] --START--
INFO: Run Behavior\ShowPageTraceBehavior [ RunTime:0.002000s ]
INFO: [ app_end ] --END-- [ RunTime:0.002000s ]

[ 2018-11-01T15:50:49+08:00 ] ::1 /mall/index.php/UserInterface/Frontindex/classifyMenu?classifyid=18
INFO: [ app_init ] --START--
INFO: Run Behavior\BuildLiteBehavior [ RunTime:0.000000s ]
INFO: [ app_init ] --END-- [ RunTime:0.001000s ]
INFO: [ app_begin ] --START--
INFO: Run Behavior\ReadHtmlCacheBehavior [ RunTime:0.001000s ]
INFO: [ app_begin ] --END-- [ RunTime:0.001000s ]
SQL: SHOW COLUMNS FROM `tp_productinfo` [ RunTime:0.0090s ]
SQL: SHOW COLUMNS FROM `tp_productinfo` [ RunTime:0.0090s ]
SQL: SELECT * FROM `tp_productinfo` WHERE `type_id` = 18 AND `is_show` = 1 LIMIT 15   [ RunTime:0.0000s ]
INFO: [ app_end ] --START--
INFO: Run Behavior\ShowPageTraceBehavior [ RunTime:0.002000s ]
INFO: [ app_end ] --END-- [ RunTime:0.002000s ]

[ 2018-11-01T15:50:49+08:00 ] ::1 /mall/index.php/UserInterface/Frontindex/classifyMenu?classifyid=19
INFO: [ app_init ] --START--
INFO: Run Behavior\BuildLiteBehavior [ RunTime:0.000000s ]
INFO: [ app_init ] --END-- [ RunTime:0.002001s ]
INFO: [ app_begin ] --START--
INFO: Run Behavior\ReadHtmlCacheBehavior [ RunTime:0.002000s ]
INFO: [ app_begin ] --END-- [ RunTime:0.002000s ]
SQL: SHOW COLUMNS FROM `tp_productinfo` [ RunTime:0.0050s ]
SQL: SHOW COLUMNS FROM `tp_productinfo` [ RunTime:0.0030s ]
SQL: SELECT * FROM `tp_productinfo` WHERE `type_id` = 19 AND `is_show` = 1 LIMIT 15   [ RunTime:0.0000s ]
INFO: [ app_end ] --START--
INFO: Run Behavior\ShowPageTraceBehavior [ RunTime:0.001000s ]
INFO: [ app_end ] --END-- [ RunTime:0.001000s ]

[ 2018-11-01T15:53:20+08:00 ] ::1 /mall/index.php/UserInterface/Frontindex/index
INFO: [ app_init ] --START--
INFO: Run Behavior\BuildLiteBehavior [ RunTime:0.001000s ]
INFO: [ app_init ] --END-- [ RunTime:0.001000s ]
INFO: [ app_begin ] --START--
INFO: Run Behavior\ReadHtmlCacheBehavior [ RunTime:0.001000s ]
INFO: [ app_begin ] --END-- [ RunTime:0.001000s ]
SQL: SHOW COLUMNS FROM `tp_ptype` [ RunTime:0.0040s ]
SQL: SHOW COLUMNS FROM `tp_productinfo` [ RunTime:0.0040s ]
SQL: SHOW COLUMNS FROM `tp_ptype` [ RunTime:0.0040s ]
SQL: SELECT * FROM `tp_ptype`  [ RunTime:0.0000s ]
SQL: SHOW COLUMNS FROM `tp_productinfo` [ RunTime:0.0040s ]
SQL: SELECT * FROM `tp_productinfo` WHERE `is_recommend` = 1 AND `is_show` = 1 ORDER BY product_sort LIMIT 10   [ RunTime:0.0010s ]
SQL: SELECT * FROM `tp_productinfo` WHERE `is_recommend` = 0 AND `is_show` = 1 ORDER BY product_sort LIMIT 10   [ RunTime:0.0000s ]
NOTIC: [8] Undefined index: car D:\phpStudy\WWW\mall\Application\UserInterface\Controller\FrontindexController.class.php 第 32 行.
NOTIC: [8] Undefined index: userdata D:\phpStudy\WWW\mall\Application\UserInterface\Controller\FrontindexController.class.php 第 33 行.
INFO: [ view_parse ] --START--
INFO: [ template_filter ] --START--
INFO: Run Behavior\ContentReplaceBehavior [ RunTime:0.000000s ]
INFO: [ template_filter ] --END-- [ RunTime:0.000000s ]
INFO: Run Behavior\ParseTemplateBehavior [ RunTime:0.018001s ]
INFO: [ view_parse ] --END-- [ RunTime:0.018001s ]
INFO: [ view_filter ] --START--
INFO: Run Behavior\WriteHtmlCacheBehavior [ RunTime:0.001000s ]
INFO: [ view_filter ] --END-- [ RunTime:0.001000s ]
INFO: [ app_end ] --START--
INFO: Run Behavior\ShowPageTraceBehavior [ RunTime:0.001000s ]
INFO: [ app_end ] --END-- [ RunTime:0.001000s ]

[ 2018-11-01T15:53:20+08:00 ] ::1 /mall/index.php/UserInterface/Frontindex/images/logo.png
INFO: [ app_init ] --START--
INFO: Run Behavior\BuildLiteBehavior [ RunTime:0.000000s ]
INFO: [ app_init ] --END-- [ RunTime:0.000000s ]

[ 2018-11-01T15:53:20+08:00 ] ::1 /mall/index.php/UserInterface/Frontindex/images/facebook.png
INFO: [ app_init ] --START--
INFO: Run Behavior\BuildLiteBehavior [ RunTime:0.000000s ]
INFO: [ app_init ] --END-- [ RunTime:0.001000s ]

[ 2018-11-01T15:53:20+08:00 ] ::1 /mall/index.php/UserInterface/Frontindex/images/twitter.png
INFO: [ app_init ] --START--
INFO: Run Behavior\BuildLiteBehavior [ RunTime:0.000000s ]
INFO: [ app_init ] --END-- [ RunTime:0.001000s ]

[ 2018-11-01T15:53:20+08:00 ] ::1 /mall/index.php/UserInterface/Frontindex/images/skype.png
INFO: [ app_init ] --START--
INFO: Run Behavior\BuildLiteBehavior [ RunTime:0.000000s ]
INFO: [ app_init ] --END-- [ RunTime:0.001000s ]

[ 2018-11-01T15:53:20+08:00 ] ::1 /mall/index.php/UserInterface/Frontindex/images/linkedin.png
INFO: [ app_init ] --START--
INFO: Run Behavior\BuildLiteBehavior [ RunTime:0.000000s ]
INFO: [ app_init ] --END-- [ RunTime:0.000000s ]

